2023-11-28 05:24:08 URL:http://ftp.us.debian.org/debian/dists/bookworm/InRelease [151037/151037] -> "/root/build/rootfs/var/lib/apt/lists/partial/ftp.us.debian.org_debian_dists_bookworm_InRelease" [1]
gpgv: Signature made Sat Oct  7 09:30:04 2023 UTC
gpgv:                using RSA key A7236886F3CCCAAD148A27F80E98404D386FA1D9
gpgv: Can't check signature: No public key
gpgv: Signature made Sat Oct  7 09:30:05 2023 UTC
gpgv:                using RSA key 4CB50190207B4758A3F73A796ED0E7B82643E131
gpgv: Good signature from "Debian Archive Automatic Signing Key (12/bookworm) <ftpmaster@debian.org>"
gpgv: Signature made Sat Oct  7 09:38:14 2023 UTC
gpgv:                using EDDSA key 4D64FEC119C2029067D6E791F8D2585B8783D481
gpgv: Can't check signature: No public key
2023-11-28 05:24:11 URL:http://ftp.us.debian.org/debian/dists/bookworm/main/binary-amd64/by-hash/SHA256/4990c49517def41941c0395a8d007bf50767d3caeff30858a100de542bde295b [8780256/8780256] -> "/root/build/rootfs/var/lib/apt/lists/partial/ftp.us.debian.org_debian_dists_bookworm_main_binary-amd64_Packages.xz" [1]
2023-11-28 05:24:28 URL:http://ftp.us.debian.org/debian/pool/main/a/acl/libacl1_2.3.1-3_amd64.deb [31488/31488] -> "/root/build/rootfs//var/cache/apt/archives/partial/libacl1_2.3.1-3_amd64.deb" [1]
2023-11-28 05:24:28 URL:http://ftp.us.debian.org/debian/pool/main/a/adduser/adduser_3.134_all.deb [183272/183272] -> "/root/build/rootfs//var/cache/apt/archives/partial/adduser_3.134_all.deb" [1]
2023-11-28 05:24:28 URL:http://ftp.us.debian.org/debian/pool/main/a/apparmor/libapparmor1_3.0.8-3_amd64.deb [41192/41192] -> "/root/build/rootfs//var/cache/apt/archives/partial/libapparmor1_3.0.8-3_amd64.deb" [1]
2023-11-28 05:24:29 URL:http://ftp.us.debian.org/debian/pool/main/a/apt/apt_2.6.1_amd64.deb [1372852/1372852] -> "/root/build/rootfs//var/cache/apt/archives/partial/apt_2.6.1_amd64.deb" [1]
2023-11-28 05:24:29 URL:http://ftp.us.debian.org/debian/pool/main/a/apt/libapt-pkg6.0_2.6.1_amd64.deb [907236/907236] -> "/root/build/rootfs//var/cache/apt/archives/partial/libapt-pkg6.0_2.6.1_amd64.deb" [1]
2023-11-28 05:24:29 URL:http://ftp.us.debian.org/debian/pool/main/a/argon2/libargon2-1_0~20171227-0.3+deb12u1_amd64.deb [19432/19432] -> "/root/build/rootfs//var/cache/apt/archives/partial/libargon2-1_0~20171227-0.3+deb12u1_amd64.deb" [1]
2023-11-28 05:24:29 URL:http://ftp.us.debian.org/debian/pool/main/a/attr/libattr1_2.5.1-4_amd64.deb [22164/22164] -> "/root/build/rootfs//var/cache/apt/archives/partial/libattr1_1%3a2.5.1-4_amd64.deb" [1]
2023-11-28 05:24:29 URL:http://ftp.us.debian.org/debian/pool/main/a/audit/libaudit-common_3.0.9-1_all.deb [10448/10448] -> "/root/build/rootfs//var/cache/apt/archives/partial/libaudit-common_1%3a3.0.9-1_all.deb" [1]
2023-11-28 05:24:29 URL:http://ftp.us.debian.org/debian/pool/main/a/audit/libaudit1_3.0.9-1_amd64.deb [46764/46764] -> "/root/build/rootfs//var/cache/apt/archives/partial/libaudit1_1%3a3.0.9-1_amd64.deb" [1]
2023-11-28 05:24:29 URL:http://ftp.us.debian.org/debian/pool/main/b/base-files/base-files_12.4+deb12u2_amd64.deb [70680/70680] -> "/root/build/rootfs//var/cache/apt/archives/partial/base-files_12.4+deb12u2_amd64.deb" [1]
2023-11-28 05:24:30 URL:http://ftp.us.debian.org/debian/pool/main/b/base-passwd/base-passwd_3.6.1_amd64.deb [59972/59972] -> "/root/build/rootfs//var/cache/apt/archives/partial/base-passwd_3.6.1_amd64.deb" [1]
2023-11-28 05:24:30 URL:http://ftp.us.debian.org/debian/pool/main/b/bash/bash_5.2.15-2+b2_amd64.deb [1490660/1490660] -> "/root/build/rootfs//var/cache/apt/archives/partial/bash_5.2.15-2+b2_amd64.deb" [1]
2023-11-28 05:24:30 URL:http://ftp.us.debian.org/debian/pool/main/b/bzip2/libbz2-1.0_1.0.8-5+b1_amd64.deb [47348/47348] -> "/root/build/rootfs//var/cache/apt/archives/partial/libbz2-1.0_1.0.8-5+b1_amd64.deb" [1]
2023-11-28 05:24:30 URL:http://ftp.us.debian.org/debian/pool/main/c/cdebconf/libdebconfclient0_0.270_amd64.deb [9900/9900] -> "/root/build/rootfs//var/cache/apt/archives/partial/libdebconfclient0_0.270_amd64.deb" [1]
2023-11-28 05:24:31 URL:http://ftp.us.debian.org/debian/pool/main/c/coreutils/coreutils_9.1-1_amd64.deb [2896560/2896560] -> "/root/build/rootfs//var/cache/apt/archives/partial/coreutils_9.1-1_amd64.deb" [1]
2023-11-28 05:24:31 URL:http://ftp.us.debian.org/debian/pool/main/c/cryptsetup/libcryptsetup12_2.6.1-4~deb12u1_amd64.deb [223188/223188] -> "/root/build/rootfs//var/cache/apt/archives/partial/libcryptsetup12_2%3a2.6.1-4~deb12u1_amd64.deb" [1]
2023-11-28 05:24:31 URL:http://ftp.us.debian.org/debian/pool/main/d/dash/dash_0.5.12-2_amd64.deb [91848/91848] -> "/root/build/rootfs//var/cache/apt/archives/partial/dash_0.5.12-2_amd64.deb" [1]
2023-11-28 05:24:31 URL:http://ftp.us.debian.org/debian/pool/main/d/db5.3/libdb5.3_5.3.28+dfsg2-1_amd64.deb [697412/697412] -> "/root/build/rootfs//var/cache/apt/archives/partial/libdb5.3_5.3.28+dfsg2-1_amd64.deb" [1]
2023-11-28 05:24:31 URL:http://ftp.us.debian.org/debian/pool/main/d/dbus/dbus_1.14.10-1~deb12u1_amd64.deb [97360/97360] -> "/root/build/rootfs//var/cache/apt/archives/partial/dbus_1.14.10-1~deb12u1_amd64.deb" [1]
2023-11-28 05:24:32 URL:http://ftp.us.debian.org/debian/pool/main/d/dbus/dbus-bin_1.14.10-1~deb12u1_amd64.deb [105356/105356] -> "/root/build/rootfs//var/cache/apt/archives/partial/dbus-bin_1.14.10-1~deb12u1_amd64.deb" [1]
2023-11-28 05:24:32 URL:http://ftp.us.debian.org/debian/pool/main/d/dbus/dbus-daemon_1.14.10-1~deb12u1_amd64.deb [183656/183656] -> "/root/build/rootfs//var/cache/apt/archives/partial/dbus-daemon_1.14.10-1~deb12u1_amd64.deb" [1]
2023-11-28 05:24:32 URL:http://ftp.us.debian.org/debian/pool/main/d/dbus/dbus-session-bus-common_1.14.10-1~deb12u1_all.deb [78232/78232] -> "/root/build/rootfs//var/cache/apt/archives/partial/dbus-session-bus-common_1.14.10-1~deb12u1_all.deb" [1]
2023-11-28 05:24:32 URL:http://ftp.us.debian.org/debian/pool/main/d/dbus/dbus-system-bus-common_1.14.10-1~deb12u1_all.deb [79344/79344] -> "/root/build/rootfs//var/cache/apt/archives/partial/dbus-system-bus-common_1.14.10-1~deb12u1_all.deb" [1]
2023-11-28 05:24:32 URL:http://ftp.us.debian.org/debian/pool/main/d/dbus/libdbus-1-3_1.14.10-1~deb12u1_amd64.deb [201240/201240] -> "/root/build/rootfs//var/cache/apt/archives/partial/libdbus-1-3_1.14.10-1~deb12u1_amd64.deb" [1]
2023-11-28 05:24:32 URL:http://ftp.us.debian.org/debian/pool/main/d/debconf/debconf_1.5.82_all.deb [121212/121212] -> "/root/build/rootfs//var/cache/apt/archives/partial/debconf_1.5.82_all.deb" [1]
2023-11-28 05:24:33 URL:http://ftp.us.debian.org/debian/pool/main/d/debian-archive-keyring/debian-archive-keyring_2023.3+deb12u1_all.deb [160776/160776] -> "/root/build/rootfs//var/cache/apt/archives/partial/debian-archive-keyring_2023.3+deb12u1_all.deb" [1]
2023-11-28 05:24:33 URL:http://ftp.us.debian.org/debian/pool/main/d/debianutils/debianutils_5.7-0.5~deb12u1_amd64.deb [102588/102588] -> "/root/build/rootfs//var/cache/apt/archives/partial/debianutils_5.7-0.5~deb12u1_amd64.deb" [1]
2023-11-28 05:24:33 URL:http://ftp.us.debian.org/debian/pool/main/d/diffutils/diffutils_3.8-4_amd64.deb [351740/351740] -> "/root/build/rootfs//var/cache/apt/archives/partial/diffutils_1%3a3.8-4_amd64.deb" [1]
2023-11-28 05:24:33 URL:http://ftp.us.debian.org/debian/pool/main/d/dpkg/dpkg_1.21.22_amd64.deb [1567356/1567356] -> "/root/build/rootfs//var/cache/apt/archives/partial/dpkg_1.21.22_amd64.deb" [1]
2023-11-28 05:24:34 URL:http://ftp.us.debian.org/debian/pool/main/e/e2fsprogs/e2fsprogs_1.47.0-2_amd64.deb [571372/571372] -> "/root/build/rootfs//var/cache/apt/archives/partial/e2fsprogs_1.47.0-2_amd64.deb" [1]
2023-11-28 05:24:34 URL:http://ftp.us.debian.org/debian/pool/main/e/e2fsprogs/libcom-err2_1.47.0-2_amd64.deb [19760/19760] -> "/root/build/rootfs//var/cache/apt/archives/partial/libcom-err2_1.47.0-2_amd64.deb" [1]
2023-11-28 05:24:34 URL:http://ftp.us.debian.org/debian/pool/main/e/e2fsprogs/libext2fs2_1.47.0-2_amd64.deb [204824/204824] -> "/root/build/rootfs//var/cache/apt/archives/partial/libext2fs2_1.47.0-2_amd64.deb" [1]
2023-11-28 05:24:34 URL:http://ftp.us.debian.org/debian/pool/main/e/e2fsprogs/libss2_1.47.0-2_amd64.deb [24504/24504] -> "/root/build/rootfs//var/cache/apt/archives/partial/libss2_1.47.0-2_amd64.deb" [1]
2023-11-28 05:24:34 URL:http://ftp.us.debian.org/debian/pool/main/e/e2fsprogs/logsave_1.47.0-2_amd64.deb [19588/19588] -> "/root/build/rootfs//var/cache/apt/archives/partial/logsave_1.47.0-2_amd64.deb" [1]
2023-11-28 05:24:34 URL:http://ftp.us.debian.org/debian/pool/main/e/expat/libexpat1_2.5.0-1_amd64.deb [99340/99340] -> "/root/build/rootfs//var/cache/apt/archives/partial/libexpat1_2.5.0-1_amd64.deb" [1]
2023-11-28 05:24:34 URL:http://ftp.us.debian.org/debian/pool/main/f/findutils/findutils_4.9.0-4_amd64.deb [635500/635500] -> "/root/build/rootfs//var/cache/apt/archives/partial/findutils_4.9.0-4_amd64.deb" [1]
2023-11-28 05:24:35 URL:http://ftp.us.debian.org/debian/pool/main/g/gcc-12/gcc-12-base_12.2.0-14_amd64.deb [37480/37480] -> "/root/build/rootfs//var/cache/apt/archives/partial/gcc-12-base_12.2.0-14_amd64.deb" [1]
2023-11-28 05:24:35 URL:http://ftp.us.debian.org/debian/pool/main/g/gcc-12/libgcc-s1_12.2.0-14_amd64.deb [49892/49892] -> "/root/build/rootfs//var/cache/apt/archives/partial/libgcc-s1_12.2.0-14_amd64.deb" [1]
2023-11-28 05:24:35 URL:http://ftp.us.debian.org/debian/pool/main/g/gcc-12/libstdc++6_12.2.0-14_amd64.deb [614004/614004] -> "/root/build/rootfs//var/cache/apt/archives/partial/libstdc++6_12.2.0-14_amd64.deb" [1]
2023-11-28 05:24:35 URL:http://ftp.us.debian.org/debian/pool/main/g/gdbm/libgdbm-compat4_1.23-3_amd64.deb [48156/48156] -> "/root/build/rootfs//var/cache/apt/archives/partial/libgdbm-compat4_1.23-3_amd64.deb" [1]
2023-11-28 05:24:35 URL:http://ftp.us.debian.org/debian/pool/main/g/gdbm/libgdbm6_1.23-3_amd64.deb [72248/72248] -> "/root/build/rootfs//var/cache/apt/archives/partial/libgdbm6_1.23-3_amd64.deb" [1]
2023-11-28 05:24:35 URL:http://ftp.us.debian.org/debian/pool/main/g/glibc/libc-bin_2.36-9+deb12u2_amd64.deb [605800/605800] -> "/root/build/rootfs//var/cache/apt/archives/partial/libc-bin_2.36-9+deb12u2_amd64.deb" [1]
2023-11-28 05:24:36 URL:http://ftp.us.debian.org/debian/pool/main/g/glibc/libc6_2.36-9+deb12u2_amd64.deb [2755124/2755124] -> "/root/build/rootfs//var/cache/apt/archives/partial/libc6_2.36-9+deb12u2_amd64.deb" [1]
2023-11-28 05:24:36 URL:http://ftp.us.debian.org/debian/pool/main/g/gmp/libgmp10_6.2.1+dfsg1-1.1_amd64.deb [562588/562588] -> "/root/build/rootfs//var/cache/apt/archives/partial/libgmp10_2%3a6.2.1+dfsg1-1.1_amd64.deb" [1]
2023-11-28 05:24:36 URL:http://ftp.us.debian.org/debian/pool/main/g/gnupg2/gpgv_2.2.40-1.1_amd64.deb [648396/648396] -> "/root/build/rootfs//var/cache/apt/archives/partial/gpgv_2.2.40-1.1_amd64.deb" [1]
2023-11-28 05:24:37 URL:http://ftp.us.debian.org/debian/pool/main/g/gnutls28/libgnutls30_3.7.9-2_amd64.deb [1402912/1402912] -> "/root/build/rootfs//var/cache/apt/archives/partial/libgnutls30_3.7.9-2_amd64.deb" [1]
2023-11-28 05:24:37 URL:http://ftp.us.debian.org/debian/pool/main/g/grep/grep_3.8-5_amd64.deb [421444/421444] -> "/root/build/rootfs//var/cache/apt/archives/partial/grep_3.8-5_amd64.deb" [1]
2023-11-28 05:24:37 URL:http://ftp.us.debian.org/debian/pool/main/g/gzip/gzip_1.12-1_amd64.deb [140364/140364] -> "/root/build/rootfs//var/cache/apt/archives/partial/gzip_1.12-1_amd64.deb" [1]
2023-11-28 05:24:37 URL:http://ftp.us.debian.org/debian/pool/main/h/hostname/hostname_3.23+nmu1_amd64.deb [10500/10500] -> "/root/build/rootfs//var/cache/apt/archives/partial/hostname_3.23+nmu1_amd64.deb" [1]
2023-11-28 05:24:37 URL:http://ftp.us.debian.org/debian/pool/main/i/init-system-helpers/init-system-helpers_1.65.2_all.deb [49800/49800] -> "/root/build/rootfs//var/cache/apt/archives/partial/init-system-helpers_1.65.2_all.deb" [1]
2023-11-28 05:24:37 URL:http://ftp.us.debian.org/debian/pool/main/i/iptables/libip4tc2_1.8.9-2_amd64.deb [19016/19016] -> "/root/build/rootfs//var/cache/apt/archives/partial/libip4tc2_1.8.9-2_amd64.deb" [1]
2023-11-28 05:24:38 URL:http://ftp.us.debian.org/debian/pool/main/j/json-c/libjson-c5_0.16-2_amd64.deb [44120/44120] -> "/root/build/rootfs//var/cache/apt/archives/partial/libjson-c5_0.16-2_amd64.deb" [1]
2023-11-28 05:24:38 URL:http://ftp.us.debian.org/debian/pool/main/k/kmod/libkmod2_30+20221128-1_amd64.deb [57892/57892] -> "/root/build/rootfs//var/cache/apt/archives/partial/libkmod2_30+20221128-1_amd64.deb" [1]
2023-11-28 05:24:38 URL:http://ftp.us.debian.org/debian/pool/main/libc/libcap-ng/libcap-ng0_0.8.3-1+b3_amd64.deb [17068/17068] -> "/root/build/rootfs//var/cache/apt/archives/partial/libcap-ng0_0.8.3-1+b3_amd64.deb" [1]
2023-11-28 05:24:38 URL:http://ftp.us.debian.org/debian/pool/main/libc/libcap2/libcap2_2.66-4_amd64.deb [27008/27008] -> "/root/build/rootfs//var/cache/apt/archives/partial/libcap2_1%3a2.66-4_amd64.deb" [1]
2023-11-28 05:24:38 URL:http://ftp.us.debian.org/debian/pool/main/libf/libffi/libffi8_3.4.4-1_amd64.deb [22856/22856] -> "/root/build/rootfs//var/cache/apt/archives/partial/libffi8_3.4.4-1_amd64.deb" [1]
2023-11-28 05:24:38 URL:http://ftp.us.debian.org/debian/pool/main/libf/libfile-find-rule-perl/libfile-find-rule-perl_0.34-3_all.deb [26596/26596] -> "/root/build/rootfs//var/cache/apt/archives/partial/libfile-find-rule-perl_0.34-3_all.deb" [1]
2023-11-28 05:24:38 URL:http://ftp.us.debian.org/debian/pool/main/libg/libgcrypt20/libgcrypt20_1.10.1-3_amd64.deb [696328/696328] -> "/root/build/rootfs//var/cache/apt/archives/partial/libgcrypt20_1.10.1-3_amd64.deb" [1]
2023-11-28 05:24:38 URL:http://ftp.us.debian.org/debian/pool/main/libg/libgpg-error/libgpg-error0_1.46-1_amd64.deb [76888/76888] -> "/root/build/rootfs//var/cache/apt/archives/partial/libgpg-error0_1.46-1_amd64.deb" [1]
2023-11-28 05:24:39 URL:http://ftp.us.debian.org/debian/pool/main/libi/libidn2/libidn2-0_2.3.3-1+b1_amd64.deb [123636/123636] -> "/root/build/rootfs//var/cache/apt/archives/partial/libidn2-0_2.3.3-1+b1_amd64.deb" [1]
2023-11-28 05:24:39 URL:http://ftp.us.debian.org/debian/pool/main/libm/libmd/libmd0_1.0.4-2_amd64.deb [29456/29456] -> "/root/build/rootfs//var/cache/apt/archives/partial/libmd0_1.0.4-2_amd64.deb" [1]
2023-11-28 05:24:39 URL:http://ftp.us.debian.org/debian/pool/main/libn/libnumber-compare-perl/libnumber-compare-perl_0.03-3_all.deb [6332/6332] -> "/root/build/rootfs//var/cache/apt/archives/partial/libnumber-compare-perl_0.03-3_all.deb" [1]
2023-11-28 05:24:39 URL:http://ftp.us.debian.org/debian/pool/main/libs/libseccomp/libseccomp2_2.5.4-1+b3_amd64.deb [46572/46572] -> "/root/build/rootfs//var/cache/apt/archives/partial/libseccomp2_2.5.4-1+b3_amd64.deb" [1]
2023-11-28 05:24:39 URL:http://ftp.us.debian.org/debian/pool/main/libs/libselinux/libselinux1_3.4-1+b6_amd64.deb [73720/73720] -> "/root/build/rootfs//var/cache/apt/archives/partial/libselinux1_3.4-1+b6_amd64.deb" [1]
2023-11-28 05:24:39 URL:http://ftp.us.debian.org/debian/pool/main/libs/libsemanage/libsemanage-common_3.4-1_all.deb [21632/21632] -> "/root/build/rootfs//var/cache/apt/archives/partial/libsemanage-common_3.4-1_all.deb" [1]
2023-11-28 05:24:39 URL:http://ftp.us.debian.org/debian/pool/main/libs/libsemanage/libsemanage2_3.4-1+b5_amd64.deb [89884/89884] -> "/root/build/rootfs//var/cache/apt/archives/partial/libsemanage2_3.4-1+b5_amd64.deb" [1]
2023-11-28 05:24:39 URL:http://ftp.us.debian.org/debian/pool/main/libs/libsepol/libsepol2_3.4-2.1_amd64.deb [275900/275900] -> "/root/build/rootfs//var/cache/apt/archives/partial/libsepol2_3.4-2.1_amd64.deb" [1]
2023-11-28 05:24:40 URL:http://ftp.us.debian.org/debian/pool/main/libt/libtasn1-6/libtasn1-6_4.19.0-2_amd64.deb [56616/56616] -> "/root/build/rootfs//var/cache/apt/archives/partial/libtasn1-6_4.19.0-2_amd64.deb" [1]
2023-11-28 05:24:40 URL:http://ftp.us.debian.org/debian/pool/main/libt/libtext-glob-perl/libtext-glob-perl_0.11-3_all.deb [7676/7676] -> "/root/build/rootfs//var/cache/apt/archives/partial/libtext-glob-perl_0.11-3_all.deb" [1]
2023-11-28 05:24:40 URL:http://ftp.us.debian.org/debian/pool/main/libu/libunistring/libunistring2_1.0-2_amd64.deb [436708/436708] -> "/root/build/rootfs//var/cache/apt/archives/partial/libunistring2_1.0-2_amd64.deb" [1]
2023-11-28 05:24:40 URL:http://ftp.us.debian.org/debian/pool/main/libx/libxcrypt/libcrypt1_4.4.33-2_amd64.deb [89464/89464] -> "/root/build/rootfs//var/cache/apt/archives/partial/libcrypt1_1%3a4.4.33-2_amd64.deb" [1]
2023-11-28 05:24:40 URL:http://ftp.us.debian.org/debian/pool/main/libz/libzstd/libzstd1_1.5.4+dfsg2-5_amd64.deb [290036/290036] -> "/root/build/rootfs//var/cache/apt/archives/partial/libzstd1_1.5.4+dfsg2-5_amd64.deb" [1]
2023-11-28 05:24:40 URL:http://ftp.us.debian.org/debian/pool/main/l/lvm2/dmsetup_1.02.185-2_amd64.deb [82040/82040] -> "/root/build/rootfs//var/cache/apt/archives/partial/dmsetup_2%3a1.02.185-2_amd64.deb" [1]
2023-11-28 05:24:40 URL:http://ftp.us.debian.org/debian/pool/main/l/lvm2/libdevmapper1.02.1_1.02.185-2_amd64.deb [132796/132796] -> "/root/build/rootfs//var/cache/apt/archives/partial/libdevmapper1.02.1_2%3a1.02.185-2_amd64.deb" [1]
2023-11-28 05:24:41 URL:http://ftp.us.debian.org/debian/pool/main/l/lz4/liblz4-1_1.9.4-1_amd64.deb [62884/62884] -> "/root/build/rootfs//var/cache/apt/archives/partial/liblz4-1_1.9.4-1_amd64.deb" [1]
2023-11-28 05:24:41 URL:http://ftp.us.debian.org/debian/pool/main/m/mawk/mawk_1.3.4.20200120-3.1_amd64.deb [119144/119144] -> "/root/build/rootfs//var/cache/apt/archives/partial/mawk_1.3.4.20200120-3.1_amd64.deb" [1]
2023-11-28 05:24:41 URL:http://ftp.us.debian.org/debian/pool/main/n/ncurses/libtinfo6_6.4-4_amd64.deb [331352/331352] -> "/root/build/rootfs//var/cache/apt/archives/partial/libtinfo6_6.4-4_amd64.deb" [1]
2023-11-28 05:24:41 URL:http://ftp.us.debian.org/debian/pool/main/n/ncurses/ncurses-base_6.4-4_all.deb [261308/261308] -> "/root/build/rootfs//var/cache/apt/archives/partial/ncurses-base_6.4-4_all.deb" [1]
2023-11-28 05:24:41 URL:http://ftp.us.debian.org/debian/pool/main/n/ncurses/ncurses-bin_6.4-4_amd64.deb [421400/421400] -> "/root/build/rootfs//var/cache/apt/archives/partial/ncurses-bin_6.4-4_amd64.deb" [1]
2023-11-28 05:24:42 URL:http://ftp.us.debian.org/debian/pool/main/n/nettle/libhogweed6_3.8.1-2_amd64.deb [327524/327524] -> "/root/build/rootfs//var/cache/apt/archives/partial/libhogweed6_3.8.1-2_amd64.deb" [1]
2023-11-28 05:24:42 URL:http://ftp.us.debian.org/debian/pool/main/n/nettle/libnettle8_3.8.1-2_amd64.deb [287764/287764] -> "/root/build/rootfs//var/cache/apt/archives/partial/libnettle8_3.8.1-2_amd64.deb" [1]
2023-11-28 05:24:42 URL:http://ftp.us.debian.org/debian/pool/main/o/openssl/libssl3_3.0.11-1~deb12u1_amd64.deb [2017816/2017816] -> "/root/build/rootfs//var/cache/apt/archives/partial/libssl3_3.0.11-1~deb12u1_amd64.deb" [1]
2023-11-28 05:24:43 URL:http://ftp.us.debian.org/debian/pool/main/p/p11-kit/libp11-kit0_0.24.1-2_amd64.deb [345080/345080] -> "/root/build/rootfs//var/cache/apt/archives/partial/libp11-kit0_0.24.1-2_amd64.deb" [1]
2023-11-28 05:24:43 URL:http://ftp.us.debian.org/debian/pool/main/p/pam/libpam-modules_1.5.2-6+deb12u1_amd64.deb [290976/290976] -> "/root/build/rootfs//var/cache/apt/archives/partial/libpam-modules_1.5.2-6+deb12u1_amd64.deb" [1]
2023-11-28 05:24:43 URL:http://ftp.us.debian.org/debian/pool/main/p/pam/libpam-modules-bin_1.5.2-6+deb12u1_amd64.deb [75604/75604] -> "/root/build/rootfs//var/cache/apt/archives/partial/libpam-modules-bin_1.5.2-6+deb12u1_amd64.deb" [1]
2023-11-28 05:24:43 URL:http://ftp.us.debian.org/debian/pool/main/p/pam/libpam-runtime_1.5.2-6+deb12u1_all.deb [161064/161064] -> "/root/build/rootfs//var/cache/apt/archives/partial/libpam-runtime_1.5.2-6+deb12u1_all.deb" [1]
2023-11-28 05:24:44 URL:http://ftp.us.debian.org/debian/pool/main/p/pam/libpam0g_1.5.2-6+deb12u1_amd64.deb [91960/91960] -> "/root/build/rootfs//var/cache/apt/archives/partial/libpam0g_1.5.2-6+deb12u1_amd64.deb" [1]
2023-11-28 05:24:44 URL:http://ftp.us.debian.org/debian/pool/main/p/pcre2/libpcre2-8-0_10.42-1_amd64.deb [260776/260776] -> "/root/build/rootfs//var/cache/apt/archives/partial/libpcre2-8-0_10.42-1_amd64.deb" [1]
2023-11-28 05:24:44 URL:http://ftp.us.debian.org/debian/pool/main/p/perl/libperl5.36_5.36.0-7_amd64.deb [4217892/4217892] -> "/root/build/rootfs//var/cache/apt/archives/partial/libperl5.36_5.36.0-7_amd64.deb" [1]
2023-11-28 05:24:45 URL:http://ftp.us.debian.org/debian/pool/main/p/perl/perl_5.36.0-7_amd64.deb [238628/238628] -> "/root/build/rootfs//var/cache/apt/archives/partial/perl_5.36.0-7_amd64.deb" [1]
2023-11-28 05:24:45 URL:http://ftp.us.debian.org/debian/pool/main/p/perl/perl-base_5.36.0-7_amd64.deb [1608400/1608400] -> "/root/build/rootfs//var/cache/apt/archives/partial/perl-base_5.36.0-7_amd64.deb" [1]
2023-11-28 05:24:46 URL:http://ftp.us.debian.org/debian/pool/main/p/perl/perl-modules-5.36_5.36.0-7_all.deb [2814832/2814832] -> "/root/build/rootfs//var/cache/apt/archives/partial/perl-modules-5.36_5.36.0-7_all.deb" [1]
2023-11-28 05:24:46 URL:http://ftp.us.debian.org/debian/pool/main/s/sed/sed_4.9-1_amd64.deb [328900/328900] -> "/root/build/rootfs//var/cache/apt/archives/partial/sed_4.9-1_amd64.deb" [1]
2023-11-28 05:24:46 URL:http://ftp.us.debian.org/debian/pool/main/s/shadow/login_4.13+dfsg1-1+b1_amd64.deb [616264/616264] -> "/root/build/rootfs//var/cache/apt/archives/partial/login_1%3a4.13+dfsg1-1+b1_amd64.deb" [1]
2023-11-28 05:24:47 URL:http://ftp.us.debian.org/debian/pool/main/s/shadow/passwd_4.13+dfsg1-1+b1_amd64.deb [972452/972452] -> "/root/build/rootfs//var/cache/apt/archives/partial/passwd_1%3a4.13+dfsg1-1+b1_amd64.deb" [1]
2023-11-28 05:24:47 URL:http://ftp.us.debian.org/debian/pool/main/s/systemd/libsystemd-shared_252.17-1~deb12u1_amd64.deb [1690572/1690572] -> "/root/build/rootfs//var/cache/apt/archives/partial/libsystemd-shared_252.17-1~deb12u1_amd64.deb" [1]
2023-11-28 05:24:47 URL:http://ftp.us.debian.org/debian/pool/main/s/systemd/libsystemd0_252.17-1~deb12u1_amd64.deb [330936/330936] -> "/root/build/rootfs//var/cache/apt/archives/partial/libsystemd0_252.17-1~deb12u1_amd64.deb" [1]
2023-11-28 05:24:47 URL:http://ftp.us.debian.org/debian/pool/main/s/systemd/libudev1_252.17-1~deb12u1_amd64.deb [107552/107552] -> "/root/build/rootfs//var/cache/apt/archives/partial/libudev1_252.17-1~deb12u1_amd64.deb" [1]
2023-11-28 05:24:48 URL:http://ftp.us.debian.org/debian/pool/main/s/systemd/systemd_252.17-1~deb12u1_amd64.deb [3028528/3028528] -> "/root/build/rootfs//var/cache/apt/archives/partial/systemd_252.17-1~deb12u1_amd64.deb" [1]
2023-11-28 05:24:48 URL:http://ftp.us.debian.org/debian/pool/main/s/systemd/systemd-resolved_252.17-1~deb12u1_amd64.deb [303716/303716] -> "/root/build/rootfs//var/cache/apt/archives/partial/systemd-resolved_252.17-1~deb12u1_amd64.deb" [1]
2023-11-28 05:24:48 URL:http://ftp.us.debian.org/debian/pool/main/s/sysvinit/sysvinit-utils_3.06-4_amd64.deb [30996/30996] -> "/root/build/rootfs//var/cache/apt/archives/partial/sysvinit-utils_3.06-4_amd64.deb" [1]
2023-11-28 05:24:48 URL:http://ftp.us.debian.org/debian/pool/main/t/tar/tar_1.34+dfsg-1.2_amd64.deb [835980/835980] -> "/root/build/rootfs//var/cache/apt/archives/partial/tar_1.34+dfsg-1.2_amd64.deb" [1]
2023-11-28 05:24:49 URL:http://ftp.us.debian.org/debian/pool/main/t/tzdata/tzdata_2023c-5_all.deb [295836/295836] -> "/root/build/rootfs//var/cache/apt/archives/partial/tzdata_2023c-5_all.deb" [1]
2023-11-28 05:24:49 URL:http://ftp.us.debian.org/debian/pool/main/u/usrmerge/usrmerge_35_all.deb [12540/12540] -> "/root/build/rootfs//var/cache/apt/archives/partial/usrmerge_35_all.deb" [1]
2023-11-28 05:24:49 URL:http://ftp.us.debian.org/debian/pool/main/u/util-linux/bsdutils_2.38.1-5+b1_amd64.deb [94364/94364] -> "/root/build/rootfs//var/cache/apt/archives/partial/bsdutils_1%3a2.38.1-5+b1_amd64.deb" [1]
2023-11-28 05:24:49 URL:http://ftp.us.debian.org/debian/pool/main/u/util-linux/libblkid1_2.38.1-5+b1_amd64.deb [147452/147452] -> "/root/build/rootfs//var/cache/apt/archives/partial/libblkid1_2.38.1-5+b1_amd64.deb" [1]
2023-11-28 05:24:49 URL:http://ftp.us.debian.org/debian/pool/main/u/util-linux/libfdisk1_2.38.1-5+b1_amd64.deb [193716/193716] -> "/root/build/rootfs//var/cache/apt/archives/partial/libfdisk1_2.38.1-5+b1_amd64.deb" [1]
2023-11-28 05:24:49 URL:http://ftp.us.debian.org/debian/pool/main/u/util-linux/libmount1_2.38.1-5+b1_amd64.deb [165848/165848] -> "/root/build/rootfs//var/cache/apt/archives/partial/libmount1_2.38.1-5+b1_amd64.deb" [1]
2023-11-28 05:24:50 URL:http://ftp.us.debian.org/debian/pool/main/u/util-linux/libsmartcols1_2.38.1-5+b1_amd64.deb [106720/106720] -> "/root/build/rootfs//var/cache/apt/archives/partial/libsmartcols1_2.38.1-5+b1_amd64.deb" [1]
2023-11-28 05:24:50 URL:http://ftp.us.debian.org/debian/pool/main/u/util-linux/libuuid1_2.38.1-5+b1_amd64.deb [28764/28764] -> "/root/build/rootfs//var/cache/apt/archives/partial/libuuid1_2.38.1-5+b1_amd64.deb" [1]
2023-11-28 05:24:50 URL:http://ftp.us.debian.org/debian/pool/main/u/util-linux/mount_2.38.1-5+b1_amd64.deb [134100/134100] -> "/root/build/rootfs//var/cache/apt/archives/partial/mount_2.38.1-5+b1_amd64.deb" [1]
2023-11-28 05:24:50 URL:http://ftp.us.debian.org/debian/pool/main/u/util-linux/util-linux_2.38.1-5+b1_amd64.deb [1176996/1176996] -> "/root/build/rootfs//var/cache/apt/archives/partial/util-linux_2.38.1-5+b1_amd64.deb" [1]
2023-11-28 05:24:50 URL:http://ftp.us.debian.org/debian/pool/main/u/util-linux/util-linux-extra_2.38.1-5+b1_amd64.deb [110520/110520] -> "/root/build/rootfs//var/cache/apt/archives/partial/util-linux-extra_2.38.1-5+b1_amd64.deb" [1]
2023-11-28 05:24:51 URL:http://ftp.us.debian.org/debian/pool/main/x/xxhash/libxxhash0_0.8.1-1_amd64.deb [27584/27584] -> "/root/build/rootfs//var/cache/apt/archives/partial/libxxhash0_0.8.1-1_amd64.deb" [1]
2023-11-28 05:24:51 URL:http://ftp.us.debian.org/debian/pool/main/x/xz-utils/liblzma5_5.4.1-0.2_amd64.deb [205312/205312] -> "/root/build/rootfs//var/cache/apt/archives/partial/liblzma5_5.4.1-0.2_amd64.deb" [1]
2023-11-28 05:24:51 URL:http://ftp.us.debian.org/debian/pool/main/z/zlib/zlib1g_1.2.13.dfsg-1_amd64.deb [86684/86684] -> "/root/build/rootfs//var/cache/apt/archives/partial/zlib1g_1%3a1.2.13.dfsg-1_amd64.deb" [1]
dpkg: warning: parsing file '/var/lib/dpkg/status' near line 5 package 'dpkg':
 missing 'Description' field
dpkg: warning: parsing file '/var/lib/dpkg/status' near line 5 package 'dpkg':
 missing 'Architecture' field
Selecting previously unselected package base-passwd.
(Reading database ... 0 files and directories currently installed.)
Preparing to unpack .../base-passwd_3.6.1_amd64.deb ...
Unpacking base-passwd (3.6.1) ...
dpkg: base-passwd: dependency problems, but configuring anyway as you requested:
 base-passwd depends on libc6 (>= 2.34); however:
  Package libc6 is not installed.
 base-passwd depends on libdebconfclient0 (>= 0.145); however:
  Package libdebconfclient0 is not installed.
 base-passwd depends on libselinux1 (>= 3.1~); however:
  Package libselinux1 is not installed.

Setting up base-passwd (3.6.1) ...
dpkg: warning: parsing file '/var/lib/dpkg/status' near line 24 package 'dpkg':
 missing 'Description' field
dpkg: warning: parsing file '/var/lib/dpkg/status' near line 24 package 'dpkg':
 missing 'Architecture' field
Selecting previously unselected package base-files.
dpkg: regarding .../base-files_12.4+deb12u2_amd64.deb containing base-files, pre-dependency problem:
 base-files pre-depends on awk
  awk is not installed.

dpkg: warning: ignoring pre-dependency problem!
(Reading database ... 41 files and directories currently installed.)
Preparing to unpack .../base-files_12.4+deb12u2_amd64.deb ...
Unpacking base-files (12.4+deb12u2) ...
dpkg: base-files: dependency problems, but configuring anyway as you requested:
 base-files depends on awk; however:
  Package awk is not installed.

Setting up base-files (12.4+deb12u2) ...
dpkg: warning: parsing file '/var/lib/dpkg/status' near line 51 package 'dpkg':
 missing 'Description' field
dpkg: warning: parsing file '/var/lib/dpkg/status' near line 51 package 'dpkg':
 missing 'Architecture' field
dpkg: regarding .../dpkg_1.21.22_amd64.deb containing dpkg, pre-dependency problem:
 dpkg pre-depends on libbz2-1.0
  libbz2-1.0 is not installed.

dpkg: warning: ignoring pre-dependency problem!
dpkg: regarding .../dpkg_1.21.22_amd64.deb containing dpkg, pre-dependency problem:
 dpkg pre-depends on libc6 (>= 2.34)
  libc6 is not installed.

dpkg: warning: ignoring pre-dependency problem!
dpkg: regarding .../dpkg_1.21.22_amd64.deb containing dpkg, pre-dependency problem:
 dpkg pre-depends on liblzma5 (>= 5.4.0)
  liblzma5 is not installed.

dpkg: warning: ignoring pre-dependency problem!
dpkg: regarding .../dpkg_1.21.22_amd64.deb containing dpkg, pre-dependency problem:
 dpkg pre-depends on libmd0 (>= 0.0.0)
  libmd0 is not installed.

dpkg: warning: ignoring pre-dependency problem!
dpkg: regarding .../dpkg_1.21.22_amd64.deb containing dpkg, pre-dependency problem:
 dpkg pre-depends on libselinux1 (>= 3.1~)
  libselinux1 is not installed.

dpkg: warning: ignoring pre-dependency problem!
dpkg: regarding .../dpkg_1.21.22_amd64.deb containing dpkg, pre-dependency problem:
 dpkg pre-depends on libzstd1 (>= 1.5.2)
  libzstd1 is not installed.

dpkg: warning: ignoring pre-dependency problem!
dpkg: regarding .../dpkg_1.21.22_amd64.deb containing dpkg, pre-dependency problem:
 dpkg pre-depends on zlib1g (>= 1:1.1.4)
  zlib1g is not installed.

dpkg: warning: ignoring pre-dependency problem!
(Reading database ... 121 files and directories currently installed.)
Preparing to unpack .../dpkg_1.21.22_amd64.deb ...
Unpacking dpkg (1.21.22) over (1.21.22) ...
dpkg: dpkg: dependency problems, but configuring anyway as you requested:
 dpkg depends on libbz2-1.0; however:
  Package libbz2-1.0 is not installed.
 dpkg depends on libc6 (>= 2.34); however:
  Package libc6 is not installed.
 dpkg depends on liblzma5 (>= 5.4.0); however:
  Package liblzma5 is not installed.
 dpkg depends on libmd0 (>= 0.0.0); however:
  Package libmd0 is not installed.
 dpkg depends on libselinux1 (>= 3.1~); however:
  Package libselinux1 is not installed.
 dpkg depends on libzstd1 (>= 1.5.2); however:
  Package libzstd1 is not installed.
 dpkg depends on zlib1g (>= 1:1.1.4); however:
  Package zlib1g is not installed.
 dpkg depends on tar (>= 1.28-1); however:
  Package tar is not installed.

Setting up dpkg (1.21.22) ...
Selecting previously unselected package libc6:amd64.
(Reading database ... 420 files and directories currently installed.)
Preparing to unpack .../libc6_2.36-9+deb12u2_amd64.deb ...
Unpacking libc6:amd64 (2.36-9+deb12u2) ...
dpkg: libc6:amd64: dependency problems, but configuring anyway as you requested:
 libc6:amd64 depends on libgcc-s1; however:
  Package libgcc-s1 is not installed.

Setting up libc6:amd64 (2.36-9+deb12u2) ...
Selecting previously unselected package perl-base.
dpkg: regarding .../perl-base_5.36.0-7_amd64.deb containing perl-base, pre-dependency problem:
 perl-base pre-depends on libcrypt1 (>= 1:4.1.0)
  libcrypt1 is not installed.

dpkg: warning: ignoring pre-dependency problem!
(Reading database ... 713 files and directories currently installed.)
Preparing to unpack .../perl-base_5.36.0-7_amd64.deb ...
Unpacking perl-base (5.36.0-7) ...
dpkg: perl-base: dependency problems, but configuring anyway as you requested:
 perl-base depends on libcrypt1 (>= 1:4.1.0); however:
  Package libcrypt1 is not installed.

Setting up perl-base (5.36.0-7) ...
Selecting previously unselected package mawk.
(Reading database ... 1441 files and directories currently installed.)
Preparing to unpack .../mawk_1.3.4.20200120-3.1_amd64.deb ...
Unpacking mawk (1.3.4.20200120-3.1) ...
Setting up mawk (1.3.4.20200120-3.1) ...
update-alternatives: using /usr/bin/mawk to provide /usr/bin/awk (awk) in auto mode
Selecting previously unselected package libacl1:amd64.
(Reading database ... 1460 files and directories currently installed.)
Preparing to unpack .../libacl1_2.3.1-3_amd64.deb ...
Unpacking libacl1:amd64 (2.3.1-3) ...
Selecting previously unselected package adduser.
Preparing to unpack .../archives/adduser_3.134_all.deb ...
Unpacking adduser (3.134) ...
Selecting previously unselected package apt.
Preparing to unpack .../archives/apt_2.6.1_amd64.deb ...
Unpacking apt (2.6.1) ...
Selecting previously unselected package libapt-pkg6.0:amd64.
Preparing to unpack .../libapt-pkg6.0_2.6.1_amd64.deb ...
Unpacking libapt-pkg6.0:amd64 (2.6.1) ...
Selecting previously unselected package libattr1:amd64.
Preparing to unpack .../libattr1_1%3a2.5.1-4_amd64.deb ...
Unpacking libattr1:amd64 (1:2.5.1-4) ...
Selecting previously unselected package libaudit-common.
Preparing to unpack .../libaudit-common_1%3a3.0.9-1_all.deb ...
Unpacking libaudit-common (1:3.0.9-1) ...
Selecting previously unselected package libaudit1:amd64.
Preparing to unpack .../libaudit1_1%3a3.0.9-1_amd64.deb ...
Unpacking libaudit1:amd64 (1:3.0.9-1) ...
Preparing to unpack .../base-files_12.4+deb12u2_amd64.deb ...
Unpacking base-files (12.4+deb12u2) over (12.4+deb12u2) ...
Preparing to unpack .../base-passwd_3.6.1_amd64.deb ...
Unpacking base-passwd (3.6.1) over (3.6.1) ...
Selecting previously unselected package bash.
dpkg: regarding .../bash_5.2.15-2+b2_amd64.deb containing bash, pre-dependency problem:
 bash pre-depends on libtinfo6 (>= 6)
  libtinfo6 is not installed.

dpkg: warning: ignoring pre-dependency problem!
Preparing to unpack .../bash_5.2.15-2+b2_amd64.deb ...
Unpacking bash (5.2.15-2+b2) ...
Selecting previously unselected package libbz2-1.0:amd64.
Preparing to unpack .../libbz2-1.0_1.0.8-5+b1_amd64.deb ...
Unpacking libbz2-1.0:amd64 (1.0.8-5+b1) ...
Selecting previously unselected package libdebconfclient0:amd64.
Preparing to unpack .../libdebconfclient0_0.270_amd64.deb ...
Unpacking libdebconfclient0:amd64 (0.270) ...
Selecting previously unselected package coreutils.
dpkg: regarding .../coreutils_9.1-1_amd64.deb containing coreutils, pre-dependency problem:
 coreutils pre-depends on libacl1 (>= 2.2.23)
  libacl1:amd64 is unpacked, but has never been configured.

dpkg: warning: ignoring pre-dependency problem!
dpkg: regarding .../coreutils_9.1-1_amd64.deb containing coreutils, pre-dependency problem:
 coreutils pre-depends on libattr1 (>= 1:2.4.44)
  libattr1:amd64 is unpacked, but has never been configured.

dpkg: warning: ignoring pre-dependency problem!
dpkg: regarding .../coreutils_9.1-1_amd64.deb containing coreutils, pre-dependency problem:
 coreutils pre-depends on libgmp10 (>= 2:6.2.1+dfsg1)
  libgmp10 is not installed.

dpkg: warning: ignoring pre-dependency problem!
dpkg: regarding .../coreutils_9.1-1_amd64.deb containing coreutils, pre-dependency problem:
 coreutils pre-depends on libselinux1 (>= 3.1~)
  libselinux1 is not installed.

dpkg: warning: ignoring pre-dependency problem!
Preparing to unpack .../coreutils_9.1-1_amd64.deb ...
Unpacking coreutils (9.1-1) ...
Selecting previously unselected package dash.
Preparing to unpack .../dash_0.5.12-2_amd64.deb ...
Unpacking dash (0.5.12-2) ...
Selecting previously unselected package libdb5.3:amd64.
Preparing to unpack .../libdb5.3_5.3.28+dfsg2-1_amd64.deb ...
Unpacking libdb5.3:amd64 (5.3.28+dfsg2-1) ...
Selecting previously unselected package debconf.
Preparing to unpack .../debconf_1.5.82_all.deb ...
Unpacking debconf (1.5.82) ...
Selecting previously unselected package debian-archive-keyring.
Preparing to unpack .../debian-archive-keyring_2023.3+deb12u1_all.deb ...
Unpacking debian-archive-keyring (2023.3+deb12u1) ...
Selecting previously unselected package debianutils.
Preparing to unpack .../debianutils_5.7-0.5~deb12u1_amd64.deb ...
Unpacking debianutils (5.7-0.5~deb12u1) ...
Selecting previously unselected package diffutils.
Preparing to unpack .../diffutils_1%3a3.8-4_amd64.deb ...
Unpacking diffutils (1:3.8-4) ...
dpkg: regarding .../dpkg_1.21.22_amd64.deb containing dpkg, pre-dependency problem:
 dpkg pre-depends on libbz2-1.0
  libbz2-1.0:amd64 is unpacked, but has never been configured.

dpkg: warning: ignoring pre-dependency problem!
dpkg: regarding .../dpkg_1.21.22_amd64.deb containing dpkg, pre-dependency problem:
 dpkg pre-depends on liblzma5 (>= 5.4.0)
  liblzma5 is not installed.

dpkg: warning: ignoring pre-dependency problem!
dpkg: regarding .../dpkg_1.21.22_amd64.deb containing dpkg, pre-dependency problem:
 dpkg pre-depends on libmd0 (>= 0.0.0)
  libmd0 is not installed.

dpkg: warning: ignoring pre-dependency problem!
dpkg: regarding .../dpkg_1.21.22_amd64.deb containing dpkg, pre-dependency problem:
 dpkg pre-depends on libselinux1 (>= 3.1~)
  libselinux1 is not installed.

dpkg: warning: ignoring pre-dependency problem!
dpkg: regarding .../dpkg_1.21.22_amd64.deb containing dpkg, pre-dependency problem:
 dpkg pre-depends on libzstd1 (>= 1.5.2)
  libzstd1 is not installed.

dpkg: warning: ignoring pre-dependency problem!
dpkg: regarding .../dpkg_1.21.22_amd64.deb containing dpkg, pre-dependency problem:
 dpkg pre-depends on zlib1g (>= 1:1.1.4)
  zlib1g is not installed.

dpkg: warning: ignoring pre-dependency problem!
Preparing to unpack .../dpkg_1.21.22_amd64.deb ...
Unpacking dpkg (1.21.22) over (1.21.22) ...
Selecting previously unselected package e2fsprogs.
dpkg: regarding .../e2fsprogs_1.47.0-2_amd64.deb containing e2fsprogs, pre-dependency problem:
 e2fsprogs pre-depends on libblkid1 (>= 2.36)
  libblkid1 is not installed.

dpkg: warning: ignoring pre-dependency problem!
dpkg: regarding .../e2fsprogs_1.47.0-2_amd64.deb containing e2fsprogs, pre-dependency problem:
 e2fsprogs pre-depends on libcom-err2 (>= 1.43.9)
  libcom-err2 is not installed.

dpkg: warning: ignoring pre-dependency problem!
dpkg: regarding .../e2fsprogs_1.47.0-2_amd64.deb containing e2fsprogs, pre-dependency problem:
 e2fsprogs pre-depends on libext2fs2 (= 1.47.0-2)
  libext2fs2 is not installed.

dpkg: warning: ignoring pre-dependency problem!
dpkg: regarding .../e2fsprogs_1.47.0-2_amd64.deb containing e2fsprogs, pre-dependency problem:
 e2fsprogs pre-depends on libss2 (>= 1.38)
  libss2 is not installed.

dpkg: warning: ignoring pre-dependency problem!
dpkg: regarding .../e2fsprogs_1.47.0-2_amd64.deb containing e2fsprogs, pre-dependency problem:
 e2fsprogs pre-depends on libuuid1 (>= 2.16)
  libuuid1 is not installed.

dpkg: warning: ignoring pre-dependency problem!
Preparing to unpack .../e2fsprogs_1.47.0-2_amd64.deb ...
Unpacking e2fsprogs (1.47.0-2) ...
Selecting previously unselected package libcom-err2:amd64.
Preparing to unpack .../libcom-err2_1.47.0-2_amd64.deb ...
Unpacking libcom-err2:amd64 (1.47.0-2) ...
Selecting previously unselected package libext2fs2:amd64.
Preparing to unpack .../libext2fs2_1.47.0-2_amd64.deb ...
Unpacking libext2fs2:amd64 (1.47.0-2) ...
Selecting previously unselected package libss2:amd64.
Preparing to unpack .../libss2_1.47.0-2_amd64.deb ...
Unpacking libss2:amd64 (1.47.0-2) ...
Selecting previously unselected package logsave.
Preparing to unpack .../logsave_1.47.0-2_amd64.deb ...
Unpacking logsave (1.47.0-2) ...
Selecting previously unselected package findutils.
dpkg: regarding .../findutils_4.9.0-4_amd64.deb containing findutils, pre-dependency problem:
 findutils pre-depends on libselinux1 (>= 3.1~)
  libselinux1 is not installed.

dpkg: warning: ignoring pre-dependency problem!
Preparing to unpack .../findutils_4.9.0-4_amd64.deb ...
Unpacking findutils (4.9.0-4) ...
Selecting previously unselected package gcc-12-base:amd64.
Preparing to unpack .../gcc-12-base_12.2.0-14_amd64.deb ...
Unpacking gcc-12-base:amd64 (12.2.0-14) ...
Selecting previously unselected package libgcc-s1:amd64.
Preparing to unpack .../libgcc-s1_12.2.0-14_amd64.deb ...
Unpacking libgcc-s1:amd64 (12.2.0-14) ...
Selecting previously unselected package libstdc++6:amd64.
Preparing to unpack .../libstdc++6_12.2.0-14_amd64.deb ...
Unpacking libstdc++6:amd64 (12.2.0-14) ...
Selecting previously unselected package libgdbm-compat4:amd64.
Preparing to unpack .../libgdbm-compat4_1.23-3_amd64.deb ...
Unpacking libgdbm-compat4:amd64 (1.23-3) ...
Selecting previously unselected package libgdbm6:amd64.
Preparing to unpack .../libgdbm6_1.23-3_amd64.deb ...
Unpacking libgdbm6:amd64 (1.23-3) ...
Selecting previously unselected package libc-bin.
Preparing to unpack .../libc-bin_2.36-9+deb12u2_amd64.deb ...
Unpacking libc-bin (2.36-9+deb12u2) ...
Preparing to unpack .../libc6_2.36-9+deb12u2_amd64.deb ...
Unpacking libc6:amd64 (2.36-9+deb12u2) over (2.36-9+deb12u2) ...
Selecting previously unselected package libgmp10:amd64.
Preparing to unpack .../libgmp10_2%3a6.2.1+dfsg1-1.1_amd64.deb ...
Unpacking libgmp10:amd64 (2:6.2.1+dfsg1-1.1) ...
Selecting previously unselected package gpgv.
Preparing to unpack .../gpgv_2.2.40-1.1_amd64.deb ...
Unpacking gpgv (2.2.40-1.1) ...
Selecting previously unselected package libgnutls30:amd64.
Preparing to unpack .../libgnutls30_3.7.9-2_amd64.deb ...
Unpacking libgnutls30:amd64 (3.7.9-2) ...
Selecting previously unselected package grep.
dpkg: regarding .../archives/grep_3.8-5_amd64.deb containing grep, pre-dependency problem:
 grep pre-depends on libpcre2-8-0 (>= 10.32)
  libpcre2-8-0 is not installed.

dpkg: warning: ignoring pre-dependency problem!
Preparing to unpack .../archives/grep_3.8-5_amd64.deb ...
Unpacking grep (3.8-5) ...
Selecting previously unselected package gzip.
Preparing to unpack .../archives/gzip_1.12-1_amd64.deb ...
Unpacking gzip (1.12-1) ...
Selecting previously unselected package hostname.
Preparing to unpack .../hostname_3.23+nmu1_amd64.deb ...
Unpacking hostname (3.23+nmu1) ...
Selecting previously unselected package init-system-helpers.
Preparing to unpack .../init-system-helpers_1.65.2_all.deb ...
Unpacking init-system-helpers (1.65.2) ...
Selecting previously unselected package libcap-ng0:amd64.
Preparing to unpack .../libcap-ng0_0.8.3-1+b3_amd64.deb ...
Unpacking libcap-ng0:amd64 (0.8.3-1+b3) ...
Selecting previously unselected package libcap2:amd64.
Preparing to unpack .../libcap2_1%3a2.66-4_amd64.deb ...
Unpacking libcap2:amd64 (1:2.66-4) ...
Selecting previously unselected package libffi8:amd64.
Preparing to unpack .../libffi8_3.4.4-1_amd64.deb ...
Unpacking libffi8:amd64 (3.4.4-1) ...
Selecting previously unselected package libfile-find-rule-perl.
Preparing to unpack .../libfile-find-rule-perl_0.34-3_all.deb ...
Unpacking libfile-find-rule-perl (0.34-3) ...
Selecting previously unselected package libgcrypt20:amd64.
Preparing to unpack .../libgcrypt20_1.10.1-3_amd64.deb ...
Unpacking libgcrypt20:amd64 (1.10.1-3) ...
Selecting previously unselected package libgpg-error0:amd64.
Preparing to unpack .../libgpg-error0_1.46-1_amd64.deb ...
Unpacking libgpg-error0:amd64 (1.46-1) ...
Selecting previously unselected package libidn2-0:amd64.
Preparing to unpack .../libidn2-0_2.3.3-1+b1_amd64.deb ...
Unpacking libidn2-0:amd64 (2.3.3-1+b1) ...
Selecting previously unselected package libmd0:amd64.
Preparing to unpack .../libmd0_1.0.4-2_amd64.deb ...
Unpacking libmd0:amd64 (1.0.4-2) ...
Selecting previously unselected package libnumber-compare-perl.
Preparing to unpack .../libnumber-compare-perl_0.03-3_all.deb ...
Unpacking libnumber-compare-perl (0.03-3) ...
Selecting previously unselected package libseccomp2:amd64.
Preparing to unpack .../libseccomp2_2.5.4-1+b3_amd64.deb ...
Unpacking libseccomp2:amd64 (2.5.4-1+b3) ...
Selecting previously unselected package libselinux1:amd64.
Preparing to unpack .../libselinux1_3.4-1+b6_amd64.deb ...
Unpacking libselinux1:amd64 (3.4-1+b6) ...
Selecting previously unselected package libsemanage-common.
Preparing to unpack .../libsemanage-common_3.4-1_all.deb ...
Unpacking libsemanage-common (3.4-1) ...
Selecting previously unselected package libsemanage2:amd64.
Preparing to unpack .../libsemanage2_3.4-1+b5_amd64.deb ...
Unpacking libsemanage2:amd64 (3.4-1+b5) ...
Selecting previously unselected package libsepol2:amd64.
Preparing to unpack .../libsepol2_3.4-2.1_amd64.deb ...
Unpacking libsepol2:amd64 (3.4-2.1) ...
Selecting previously unselected package libtasn1-6:amd64.
Preparing to unpack .../libtasn1-6_4.19.0-2_amd64.deb ...
Unpacking libtasn1-6:amd64 (4.19.0-2) ...
Selecting previously unselected package libtext-glob-perl.
Preparing to unpack .../libtext-glob-perl_0.11-3_all.deb ...
Unpacking libtext-glob-perl (0.11-3) ...
Selecting previously unselected package libunistring2:amd64.
Preparing to unpack .../libunistring2_1.0-2_amd64.deb ...
Unpacking libunistring2:amd64 (1.0-2) ...
Selecting previously unselected package libcrypt1:amd64.
Preparing to unpack .../libcrypt1_1%3a4.4.33-2_amd64.deb ...
Unpacking libcrypt1:amd64 (1:4.4.33-2) ...
Selecting previously unselected package libzstd1:amd64.
Preparing to unpack .../libzstd1_1.5.4+dfsg2-5_amd64.deb ...
Unpacking libzstd1:amd64 (1.5.4+dfsg2-5) ...
Selecting previously unselected package liblz4-1:amd64.
Preparing to unpack .../liblz4-1_1.9.4-1_amd64.deb ...
Unpacking liblz4-1:amd64 (1.9.4-1) ...
Preparing to unpack .../mawk_1.3.4.20200120-3.1_amd64.deb ...
Unpacking mawk (1.3.4.20200120-3.1) over (1.3.4.20200120-3.1) ...
Selecting previously unselected package libtinfo6:amd64.
Preparing to unpack .../libtinfo6_6.4-4_amd64.deb ...
Unpacking libtinfo6:amd64 (6.4-4) ...
Selecting previously unselected package ncurses-base.
Preparing to unpack .../ncurses-base_6.4-4_all.deb ...
Unpacking ncurses-base (6.4-4) ...
Selecting previously unselected package ncurses-bin.
dpkg: regarding .../ncurses-bin_6.4-4_amd64.deb containing ncurses-bin, pre-dependency problem:
 ncurses-bin pre-depends on libtinfo6 (>= 6.3)
  libtinfo6:amd64 is unpacked, but has never been configured.

dpkg: warning: ignoring pre-dependency problem!
Preparing to unpack .../ncurses-bin_6.4-4_amd64.deb ...
Unpacking ncurses-bin (6.4-4) ...
Selecting previously unselected package libhogweed6:amd64.
Preparing to unpack .../libhogweed6_3.8.1-2_amd64.deb ...
Unpacking libhogweed6:amd64 (3.8.1-2) ...
Selecting previously unselected package libnettle8:amd64.
Preparing to unpack .../libnettle8_3.8.1-2_amd64.deb ...
Unpacking libnettle8:amd64 (3.8.1-2) ...
Selecting previously unselected package libp11-kit0:amd64.
Preparing to unpack .../libp11-kit0_0.24.1-2_amd64.deb ...
Unpacking libp11-kit0:amd64 (0.24.1-2) ...
Selecting previously unselected package libpam-modules:amd64.
dpkg: regarding .../libpam-modules_1.5.2-6+deb12u1_amd64.deb containing libpam-modules:amd64, pre-dependency problem:
 libpam-modules pre-depends on libaudit1 (>= 1:2.2.1)
  libaudit1:amd64 is unpacked, but has never been configured.

dpkg: warning: ignoring pre-dependency problem!
dpkg: regarding .../libpam-modules_1.5.2-6+deb12u1_amd64.deb containing libpam-modules:amd64, pre-dependency problem:
 libpam-modules pre-depends on libcrypt1 (>= 1:4.3.0)
  libcrypt1:amd64 is unpacked, but has never been configured.

dpkg: warning: ignoring pre-dependency problem!
dpkg: regarding .../libpam-modules_1.5.2-6+deb12u1_amd64.deb containing libpam-modules:amd64, pre-dependency problem:
 libpam-modules pre-depends on libdb5.3
  libdb5.3:amd64 is unpacked, but has never been configured.

dpkg: warning: ignoring pre-dependency problem!
dpkg: regarding .../libpam-modules_1.5.2-6+deb12u1_amd64.deb containing libpam-modules:amd64, pre-dependency problem:
 libpam-modules pre-depends on libpam0g (>= 1.4.1)
  libpam0g is not installed.

dpkg: warning: ignoring pre-dependency problem!
dpkg: regarding .../libpam-modules_1.5.2-6+deb12u1_amd64.deb containing libpam-modules:amd64, pre-dependency problem:
 libpam-modules pre-depends on libselinux1 (>= 3.1~)
  libselinux1:amd64 is unpacked, but has never been configured.

dpkg: warning: ignoring pre-dependency problem!
dpkg: regarding .../libpam-modules_1.5.2-6+deb12u1_amd64.deb containing libpam-modules:amd64, pre-dependency problem:
 libpam-modules pre-depends on debconf (>= 0.5) | debconf-2.0
  debconf is unpacked, but has never been configured.
  debconf provides debconf-2.0 but is unpacked but not configured.

dpkg: warning: ignoring pre-dependency problem!
dpkg: regarding .../libpam-modules_1.5.2-6+deb12u1_amd64.deb containing libpam-modules:amd64, pre-dependency problem:
 libpam-modules pre-depends on libpam-modules-bin (= 1.5.2-6+deb12u1)
  libpam-modules-bin is not installed.

dpkg: warning: ignoring pre-dependency problem!
Preparing to unpack .../libpam-modules_1.5.2-6+deb12u1_amd64.deb ...
Unpacking libpam-modules:amd64 (1.5.2-6+deb12u1) ...
Selecting previously unselected package libpam-modules-bin.
Preparing to unpack .../libpam-modules-bin_1.5.2-6+deb12u1_amd64.deb ...
Unpacking libpam-modules-bin (1.5.2-6+deb12u1) ...
Selecting previously unselected package libpam-runtime.
Preparing to unpack .../libpam-runtime_1.5.2-6+deb12u1_all.deb ...
Unpacking libpam-runtime (1.5.2-6+deb12u1) ...
Selecting previously unselected package libpam0g:amd64.
Preparing to unpack .../libpam0g_1.5.2-6+deb12u1_amd64.deb ...
Unpacking libpam0g:amd64 (1.5.2-6+deb12u1) ...
Selecting previously unselected package libpcre2-8-0:amd64.
Preparing to unpack .../libpcre2-8-0_10.42-1_amd64.deb ...
Unpacking libpcre2-8-0:amd64 (10.42-1) ...
Selecting previously unselected package libperl5.36:amd64.
Preparing to unpack .../libperl5.36_5.36.0-7_amd64.deb ...
Unpacking libperl5.36:amd64 (5.36.0-7) ...
Selecting previously unselected package perl.
Preparing to unpack .../perl_5.36.0-7_amd64.deb ...
Unpacking perl (5.36.0-7) ...
dpkg: regarding .../perl-base_5.36.0-7_amd64.deb containing perl-base, pre-dependency problem:
 perl-base pre-depends on libcrypt1 (>= 1:4.1.0)
  libcrypt1:amd64 is unpacked, but has never been configured.

dpkg: warning: ignoring pre-dependency problem!
Preparing to unpack .../perl-base_5.36.0-7_amd64.deb ...
Unpacking perl-base (5.36.0-7) over (5.36.0-7) ...
Selecting previously unselected package perl-modules-5.36.
Preparing to unpack .../perl-modules-5.36_5.36.0-7_all.deb ...
Unpacking perl-modules-5.36 (5.36.0-7) ...
Selecting previously unselected package sed.
dpkg: regarding .../archives/sed_4.9-1_amd64.deb containing sed, pre-dependency problem:
 sed pre-depends on libacl1 (>= 2.2.23)
  libacl1:amd64 is unpacked, but has never been configured.

dpkg: warning: ignoring pre-dependency problem!
dpkg: regarding .../archives/sed_4.9-1_amd64.deb containing sed, pre-dependency problem:
 sed pre-depends on libselinux1 (>= 3.1~)
  libselinux1:amd64 is unpacked, but has never been configured.

dpkg: warning: ignoring pre-dependency problem!
Preparing to unpack .../archives/sed_4.9-1_amd64.deb ...
Unpacking sed (4.9-1) ...
Selecting previously unselected package login.
dpkg: regarding .../login_1%3a4.13+dfsg1-1+b1_amd64.deb containing login, pre-dependency problem:
 login pre-depends on libaudit1 (>= 1:2.2.1)
  libaudit1:amd64 is unpacked, but has never been configured.

dpkg: warning: ignoring pre-dependency problem!
dpkg: regarding .../login_1%3a4.13+dfsg1-1+b1_amd64.deb containing login, pre-dependency problem:
 login pre-depends on libcrypt1 (>= 1:4.1.0)
  libcrypt1:amd64 is unpacked, but has never been configured.

dpkg: warning: ignoring pre-dependency problem!
dpkg: regarding .../login_1%3a4.13+dfsg1-1+b1_amd64.deb containing login, pre-dependency problem:
 login pre-depends on libpam0g (>= 0.99.7.1)
  libpam0g:amd64 is unpacked, but has never been configured.

dpkg: warning: ignoring pre-dependency problem!
dpkg: regarding .../login_1%3a4.13+dfsg1-1+b1_amd64.deb containing login, pre-dependency problem:
 login pre-depends on libpam-runtime
  libpam-runtime is unpacked, but has never been configured.

dpkg: warning: ignoring pre-dependency problem!
dpkg: regarding .../login_1%3a4.13+dfsg1-1+b1_amd64.deb containing login, pre-dependency problem:
 login pre-depends on libpam-modules
  libpam-modules:amd64 is unpacked, but has never been configured.

dpkg: warning: ignoring pre-dependency problem!
Preparing to unpack .../login_1%3a4.13+dfsg1-1+b1_amd64.deb ...
Unpacking login (1:4.13+dfsg1-1+b1) ...
Selecting previously unselected package passwd.
Preparing to unpack .../passwd_1%3a4.13+dfsg1-1+b1_amd64.deb ...
Unpacking passwd (1:4.13+dfsg1-1+b1) ...
Selecting previously unselected package libsystemd0:amd64.
Preparing to unpack .../libsystemd0_252.17-1~deb12u1_amd64.deb ...
Unpacking libsystemd0:amd64 (252.17-1~deb12u1) ...
Selecting previously unselected package libudev1:amd64.
Preparing to unpack .../libudev1_252.17-1~deb12u1_amd64.deb ...
Unpacking libudev1:amd64 (252.17-1~deb12u1) ...
Selecting previously unselected package sysvinit-utils.
Preparing to unpack .../sysvinit-utils_3.06-4_amd64.deb ...
Unpacking sysvinit-utils (3.06-4) ...
Selecting previously unselected package tar.
dpkg: regarding .../tar_1.34+dfsg-1.2_amd64.deb containing tar, pre-dependency problem:
 tar pre-depends on libacl1 (>= 2.2.23)
  libacl1:amd64 is unpacked, but has never been configured.

dpkg: warning: ignoring pre-dependency problem!
dpkg: regarding .../tar_1.34+dfsg-1.2_amd64.deb containing tar, pre-dependency problem:
 tar pre-depends on libselinux1 (>= 3.1~)
  libselinux1:amd64 is unpacked, but has never been configured.

dpkg: warning: ignoring pre-dependency problem!
Preparing to unpack .../tar_1.34+dfsg-1.2_amd64.deb ...
Unpacking tar (1.34+dfsg-1.2) ...
Selecting previously unselected package tzdata.
Preparing to unpack .../tzdata_2023c-5_all.deb ...
Unpacking tzdata (2023c-5) ...
Selecting previously unselected package usrmerge.
Preparing to unpack .../archives/usrmerge_35_all.deb ...
Unpacking usrmerge (35) ...
Selecting previously unselected package bsdutils.
dpkg: regarding .../bsdutils_1%3a2.38.1-5+b1_amd64.deb containing bsdutils, pre-dependency problem:
 bsdutils pre-depends on libsystemd0
  libsystemd0:amd64 is unpacked, but has never been configured.

dpkg: warning: ignoring pre-dependency problem!
Preparing to unpack .../bsdutils_1%3a2.38.1-5+b1_amd64.deb ...
Unpacking bsdutils (1:2.38.1-5+b1) ...
Selecting previously unselected package libblkid1:amd64.
Preparing to unpack .../libblkid1_2.38.1-5+b1_amd64.deb ...
Unpacking libblkid1:amd64 (2.38.1-5+b1) ...
Selecting previously unselected package libmount1:amd64.
Preparing to unpack .../libmount1_2.38.1-5+b1_amd64.deb ...
Unpacking libmount1:amd64 (2.38.1-5+b1) ...
Selecting previously unselected package libsmartcols1:amd64.
Preparing to unpack .../libsmartcols1_2.38.1-5+b1_amd64.deb ...
Unpacking libsmartcols1:amd64 (2.38.1-5+b1) ...
Selecting previously unselected package libuuid1:amd64.
Preparing to unpack .../libuuid1_2.38.1-5+b1_amd64.deb ...
Unpacking libuuid1:amd64 (2.38.1-5+b1) ...
Selecting previously unselected package mount.
dpkg: regarding .../mount_2.38.1-5+b1_amd64.deb containing mount, pre-dependency problem:
 mount pre-depends on libblkid1 (>= 2.17.2)
  libblkid1:amd64 is unpacked, but has never been configured.

dpkg: warning: ignoring pre-dependency problem!
dpkg: regarding .../mount_2.38.1-5+b1_amd64.deb containing mount, pre-dependency problem:
 mount pre-depends on libmount1 (>= 2.38)
  libmount1:amd64 is unpacked, but has never been configured.

dpkg: warning: ignoring pre-dependency problem!
dpkg: regarding .../mount_2.38.1-5+b1_amd64.deb containing mount, pre-dependency problem:
 mount pre-depends on libselinux1 (>= 3.1~)
  libselinux1:amd64 is unpacked, but has never been configured.

dpkg: warning: ignoring pre-dependency problem!
dpkg: regarding .../mount_2.38.1-5+b1_amd64.deb containing mount, pre-dependency problem:
 mount pre-depends on libsmartcols1 (>= 2.33)
  libsmartcols1:amd64 is unpacked, but has never been configured.

dpkg: warning: ignoring pre-dependency problem!
Preparing to unpack .../mount_2.38.1-5+b1_amd64.deb ...
Unpacking mount (2.38.1-5+b1) ...
Selecting previously unselected package util-linux.
dpkg: regarding .../util-linux_2.38.1-5+b1_amd64.deb containing util-linux, pre-dependency problem:
 util-linux pre-depends on libblkid1 (>= 2.37.2)
  libblkid1:amd64 is unpacked, but has never been configured.

dpkg: warning: ignoring pre-dependency problem!
dpkg: regarding .../util-linux_2.38.1-5+b1_amd64.deb containing util-linux, pre-dependency problem:
 util-linux pre-depends on libcap-ng0 (>= 0.7.9)
  libcap-ng0:amd64 is unpacked, but has never been configured.

dpkg: warning: ignoring pre-dependency problem!
dpkg: regarding .../util-linux_2.38.1-5+b1_amd64.deb containing util-linux, pre-dependency problem:
 util-linux pre-depends on libcrypt1 (>= 1:4.1.0)
  libcrypt1:amd64 is unpacked, but has never been configured.

dpkg: warning: ignoring pre-dependency problem!
dpkg: regarding .../util-linux_2.38.1-5+b1_amd64.deb containing util-linux, pre-dependency problem:
 util-linux pre-depends on libmount1 (>= 2.38)
  libmount1:amd64 is unpacked, but has never been configured.

dpkg: warning: ignoring pre-dependency problem!
dpkg: regarding .../util-linux_2.38.1-5+b1_amd64.deb containing util-linux, pre-dependency problem:
 util-linux pre-depends on libpam0g (>= 0.99.7.1)
  libpam0g:amd64 is unpacked, but has never been configured.

dpkg: warning: ignoring pre-dependency problem!
dpkg: regarding .../util-linux_2.38.1-5+b1_amd64.deb containing util-linux, pre-dependency problem:
 util-linux pre-depends on libselinux1 (>= 3.1~)
  libselinux1:amd64 is unpacked, but has never been configured.

dpkg: warning: ignoring pre-dependency problem!
dpkg: regarding .../util-linux_2.38.1-5+b1_amd64.deb containing util-linux, pre-dependency problem:
 util-linux pre-depends on libsmartcols1 (>= 2.38)
  libsmartcols1:amd64 is unpacked, but has never been configured.

dpkg: warning: ignoring pre-dependency problem!
dpkg: regarding .../util-linux_2.38.1-5+b1_amd64.deb containing util-linux, pre-dependency problem:
 util-linux pre-depends on libsystemd0
  libsystemd0:amd64 is unpacked, but has never been configured.

dpkg: warning: ignoring pre-dependency problem!
dpkg: regarding .../util-linux_2.38.1-5+b1_amd64.deb containing util-linux, pre-dependency problem:
 util-linux pre-depends on libtinfo6 (>= 6)
  libtinfo6:amd64 is unpacked, but has never been configured.

dpkg: warning: ignoring pre-dependency problem!
dpkg: regarding .../util-linux_2.38.1-5+b1_amd64.deb containing util-linux, pre-dependency problem:
 util-linux pre-depends on libudev1 (>= 183)
  libudev1:amd64 is unpacked, but has never been configured.

dpkg: warning: ignoring pre-dependency problem!
dpkg: regarding .../util-linux_2.38.1-5+b1_amd64.deb containing util-linux, pre-dependency problem:
 util-linux pre-depends on libuuid1 (>= 2.16)
  libuuid1:amd64 is unpacked, but has never been configured.

dpkg: warning: ignoring pre-dependency problem!
dpkg: regarding .../util-linux_2.38.1-5+b1_amd64.deb containing util-linux, pre-dependency problem:
 util-linux pre-depends on zlib1g (>= 1:1.1.4)
  zlib1g is not installed.

dpkg: warning: ignoring pre-dependency problem!
Preparing to unpack .../util-linux_2.38.1-5+b1_amd64.deb ...
Unpacking util-linux (2.38.1-5+b1) ...
Selecting previously unselected package util-linux-extra.
Preparing to unpack .../util-linux-extra_2.38.1-5+b1_amd64.deb ...
Unpacking util-linux-extra (2.38.1-5+b1) ...
Selecting previously unselected package libxxhash0:amd64.
Preparing to unpack .../libxxhash0_0.8.1-1_amd64.deb ...
Unpacking libxxhash0:amd64 (0.8.1-1) ...
Selecting previously unselected package liblzma5:amd64.
Preparing to unpack .../liblzma5_5.4.1-0.2_amd64.deb ...
Unpacking liblzma5:amd64 (5.4.1-0.2) ...
Selecting previously unselected package zlib1g:amd64.
Preparing to unpack .../zlib1g_1%3a1.2.13.dfsg-1_amd64.deb ...
Unpacking zlib1g:amd64 (1:1.2.13.dfsg-1) ...
Setting up libtext-glob-perl (0.11-3) ...
Setting up debian-archive-keyring (2023.3+deb12u1) ...
Setting up libaudit-common (1:3.0.9-1) ...
Setting up libsemanage-common (3.4-1) ...
Setting up debconf (1.5.82) ...
Setting up libnumber-compare-perl (0.03-3) ...
Setting up gcc-12-base:amd64 (12.2.0-14) ...
Setting up tzdata (2023c-5) ...

Current default time zone: 'Etc/UTC'
Local time is now:      Tue Nov 28 05:25:06 UTC 2023.
Universal Time is now:  Tue Nov 28 05:25:06 UTC 2023.
Run 'dpkg-reconfigure tzdata' if you wish to change it.

Setting up ncurses-base (6.4-4) ...
Setting up libgcc-s1:amd64 (12.2.0-14) ...
Setting up libc6:amd64 (2.36-9+deb12u2) ...
Setting up libudev1:amd64 (252.17-1~deb12u1) ...
Setting up libffi8:amd64 (3.4.4-1) ...
Setting up libmd0:amd64 (1.0.4-2) ...
Setting up libxxhash0:amd64 (0.8.1-1) ...
Setting up libattr1:amd64 (1:2.5.1-4) ...
Setting up sysvinit-utils (3.06-4) ...
Setting up libtasn1-6:amd64 (4.19.0-2) ...
Setting up debianutils (5.7-0.5~deb12u1) ...
update-alternatives: using /usr/bin/which.debianutils to provide /usr/bin/which (which) in auto mode
Setting up mawk (1.3.4.20200120-3.1) ...
Setting up libdebconfclient0:amd64 (0.270) ...
Setting up base-files (12.4+deb12u2) ...
Setting up libbz2-1.0:amd64 (1.0.8-5+b1) ...
Setting up libdb5.3:amd64 (5.3.28+dfsg2-1) ...
Setting up libblkid1:amd64 (2.38.1-5+b1) ...
Setting up libstdc++6:amd64 (12.2.0-14) ...
Setting up libgdbm6:amd64 (1.23-3) ...
Setting up libtinfo6:amd64 (6.4-4) ...
Setting up bash (5.2.15-2+b2) ...
update-alternatives: using /usr/share/man/man7/bash-builtins.7.gz to provide /usr/share/man/man7/builtins.7.gz (builtins.7.gz) in auto mode
Setting up libzstd1:amd64 (1.5.4+dfsg2-5) ...
Setting up liblzma5:amd64 (5.4.1-0.2) ...
Setting up libgpg-error0:amd64 (1.46-1) ...
Setting up liblz4-1:amd64 (1.9.4-1) ...
Setting up libc-bin (2.36-9+deb12u2) ...
Setting up ncurses-bin (6.4-4) ...
Setting up libacl1:amd64 (2.3.1-3) ...
Setting up libunistring2:amd64 (1.0-2) ...
Setting up libsmartcols1:amd64 (2.38.1-5+b1) ...
Setting up libgcrypt20:amd64 (1.10.1-3) ...
Setting up zlib1g:amd64 (1:1.2.13.dfsg-1) ...
Setting up libcrypt1:amd64 (1:4.4.33-2) ...
Setting up libidn2-0:amd64 (2.3.3-1+b1) ...
Setting up libcom-err2:amd64 (1.47.0-2) ...
Setting up diffutils (1:3.8-4) ...
Setting up libseccomp2:amd64 (2.5.4-1+b3) ...
Setting up libcap2:amd64 (1:2.66-4) ...
Setting up hostname (3.23+nmu1) ...
Setting up libcap-ng0:amd64 (0.8.3-1+b3) ...
Setting up libext2fs2:amd64 (1.47.0-2) ...
Setting up libnettle8:amd64 (3.8.1-2) ...
Setting up libgmp10:amd64 (2:6.2.1+dfsg1-1.1) ...
Setting up libp11-kit0:amd64 (0.24.1-2) ...
Setting up libaudit1:amd64 (1:3.0.9-1) ...
Setting up libuuid1:amd64 (2.38.1-5+b1) ...
Setting up libss2:amd64 (1.47.0-2) ...
Setting up libgdbm-compat4:amd64 (1.23-3) ...
Setting up libsepol2:amd64 (3.4-2.1) ...
Setting up libpcre2-8-0:amd64 (10.42-1) ...
Setting up logsave (1.47.0-2) ...
Setting up gpgv (2.2.40-1.1) ...
Setting up util-linux-extra (2.38.1-5+b1) ...
Setting up libhogweed6:amd64 (3.8.1-2) ...
Setting up e2fsprogs (1.47.0-2) ...
Setting up libsystemd0:amd64 (252.17-1~deb12u1) ...
Setting up libselinux1:amd64 (3.4-1+b6) ...
Setting up libgnutls30:amd64 (3.7.9-2) ...
Setting up libpam0g:amd64 (1.5.2-6+deb12u1) ...
Setting up libapt-pkg6.0:amd64 (2.6.1) ...
Setting up sed (4.9-1) ...
Setting up findutils (4.9.0-4) ...
Setting up libmount1:amd64 (2.38.1-5+b1) ...
Setting up libsemanage2:amd64 (3.4-1+b5) ...
Setting up base-passwd (3.6.1) ...
Setting up bsdutils (1:2.38.1-5+b1) ...
Setting up tar (1.34+dfsg-1.2) ...
update-alternatives: using /usr/sbin/rmt-tar to provide /usr/sbin/rmt (rmt) in auto mode
Setting up libpam-modules-bin (1.5.2-6+deb12u1) ...
Setting up coreutils (9.1-1) ...
Setting up util-linux (2.38.1-5+b1) ...
update-alternatives: using /bin/more to provide /usr/bin/pager (pager) in auto mode
Setting up dpkg (1.21.22) ...
Setting up mount (2.38.1-5+b1) ...
Setting up dash (0.5.12-2) ...
No diversion 'diversion of /bin/sh by bash', none removed.
Adding 'diversion of /bin/sh to /bin/sh.distrib by dash'
No diversion 'diversion of /usr/share/man/man1/sh.1.gz by bash', none removed.
Adding 'diversion of /usr/share/man/man1/sh.1.gz to /usr/share/man/man1/sh.distrib.1.gz by dash'
Setting up libpam-modules:amd64 (1.5.2-6+deb12u1) ...
Setting up grep (3.8-5) ...
Setting up perl-base (5.36.0-7) ...
Setting up perl-modules-5.36 (5.36.0-7) ...
Setting up gzip (1.12-1) ...
Setting up passwd (1:4.13+dfsg1-1+b1) ...
Shadow passwords are now on.
Setting up libpam-runtime (1.5.2-6+deb12u1) ...
Setting up libperl5.36:amd64 (5.36.0-7) ...
Setting up login (1:4.13+dfsg1-1+b1) ...
Setting up adduser (3.134) ...
Setting up apt (2.6.1) ...
Setting up perl (5.36.0-7) ...
Setting up libfile-find-rule-perl (0.34-3) ...
Setting up usrmerge (35) ...
Setting up init-system-helpers (1.65.2) ...
Processing triggers for libc-bin (2.36-9+deb12u2) ...
(Reading database ... 8136 files and directories currently installed.)
Preparing to unpack .../libssl3_3.0.11-1~deb12u1_amd64.deb ...
Unpacking libssl3:amd64 (3.0.11-1~deb12u1) ...
Setting up libssl3:amd64 (3.0.11-1~deb12u1) ...
Processing triggers for libc-bin (2.36-9+deb12u2) ...
(Reading database ... 8148 files and directories currently installed.)
Preparing to unpack .../libapparmor1_3.0.8-3_amd64.deb ...
Unpacking libapparmor1:amd64 (3.0.8-3) ...
Preparing to unpack .../libargon2-1_0~20171227-0.3+deb12u1_amd64.deb ...
Unpacking libargon2-1:amd64 (0~20171227-0.3+deb12u1) ...
Preparing to unpack .../libcryptsetup12_2%3a2.6.1-4~deb12u1_amd64.deb ...
Unpacking libcryptsetup12:amd64 (2:2.6.1-4~deb12u1) ...
Preparing to unpack .../dbus_1.14.10-1~deb12u1_amd64.deb ...
Unpacking dbus (1.14.10-1~deb12u1) ...
Preparing to unpack .../dbus-bin_1.14.10-1~deb12u1_amd64.deb ...
Unpacking dbus-bin (1.14.10-1~deb12u1) ...
Preparing to unpack .../dbus-daemon_1.14.10-1~deb12u1_amd64.deb ...
Unpacking dbus-daemon (1.14.10-1~deb12u1) ...
Preparing to unpack .../dbus-session-bus-common_1.14.10-1~deb12u1_all.deb ...
Unpacking dbus-session-bus-common (1.14.10-1~deb12u1) ...
Preparing to unpack .../dbus-system-bus-common_1.14.10-1~deb12u1_all.deb ...
Unpacking dbus-system-bus-common (1.14.10-1~deb12u1) ...
Preparing to unpack .../libdbus-1-3_1.14.10-1~deb12u1_amd64.deb ...
Unpacking libdbus-1-3:amd64 (1.14.10-1~deb12u1) ...
Preparing to unpack .../libexpat1_2.5.0-1_amd64.deb ...
Unpacking libexpat1:amd64 (2.5.0-1) ...
Preparing to unpack .../libip4tc2_1.8.9-2_amd64.deb ...
Unpacking libip4tc2:amd64 (1.8.9-2) ...
Preparing to unpack .../libjson-c5_0.16-2_amd64.deb ...
Unpacking libjson-c5:amd64 (0.16-2) ...
Preparing to unpack .../libkmod2_30+20221128-1_amd64.deb ...
Unpacking libkmod2:amd64 (30+20221128-1) ...
Preparing to unpack .../dmsetup_2%3a1.02.185-2_amd64.deb ...
Unpacking dmsetup (2:1.02.185-2) ...
Preparing to unpack .../libdevmapper1.02.1_2%3a1.02.185-2_amd64.deb ...
Unpacking libdevmapper1.02.1:amd64 (2:1.02.185-2) ...
Preparing to unpack .../libsystemd-shared_252.17-1~deb12u1_amd64.deb ...
Unpacking libsystemd-shared:amd64 (252.17-1~deb12u1) ...
Preparing to unpack .../systemd_252.17-1~deb12u1_amd64.deb ...
Unpacking systemd (252.17-1~deb12u1) ...
Preparing to unpack .../systemd-resolved_252.17-1~deb12u1_amd64.deb ...
Unpacking systemd-resolved (252.17-1~deb12u1) ...
Preparing to unpack .../libfdisk1_2.38.1-5+b1_amd64.deb ...
Unpacking libfdisk1:amd64 (2.38.1-5+b1) ...
Processing triggers for libc-bin (2.36-9+deb12u2) ...
Setting up libip4tc2:amd64 (1.8.9-2) ...
Setting up libexpat1:amd64 (2.5.0-1) ...
Setting up libapparmor1:amd64 (3.0.8-3) ...
Setting up libargon2-1:amd64 (0~20171227-0.3+deb12u1) ...
Setting up libdbus-1-3:amd64 (1.14.10-1~deb12u1) ...
Setting up libfdisk1:amd64 (2.38.1-5+b1) ...
Setting up dbus-session-bus-common (1.14.10-1~deb12u1) ...
Setting up dbus-system-bus-common (1.14.10-1~deb12u1) ...
Setting up libjson-c5:amd64 (0.16-2) ...
Setting up dbus-bin (1.14.10-1~deb12u1) ...
Setting up libkmod2:amd64 (30+20221128-1) ...
Setting up dbus-daemon (1.14.10-1~deb12u1) ...
Setting up dbus (1.14.10-1~deb12u1) ...
invoke-rc.d: could not determine current runlevel
invoke-rc.d: policy-rc.d denied execution of start.
Setting up libsystemd-shared:amd64 (252.17-1~deb12u1) ...
Setting up libdevmapper1.02.1:amd64 (2:1.02.185-2) ...
Setting up dmsetup (2:1.02.185-2) ...
Setting up libcryptsetup12:amd64 (2:2.6.1-4~deb12u1) ...
Setting up systemd (252.17-1~deb12u1) ...
Created symlink /etc/systemd/system/getty.target.wants/getty@tty1.service -> /lib/systemd/system/getty@.service.
Created symlink /etc/systemd/system/multi-user.target.wants/remote-fs.target -> /lib/systemd/system/remote-fs.target.
Created symlink /etc/systemd/system/sysinit.target.wants/systemd-pstore.service -> /lib/systemd/system/systemd-pstore.service.
Initializing machine ID from D-Bus machine ID.
Creating group 'systemd-journal' with GID 999.
Creating group 'systemd-network' with GID 998.
Creating user 'systemd-network' (systemd Network Management) with UID 998 and GID 998.
Setting up systemd-resolved (252.17-1~deb12u1) ...
Converting /etc/resolv.conf to a symlink to /run/systemd/resolve/stub-resolv.conf...
Creating group 'systemd-resolve' with GID 997.
Creating user 'systemd-resolve' (systemd Resolver) with UID 997 and GID 997.
Created symlink /etc/systemd/system/dbus-org.freedesktop.resolve1.service -> /lib/systemd/system/systemd-resolved.service.
Created symlink /etc/systemd/system/sysinit.target.wants/systemd-resolved.service -> /lib/systemd/system/systemd-resolved.service.
Processing triggers for libc-bin (2.36-9+deb12u2) ...
