2023-11-28 05:24:56 startup archives install
2023-11-28 05:24:56 install base-passwd:amd64 <none> 3.6.1
2023-11-28 05:24:56 status half-installed base-passwd:amd64 3.6.1
2023-11-28 05:24:56 status unpacked base-passwd:amd64 3.6.1
2023-11-28 05:24:56 configure base-passwd:amd64 3.6.1 3.6.1
2023-11-28 05:24:56 status half-configured base-passwd:amd64 3.6.1
2023-11-28 05:24:57 status installed base-passwd:amd64 3.6.1
2023-11-28 05:24:57 startup archives install
2023-11-28 05:24:57 install base-files:amd64 <none> 12.4+deb12u2
2023-11-28 05:24:57 status half-installed base-files:amd64 12.4+deb12u2
2023-11-28 05:24:57 status unpacked base-files:amd64 12.4+deb12u2
2023-11-28 05:24:57 configure base-files:amd64 12.4+deb12u2 12.4+deb12u2
2023-11-28 05:24:57 status half-configured base-files:amd64 12.4+deb12u2
2023-11-28 05:24:57 status installed base-files:amd64 12.4+deb12u2
2023-11-28 05:24:57 startup archives install
2023-11-28 05:24:57 upgrade dpkg 1.21.22 1.21.22
2023-11-28 05:24:57 status half-configured dpkg 1.21.22
2023-11-28 05:24:57 status unpacked dpkg 1.21.22
2023-11-28 05:24:57 status half-installed dpkg 1.21.22
2023-11-28 05:24:57 status unpacked dpkg:amd64 1.21.22
2023-11-28 05:24:57 configure dpkg:amd64 1.21.22 1.21.22
2023-11-28 05:24:57 status half-configured dpkg:amd64 1.21.22
2023-11-28 05:24:57 status installed dpkg:amd64 1.21.22
2023-11-28 05:24:57 startup archives install
2023-11-28 05:24:57 install libc6:amd64 <none> 2.36-9+deb12u2
2023-11-28 05:24:57 status half-installed libc6:amd64 2.36-9+deb12u2
2023-11-28 05:24:58 status unpacked libc6:amd64 2.36-9+deb12u2
2023-11-28 05:24:58 configure libc6:amd64 2.36-9+deb12u2 2.36-9+deb12u2
2023-11-28 05:24:58 status half-configured libc6:amd64 2.36-9+deb12u2
2023-11-28 05:24:58 status installed libc6:amd64 2.36-9+deb12u2
2023-11-28 05:24:58 startup archives install
2023-11-28 05:24:58 install perl-base:amd64 <none> 5.36.0-7
2023-11-28 05:24:58 status half-installed perl-base:amd64 5.36.0-7
2023-11-28 05:24:58 status unpacked perl-base:amd64 5.36.0-7
2023-11-28 05:24:58 configure perl-base:amd64 5.36.0-7 5.36.0-7
2023-11-28 05:24:58 status half-configured perl-base:amd64 5.36.0-7
2023-11-28 05:24:58 status installed perl-base:amd64 5.36.0-7
2023-11-28 05:24:58 startup archives install
2023-11-28 05:24:58 install mawk:amd64 <none> 1.3.4.20200120-3.1
2023-11-28 05:24:58 status half-installed mawk:amd64 1.3.4.20200120-3.1
2023-11-28 05:24:58 status unpacked mawk:amd64 1.3.4.20200120-3.1
2023-11-28 05:24:58 configure mawk:amd64 1.3.4.20200120-3.1 1.3.4.20200120-3.1
2023-11-28 05:24:58 status half-configured mawk:amd64 1.3.4.20200120-3.1
2023-11-28 05:24:58 status installed mawk:amd64 1.3.4.20200120-3.1
2023-11-28 05:24:58 startup archives unpack
2023-11-28 05:24:58 install libacl1:amd64 <none> 2.3.1-3
2023-11-28 05:24:58 status half-installed libacl1:amd64 2.3.1-3
2023-11-28 05:24:58 status unpacked libacl1:amd64 2.3.1-3
2023-11-28 05:24:58 install adduser:all <none> 3.134
2023-11-28 05:24:58 status half-installed adduser:all 3.134
2023-11-28 05:24:58 status unpacked adduser:all 3.134
2023-11-28 05:24:58 install apt:amd64 <none> 2.6.1
2023-11-28 05:24:58 status half-installed apt:amd64 2.6.1
2023-11-28 05:24:59 status unpacked apt:amd64 2.6.1
2023-11-28 05:24:59 install libapt-pkg6.0:amd64 <none> 2.6.1
2023-11-28 05:24:59 status half-installed libapt-pkg6.0:amd64 2.6.1
2023-11-28 05:24:59 status unpacked libapt-pkg6.0:amd64 2.6.1
2023-11-28 05:24:59 install libattr1:amd64 <none> 1:2.5.1-4
2023-11-28 05:24:59 status half-installed libattr1:amd64 1:2.5.1-4
2023-11-28 05:24:59 status unpacked libattr1:amd64 1:2.5.1-4
2023-11-28 05:24:59 install libaudit-common:all <none> 1:3.0.9-1
2023-11-28 05:24:59 status half-installed libaudit-common:all 1:3.0.9-1
2023-11-28 05:24:59 status unpacked libaudit-common:all 1:3.0.9-1
2023-11-28 05:24:59 install libaudit1:amd64 <none> 1:3.0.9-1
2023-11-28 05:24:59 status half-installed libaudit1:amd64 1:3.0.9-1
2023-11-28 05:24:59 status unpacked libaudit1:amd64 1:3.0.9-1
2023-11-28 05:24:59 upgrade base-files:amd64 12.4+deb12u2 12.4+deb12u2
2023-11-28 05:24:59 status half-configured base-files:amd64 12.4+deb12u2
2023-11-28 05:24:59 status unpacked base-files:amd64 12.4+deb12u2
2023-11-28 05:24:59 status half-installed base-files:amd64 12.4+deb12u2
2023-11-28 05:24:59 status unpacked base-files:amd64 12.4+deb12u2
2023-11-28 05:24:59 upgrade base-passwd:amd64 3.6.1 3.6.1
2023-11-28 05:24:59 status half-configured base-passwd:amd64 3.6.1
2023-11-28 05:24:59 status unpacked base-passwd:amd64 3.6.1
2023-11-28 05:24:59 status half-installed base-passwd:amd64 3.6.1
2023-11-28 05:24:59 status unpacked base-passwd:amd64 3.6.1
2023-11-28 05:24:59 install bash:amd64 <none> 5.2.15-2+b2
2023-11-28 05:24:59 status half-installed bash:amd64 5.2.15-2+b2
2023-11-28 05:24:59 status unpacked bash:amd64 5.2.15-2+b2
2023-11-28 05:24:59 install libbz2-1.0:amd64 <none> 1.0.8-5+b1
2023-11-28 05:24:59 status half-installed libbz2-1.0:amd64 1.0.8-5+b1
2023-11-28 05:24:59 status unpacked libbz2-1.0:amd64 1.0.8-5+b1
2023-11-28 05:24:59 install libdebconfclient0:amd64 <none> 0.270
2023-11-28 05:24:59 status half-installed libdebconfclient0:amd64 0.270
2023-11-28 05:24:59 status unpacked libdebconfclient0:amd64 0.270
2023-11-28 05:24:59 install coreutils:amd64 <none> 9.1-1
2023-11-28 05:24:59 status half-installed coreutils:amd64 9.1-1
2023-11-28 05:25:00 status unpacked coreutils:amd64 9.1-1
2023-11-28 05:25:00 install dash:amd64 <none> 0.5.12-2
2023-11-28 05:25:00 status half-installed dash:amd64 0.5.12-2
2023-11-28 05:25:00 status unpacked dash:amd64 0.5.12-2
2023-11-28 05:25:00 install libdb5.3:amd64 <none> 5.3.28+dfsg2-1
2023-11-28 05:25:00 status half-installed libdb5.3:amd64 5.3.28+dfsg2-1
2023-11-28 05:25:00 status unpacked libdb5.3:amd64 5.3.28+dfsg2-1
2023-11-28 05:25:00 install debconf:all <none> 1.5.82
2023-11-28 05:25:00 status half-installed debconf:all 1.5.82
2023-11-28 05:25:00 status unpacked debconf:all 1.5.82
2023-11-28 05:25:00 install debian-archive-keyring:all <none> 2023.3+deb12u1
2023-11-28 05:25:00 status half-installed debian-archive-keyring:all 2023.3+deb12u1
2023-11-28 05:25:00 status unpacked debian-archive-keyring:all 2023.3+deb12u1
2023-11-28 05:25:00 install debianutils:amd64 <none> 5.7-0.5~deb12u1
2023-11-28 05:25:00 status half-installed debianutils:amd64 5.7-0.5~deb12u1
2023-11-28 05:25:00 status unpacked debianutils:amd64 5.7-0.5~deb12u1
2023-11-28 05:25:00 install diffutils:amd64 <none> 1:3.8-4
2023-11-28 05:25:00 status half-installed diffutils:amd64 1:3.8-4
2023-11-28 05:25:00 status unpacked diffutils:amd64 1:3.8-4
2023-11-28 05:25:00 upgrade dpkg:amd64 1.21.22 1.21.22
2023-11-28 05:25:00 status half-configured dpkg:amd64 1.21.22
2023-11-28 05:25:00 status unpacked dpkg:amd64 1.21.22
2023-11-28 05:25:00 status half-installed dpkg:amd64 1.21.22
2023-11-28 05:25:00 status unpacked dpkg:amd64 1.21.22
2023-11-28 05:25:00 install e2fsprogs:amd64 <none> 1.47.0-2
2023-11-28 05:25:00 status half-installed e2fsprogs:amd64 1.47.0-2
2023-11-28 05:25:00 status unpacked e2fsprogs:amd64 1.47.0-2
2023-11-28 05:25:00 install libcom-err2:amd64 <none> 1.47.0-2
2023-11-28 05:25:00 status half-installed libcom-err2:amd64 1.47.0-2
2023-11-28 05:25:00 status unpacked libcom-err2:amd64 1.47.0-2
2023-11-28 05:25:00 install libext2fs2:amd64 <none> 1.47.0-2
2023-11-28 05:25:00 status half-installed libext2fs2:amd64 1.47.0-2
2023-11-28 05:25:00 status unpacked libext2fs2:amd64 1.47.0-2
2023-11-28 05:25:00 install libss2:amd64 <none> 1.47.0-2
2023-11-28 05:25:00 status half-installed libss2:amd64 1.47.0-2
2023-11-28 05:25:00 status unpacked libss2:amd64 1.47.0-2
2023-11-28 05:25:00 install logsave:amd64 <none> 1.47.0-2
2023-11-28 05:25:00 status half-installed logsave:amd64 1.47.0-2
2023-11-28 05:25:00 status unpacked logsave:amd64 1.47.0-2
2023-11-28 05:25:00 install findutils:amd64 <none> 4.9.0-4
2023-11-28 05:25:00 status half-installed findutils:amd64 4.9.0-4
2023-11-28 05:25:00 status unpacked findutils:amd64 4.9.0-4
2023-11-28 05:25:00 install gcc-12-base:amd64 <none> 12.2.0-14
2023-11-28 05:25:00 status half-installed gcc-12-base:amd64 12.2.0-14
2023-11-28 05:25:00 status unpacked gcc-12-base:amd64 12.2.0-14
2023-11-28 05:25:00 install libgcc-s1:amd64 <none> 12.2.0-14
2023-11-28 05:25:00 status half-installed libgcc-s1:amd64 12.2.0-14
2023-11-28 05:25:00 status unpacked libgcc-s1:amd64 12.2.0-14
2023-11-28 05:25:00 install libstdc++6:amd64 <none> 12.2.0-14
2023-11-28 05:25:00 status half-installed libstdc++6:amd64 12.2.0-14
2023-11-28 05:25:01 status unpacked libstdc++6:amd64 12.2.0-14
2023-11-28 05:25:01 install libgdbm-compat4:amd64 <none> 1.23-3
2023-11-28 05:25:01 status half-installed libgdbm-compat4:amd64 1.23-3
2023-11-28 05:25:01 status unpacked libgdbm-compat4:amd64 1.23-3
2023-11-28 05:25:01 install libgdbm6:amd64 <none> 1.23-3
2023-11-28 05:25:01 status half-installed libgdbm6:amd64 1.23-3
2023-11-28 05:25:01 status unpacked libgdbm6:amd64 1.23-3
2023-11-28 05:25:01 install libc-bin:amd64 <none> 2.36-9+deb12u2
2023-11-28 05:25:01 status half-installed libc-bin:amd64 2.36-9+deb12u2
2023-11-28 05:25:01 status unpacked libc-bin:amd64 2.36-9+deb12u2
2023-11-28 05:25:01 upgrade libc6:amd64 2.36-9+deb12u2 2.36-9+deb12u2
2023-11-28 05:25:01 status half-configured libc6:amd64 2.36-9+deb12u2
2023-11-28 05:25:01 status unpacked libc6:amd64 2.36-9+deb12u2
2023-11-28 05:25:01 status half-installed libc6:amd64 2.36-9+deb12u2
2023-11-28 05:25:01 status unpacked libc6:amd64 2.36-9+deb12u2
2023-11-28 05:25:01 install libgmp10:amd64 <none> 2:6.2.1+dfsg1-1.1
2023-11-28 05:25:01 status half-installed libgmp10:amd64 2:6.2.1+dfsg1-1.1
2023-11-28 05:25:01 status unpacked libgmp10:amd64 2:6.2.1+dfsg1-1.1
2023-11-28 05:25:01 install gpgv:amd64 <none> 2.2.40-1.1
2023-11-28 05:25:01 status half-installed gpgv:amd64 2.2.40-1.1
2023-11-28 05:25:01 status unpacked gpgv:amd64 2.2.40-1.1
2023-11-28 05:25:01 install libgnutls30:amd64 <none> 3.7.9-2
2023-11-28 05:25:01 status half-installed libgnutls30:amd64 3.7.9-2
2023-11-28 05:25:02 status unpacked libgnutls30:amd64 3.7.9-2
2023-11-28 05:25:02 install grep:amd64 <none> 3.8-5
2023-11-28 05:25:02 status half-installed grep:amd64 3.8-5
2023-11-28 05:25:02 status unpacked grep:amd64 3.8-5
2023-11-28 05:25:02 install gzip:amd64 <none> 1.12-1
2023-11-28 05:25:02 status half-installed gzip:amd64 1.12-1
2023-11-28 05:25:02 status unpacked gzip:amd64 1.12-1
2023-11-28 05:25:02 install hostname:amd64 <none> 3.23+nmu1
2023-11-28 05:25:02 status half-installed hostname:amd64 3.23+nmu1
2023-11-28 05:25:02 status unpacked hostname:amd64 3.23+nmu1
2023-11-28 05:25:02 install init-system-helpers:all <none> 1.65.2
2023-11-28 05:25:02 status half-installed init-system-helpers:all 1.65.2
2023-11-28 05:25:02 status unpacked init-system-helpers:all 1.65.2
2023-11-28 05:25:02 install libcap-ng0:amd64 <none> 0.8.3-1+b3
2023-11-28 05:25:02 status half-installed libcap-ng0:amd64 0.8.3-1+b3
2023-11-28 05:25:02 status unpacked libcap-ng0:amd64 0.8.3-1+b3
2023-11-28 05:25:02 install libcap2:amd64 <none> 1:2.66-4
2023-11-28 05:25:02 status half-installed libcap2:amd64 1:2.66-4
2023-11-28 05:25:02 status unpacked libcap2:amd64 1:2.66-4
2023-11-28 05:25:02 install libffi8:amd64 <none> 3.4.4-1
2023-11-28 05:25:02 status half-installed libffi8:amd64 3.4.4-1
2023-11-28 05:25:02 status unpacked libffi8:amd64 3.4.4-1
2023-11-28 05:25:02 install libfile-find-rule-perl:all <none> 0.34-3
2023-11-28 05:25:02 status half-installed libfile-find-rule-perl:all 0.34-3
2023-11-28 05:25:02 status unpacked libfile-find-rule-perl:all 0.34-3
2023-11-28 05:25:02 install libgcrypt20:amd64 <none> 1.10.1-3
2023-11-28 05:25:02 status half-installed libgcrypt20:amd64 1.10.1-3
2023-11-28 05:25:02 status unpacked libgcrypt20:amd64 1.10.1-3
2023-11-28 05:25:02 install libgpg-error0:amd64 <none> 1.46-1
2023-11-28 05:25:02 status half-installed libgpg-error0:amd64 1.46-1
2023-11-28 05:25:02 status unpacked libgpg-error0:amd64 1.46-1
2023-11-28 05:25:02 install libidn2-0:amd64 <none> 2.3.3-1+b1
2023-11-28 05:25:02 status half-installed libidn2-0:amd64 2.3.3-1+b1
2023-11-28 05:25:02 status unpacked libidn2-0:amd64 2.3.3-1+b1
2023-11-28 05:25:02 install libmd0:amd64 <none> 1.0.4-2
2023-11-28 05:25:02 status half-installed libmd0:amd64 1.0.4-2
2023-11-28 05:25:02 status unpacked libmd0:amd64 1.0.4-2
2023-11-28 05:25:02 install libnumber-compare-perl:all <none> 0.03-3
2023-11-28 05:25:02 status half-installed libnumber-compare-perl:all 0.03-3
2023-11-28 05:25:02 status unpacked libnumber-compare-perl:all 0.03-3
2023-11-28 05:25:02 install libseccomp2:amd64 <none> 2.5.4-1+b3
2023-11-28 05:25:02 status half-installed libseccomp2:amd64 2.5.4-1+b3
2023-11-28 05:25:02 status unpacked libseccomp2:amd64 2.5.4-1+b3
2023-11-28 05:25:02 install libselinux1:amd64 <none> 3.4-1+b6
2023-11-28 05:25:02 status half-installed libselinux1:amd64 3.4-1+b6
2023-11-28 05:25:02 status unpacked libselinux1:amd64 3.4-1+b6
2023-11-28 05:25:02 install libsemanage-common:all <none> 3.4-1
2023-11-28 05:25:02 status half-installed libsemanage-common:all 3.4-1
2023-11-28 05:25:02 status unpacked libsemanage-common:all 3.4-1
2023-11-28 05:25:02 install libsemanage2:amd64 <none> 3.4-1+b5
2023-11-28 05:25:02 status half-installed libsemanage2:amd64 3.4-1+b5
2023-11-28 05:25:02 status unpacked libsemanage2:amd64 3.4-1+b5
2023-11-28 05:25:02 install libsepol2:amd64 <none> 3.4-2.1
2023-11-28 05:25:02 status half-installed libsepol2:amd64 3.4-2.1
2023-11-28 05:25:02 status unpacked libsepol2:amd64 3.4-2.1
2023-11-28 05:25:02 install libtasn1-6:amd64 <none> 4.19.0-2
2023-11-28 05:25:02 status half-installed libtasn1-6:amd64 4.19.0-2
2023-11-28 05:25:02 status unpacked libtasn1-6:amd64 4.19.0-2
2023-11-28 05:25:02 install libtext-glob-perl:all <none> 0.11-3
2023-11-28 05:25:02 status half-installed libtext-glob-perl:all 0.11-3
2023-11-28 05:25:02 status unpacked libtext-glob-perl:all 0.11-3
2023-11-28 05:25:02 install libunistring2:amd64 <none> 1.0-2
2023-11-28 05:25:02 status half-installed libunistring2:amd64 1.0-2
2023-11-28 05:25:02 status unpacked libunistring2:amd64 1.0-2
2023-11-28 05:25:02 install libcrypt1:amd64 <none> 1:4.4.33-2
2023-11-28 05:25:02 status half-installed libcrypt1:amd64 1:4.4.33-2
2023-11-28 05:25:02 status unpacked libcrypt1:amd64 1:4.4.33-2
2023-11-28 05:25:02 install libzstd1:amd64 <none> 1.5.4+dfsg2-5
2023-11-28 05:25:02 status half-installed libzstd1:amd64 1.5.4+dfsg2-5
2023-11-28 05:25:02 status unpacked libzstd1:amd64 1.5.4+dfsg2-5
2023-11-28 05:25:02 install liblz4-1:amd64 <none> 1.9.4-1
2023-11-28 05:25:02 status half-installed liblz4-1:amd64 1.9.4-1
2023-11-28 05:25:02 status unpacked liblz4-1:amd64 1.9.4-1
2023-11-28 05:25:02 upgrade mawk:amd64 1.3.4.20200120-3.1 1.3.4.20200120-3.1
2023-11-28 05:25:02 status half-configured mawk:amd64 1.3.4.20200120-3.1
2023-11-28 05:25:02 status unpacked mawk:amd64 1.3.4.20200120-3.1
2023-11-28 05:25:02 status half-installed mawk:amd64 1.3.4.20200120-3.1
2023-11-28 05:25:02 status unpacked mawk:amd64 1.3.4.20200120-3.1
2023-11-28 05:25:02 install libtinfo6:amd64 <none> 6.4-4
2023-11-28 05:25:02 status half-installed libtinfo6:amd64 6.4-4
2023-11-28 05:25:02 status unpacked libtinfo6:amd64 6.4-4
2023-11-28 05:25:02 install ncurses-base:all <none> 6.4-4
2023-11-28 05:25:02 status half-installed ncurses-base:all 6.4-4
2023-11-28 05:25:02 status unpacked ncurses-base:all 6.4-4
2023-11-28 05:25:02 install ncurses-bin:amd64 <none> 6.4-4
2023-11-28 05:25:02 status half-installed ncurses-bin:amd64 6.4-4
2023-11-28 05:25:02 status unpacked ncurses-bin:amd64 6.4-4
2023-11-28 05:25:02 install libhogweed6:amd64 <none> 3.8.1-2
2023-11-28 05:25:02 status half-installed libhogweed6:amd64 3.8.1-2
2023-11-28 05:25:03 status unpacked libhogweed6:amd64 3.8.1-2
2023-11-28 05:25:03 install libnettle8:amd64 <none> 3.8.1-2
2023-11-28 05:25:03 status half-installed libnettle8:amd64 3.8.1-2
2023-11-28 05:25:03 status unpacked libnettle8:amd64 3.8.1-2
2023-11-28 05:25:03 install libp11-kit0:amd64 <none> 0.24.1-2
2023-11-28 05:25:03 status half-installed libp11-kit0:amd64 0.24.1-2
2023-11-28 05:25:03 status unpacked libp11-kit0:amd64 0.24.1-2
2023-11-28 05:25:03 install libpam-modules:amd64 <none> 1.5.2-6+deb12u1
2023-11-28 05:25:03 status half-installed libpam-modules:amd64 1.5.2-6+deb12u1
2023-11-28 05:25:03 status unpacked libpam-modules:amd64 1.5.2-6+deb12u1
2023-11-28 05:25:03 install libpam-modules-bin:amd64 <none> 1.5.2-6+deb12u1
2023-11-28 05:25:03 status half-installed libpam-modules-bin:amd64 1.5.2-6+deb12u1
2023-11-28 05:25:03 status unpacked libpam-modules-bin:amd64 1.5.2-6+deb12u1
2023-11-28 05:25:03 install libpam-runtime:all <none> 1.5.2-6+deb12u1
2023-11-28 05:25:03 status half-installed libpam-runtime:all 1.5.2-6+deb12u1
2023-11-28 05:25:03 status unpacked libpam-runtime:all 1.5.2-6+deb12u1
2023-11-28 05:25:03 install libpam0g:amd64 <none> 1.5.2-6+deb12u1
2023-11-28 05:25:03 status half-installed libpam0g:amd64 1.5.2-6+deb12u1
2023-11-28 05:25:03 status unpacked libpam0g:amd64 1.5.2-6+deb12u1
2023-11-28 05:25:03 install libpcre2-8-0:amd64 <none> 10.42-1
2023-11-28 05:25:03 status half-installed libpcre2-8-0:amd64 10.42-1
2023-11-28 05:25:03 status unpacked libpcre2-8-0:amd64 10.42-1
2023-11-28 05:25:03 install libperl5.36:amd64 <none> 5.36.0-7
2023-11-28 05:25:03 status half-installed libperl5.36:amd64 5.36.0-7
2023-11-28 05:25:03 status unpacked libperl5.36:amd64 5.36.0-7
2023-11-28 05:25:03 install perl:amd64 <none> 5.36.0-7
2023-11-28 05:25:03 status half-installed perl:amd64 5.36.0-7
2023-11-28 05:25:03 status unpacked perl:amd64 5.36.0-7
2023-11-28 05:25:03 upgrade perl-base:amd64 5.36.0-7 5.36.0-7
2023-11-28 05:25:03 status half-configured perl-base:amd64 5.36.0-7
2023-11-28 05:25:03 status unpacked perl-base:amd64 5.36.0-7
2023-11-28 05:25:03 status half-installed perl-base:amd64 5.36.0-7
2023-11-28 05:25:04 status unpacked perl-base:amd64 5.36.0-7
2023-11-28 05:25:04 install perl-modules-5.36:all <none> 5.36.0-7
2023-11-28 05:25:04 status half-installed perl-modules-5.36:all 5.36.0-7
2023-11-28 05:25:04 status unpacked perl-modules-5.36:all 5.36.0-7
2023-11-28 05:25:04 install sed:amd64 <none> 4.9-1
2023-11-28 05:25:04 status half-installed sed:amd64 4.9-1
2023-11-28 05:25:04 status unpacked sed:amd64 4.9-1
2023-11-28 05:25:04 install login:amd64 <none> 1:4.13+dfsg1-1+b1
2023-11-28 05:25:04 status half-installed login:amd64 1:4.13+dfsg1-1+b1
2023-11-28 05:25:04 status unpacked login:amd64 1:4.13+dfsg1-1+b1
2023-11-28 05:25:04 install passwd:amd64 <none> 1:4.13+dfsg1-1+b1
2023-11-28 05:25:04 status half-installed passwd:amd64 1:4.13+dfsg1-1+b1
2023-11-28 05:25:05 status unpacked passwd:amd64 1:4.13+dfsg1-1+b1
2023-11-28 05:25:05 install libsystemd0:amd64 <none> 252.17-1~deb12u1
2023-11-28 05:25:05 status half-installed libsystemd0:amd64 252.17-1~deb12u1
2023-11-28 05:25:05 status unpacked libsystemd0:amd64 252.17-1~deb12u1
2023-11-28 05:25:05 install libudev1:amd64 <none> 252.17-1~deb12u1
2023-11-28 05:25:05 status half-installed libudev1:amd64 252.17-1~deb12u1
2023-11-28 05:25:05 status unpacked libudev1:amd64 252.17-1~deb12u1
2023-11-28 05:25:05 install sysvinit-utils:amd64 <none> 3.06-4
2023-11-28 05:25:05 status half-installed sysvinit-utils:amd64 3.06-4
2023-11-28 05:25:05 status unpacked sysvinit-utils:amd64 3.06-4
2023-11-28 05:25:05 install tar:amd64 <none> 1.34+dfsg-1.2
2023-11-28 05:25:05 status half-installed tar:amd64 1.34+dfsg-1.2
2023-11-28 05:25:05 status unpacked tar:amd64 1.34+dfsg-1.2
2023-11-28 05:25:05 install tzdata:all <none> 2023c-5
2023-11-28 05:25:05 status half-installed tzdata:all 2023c-5
2023-11-28 05:25:05 status unpacked tzdata:all 2023c-5
2023-11-28 05:25:05 install usrmerge:all <none> 35
2023-11-28 05:25:05 status half-installed usrmerge:all 35
2023-11-28 05:25:05 status unpacked usrmerge:all 35
2023-11-28 05:25:05 install bsdutils:amd64 <none> 1:2.38.1-5+b1
2023-11-28 05:25:05 status half-installed bsdutils:amd64 1:2.38.1-5+b1
2023-11-28 05:25:05 status unpacked bsdutils:amd64 1:2.38.1-5+b1
2023-11-28 05:25:05 install libblkid1:amd64 <none> 2.38.1-5+b1
2023-11-28 05:25:05 status half-installed libblkid1:amd64 2.38.1-5+b1
2023-11-28 05:25:05 status unpacked libblkid1:amd64 2.38.1-5+b1
2023-11-28 05:25:05 install libmount1:amd64 <none> 2.38.1-5+b1
2023-11-28 05:25:05 status half-installed libmount1:amd64 2.38.1-5+b1
2023-11-28 05:25:05 status unpacked libmount1:amd64 2.38.1-5+b1
2023-11-28 05:25:05 install libsmartcols1:amd64 <none> 2.38.1-5+b1
2023-11-28 05:25:05 status half-installed libsmartcols1:amd64 2.38.1-5+b1
2023-11-28 05:25:05 status unpacked libsmartcols1:amd64 2.38.1-5+b1
2023-11-28 05:25:05 install libuuid1:amd64 <none> 2.38.1-5+b1
2023-11-28 05:25:05 status half-installed libuuid1:amd64 2.38.1-5+b1
2023-11-28 05:25:05 status unpacked libuuid1:amd64 2.38.1-5+b1
2023-11-28 05:25:05 install mount:amd64 <none> 2.38.1-5+b1
2023-11-28 05:25:05 status half-installed mount:amd64 2.38.1-5+b1
2023-11-28 05:25:05 status unpacked mount:amd64 2.38.1-5+b1
2023-11-28 05:25:05 install util-linux:amd64 <none> 2.38.1-5+b1
2023-11-28 05:25:05 status half-installed util-linux:amd64 2.38.1-5+b1
2023-11-28 05:25:05 status unpacked util-linux:amd64 2.38.1-5+b1
2023-11-28 05:25:06 install util-linux-extra:amd64 <none> 2.38.1-5+b1
2023-11-28 05:25:06 status half-installed util-linux-extra:amd64 2.38.1-5+b1
2023-11-28 05:25:06 status unpacked util-linux-extra:amd64 2.38.1-5+b1
2023-11-28 05:25:06 install libxxhash0:amd64 <none> 0.8.1-1
2023-11-28 05:25:06 status half-installed libxxhash0:amd64 0.8.1-1
2023-11-28 05:25:06 status unpacked libxxhash0:amd64 0.8.1-1
2023-11-28 05:25:06 install liblzma5:amd64 <none> 5.4.1-0.2
2023-11-28 05:25:06 status half-installed liblzma5:amd64 5.4.1-0.2
2023-11-28 05:25:06 status unpacked liblzma5:amd64 5.4.1-0.2
2023-11-28 05:25:06 install zlib1g:amd64 <none> 1:1.2.13.dfsg-1
2023-11-28 05:25:06 status half-installed zlib1g:amd64 1:1.2.13.dfsg-1
2023-11-28 05:25:06 status unpacked zlib1g:amd64 1:1.2.13.dfsg-1
2023-11-28 05:25:06 startup packages configure
2023-11-28 05:25:06 configure libtext-glob-perl:all 0.11-3 <none>
2023-11-28 05:25:06 status unpacked libtext-glob-perl:all 0.11-3
2023-11-28 05:25:06 status half-configured libtext-glob-perl:all 0.11-3
2023-11-28 05:25:06 status installed libtext-glob-perl:all 0.11-3
2023-11-28 05:25:06 configure debian-archive-keyring:all 2023.3+deb12u1 <none>
2023-11-28 05:25:06 status unpacked debian-archive-keyring:all 2023.3+deb12u1
2023-11-28 05:25:06 status half-configured debian-archive-keyring:all 2023.3+deb12u1
2023-11-28 05:25:06 status installed debian-archive-keyring:all 2023.3+deb12u1
2023-11-28 05:25:06 configure libaudit-common:all 1:3.0.9-1 <none>
2023-11-28 05:25:06 status unpacked libaudit-common:all 1:3.0.9-1
2023-11-28 05:25:06 status half-configured libaudit-common:all 1:3.0.9-1
2023-11-28 05:25:06 status installed libaudit-common:all 1:3.0.9-1
2023-11-28 05:25:06 configure libsemanage-common:all 3.4-1 <none>
2023-11-28 05:25:06 status unpacked libsemanage-common:all 3.4-1
2023-11-28 05:25:06 status half-configured libsemanage-common:all 3.4-1
2023-11-28 05:25:06 status installed libsemanage-common:all 3.4-1
2023-11-28 05:25:06 configure debconf:all 1.5.82 <none>
2023-11-28 05:25:06 status unpacked debconf:all 1.5.82
2023-11-28 05:25:06 status half-configured debconf:all 1.5.82
2023-11-28 05:25:06 status installed debconf:all 1.5.82
2023-11-28 05:25:06 configure libnumber-compare-perl:all 0.03-3 <none>
2023-11-28 05:25:06 status unpacked libnumber-compare-perl:all 0.03-3
2023-11-28 05:25:06 status half-configured libnumber-compare-perl:all 0.03-3
2023-11-28 05:25:06 status installed libnumber-compare-perl:all 0.03-3
2023-11-28 05:25:06 configure gcc-12-base:amd64 12.2.0-14 <none>
2023-11-28 05:25:06 status unpacked gcc-12-base:amd64 12.2.0-14
2023-11-28 05:25:06 status half-configured gcc-12-base:amd64 12.2.0-14
2023-11-28 05:25:06 status installed gcc-12-base:amd64 12.2.0-14
2023-11-28 05:25:06 configure tzdata:all 2023c-5 <none>
2023-11-28 05:25:06 status unpacked tzdata:all 2023c-5
2023-11-28 05:25:06 status half-configured tzdata:all 2023c-5
2023-11-28 05:25:06 status installed tzdata:all 2023c-5
2023-11-28 05:25:06 configure ncurses-base:all 6.4-4 <none>
2023-11-28 05:25:06 status unpacked ncurses-base:all 6.4-4
2023-11-28 05:25:06 status half-configured ncurses-base:all 6.4-4
2023-11-28 05:25:06 status installed ncurses-base:all 6.4-4
2023-11-28 05:25:06 configure libgcc-s1:amd64 12.2.0-14 <none>
2023-11-28 05:25:06 status unpacked libgcc-s1:amd64 12.2.0-14
2023-11-28 05:25:06 status half-configured libgcc-s1:amd64 12.2.0-14
2023-11-28 05:25:06 status installed libgcc-s1:amd64 12.2.0-14
2023-11-28 05:25:06 configure libc6:amd64 2.36-9+deb12u2 <none>
2023-11-28 05:25:06 status unpacked libc6:amd64 2.36-9+deb12u2
2023-11-28 05:25:06 status half-configured libc6:amd64 2.36-9+deb12u2
2023-11-28 05:25:06 status installed libc6:amd64 2.36-9+deb12u2
2023-11-28 05:25:06 configure libudev1:amd64 252.17-1~deb12u1 <none>
2023-11-28 05:25:06 status unpacked libudev1:amd64 252.17-1~deb12u1
2023-11-28 05:25:06 status half-configured libudev1:amd64 252.17-1~deb12u1
2023-11-28 05:25:06 status installed libudev1:amd64 252.17-1~deb12u1
2023-11-28 05:25:06 configure libffi8:amd64 3.4.4-1 <none>
2023-11-28 05:25:06 status unpacked libffi8:amd64 3.4.4-1
2023-11-28 05:25:06 status half-configured libffi8:amd64 3.4.4-1
2023-11-28 05:25:06 status installed libffi8:amd64 3.4.4-1
2023-11-28 05:25:06 configure libmd0:amd64 1.0.4-2 <none>
2023-11-28 05:25:06 status unpacked libmd0:amd64 1.0.4-2
2023-11-28 05:25:06 status half-configured libmd0:amd64 1.0.4-2
2023-11-28 05:25:06 status installed libmd0:amd64 1.0.4-2
2023-11-28 05:25:06 configure libxxhash0:amd64 0.8.1-1 <none>
2023-11-28 05:25:06 status unpacked libxxhash0:amd64 0.8.1-1
2023-11-28 05:25:06 status half-configured libxxhash0:amd64 0.8.1-1
2023-11-28 05:25:06 status installed libxxhash0:amd64 0.8.1-1
2023-11-28 05:25:06 configure libattr1:amd64 1:2.5.1-4 <none>
2023-11-28 05:25:06 status unpacked libattr1:amd64 1:2.5.1-4
2023-11-28 05:25:06 status half-configured libattr1:amd64 1:2.5.1-4
2023-11-28 05:25:06 status installed libattr1:amd64 1:2.5.1-4
2023-11-28 05:25:06 configure sysvinit-utils:amd64 3.06-4 <none>
2023-11-28 05:25:06 status unpacked sysvinit-utils:amd64 3.06-4
2023-11-28 05:25:06 status half-configured sysvinit-utils:amd64 3.06-4
2023-11-28 05:25:06 status installed sysvinit-utils:amd64 3.06-4
2023-11-28 05:25:06 configure libtasn1-6:amd64 4.19.0-2 <none>
2023-11-28 05:25:06 status unpacked libtasn1-6:amd64 4.19.0-2
2023-11-28 05:25:06 status half-configured libtasn1-6:amd64 4.19.0-2
2023-11-28 05:25:06 status installed libtasn1-6:amd64 4.19.0-2
2023-11-28 05:25:06 configure debianutils:amd64 5.7-0.5~deb12u1 <none>
2023-11-28 05:25:06 status unpacked debianutils:amd64 5.7-0.5~deb12u1
2023-11-28 05:25:06 status half-configured debianutils:amd64 5.7-0.5~deb12u1
2023-11-28 05:25:06 status installed debianutils:amd64 5.7-0.5~deb12u1
2023-11-28 05:25:06 configure mawk:amd64 1.3.4.20200120-3.1 <none>
2023-11-28 05:25:06 status unpacked mawk:amd64 1.3.4.20200120-3.1
2023-11-28 05:25:06 status half-configured mawk:amd64 1.3.4.20200120-3.1
2023-11-28 05:25:06 status installed mawk:amd64 1.3.4.20200120-3.1
2023-11-28 05:25:06 configure libdebconfclient0:amd64 0.270 <none>
2023-11-28 05:25:06 status unpacked libdebconfclient0:amd64 0.270
2023-11-28 05:25:06 status half-configured libdebconfclient0:amd64 0.270
2023-11-28 05:25:06 status installed libdebconfclient0:amd64 0.270
2023-11-28 05:25:06 configure base-files:amd64 12.4+deb12u2 <none>
2023-11-28 05:25:06 status unpacked base-files:amd64 12.4+deb12u2
2023-11-28 05:25:06 status half-configured base-files:amd64 12.4+deb12u2
2023-11-28 05:25:06 status installed base-files:amd64 12.4+deb12u2
2023-11-28 05:25:06 configure libbz2-1.0:amd64 1.0.8-5+b1 <none>
2023-11-28 05:25:06 status unpacked libbz2-1.0:amd64 1.0.8-5+b1
2023-11-28 05:25:06 status half-configured libbz2-1.0:amd64 1.0.8-5+b1
2023-11-28 05:25:06 status installed libbz2-1.0:amd64 1.0.8-5+b1
2023-11-28 05:25:06 configure libdb5.3:amd64 5.3.28+dfsg2-1 <none>
2023-11-28 05:25:06 status unpacked libdb5.3:amd64 5.3.28+dfsg2-1
2023-11-28 05:25:06 status half-configured libdb5.3:amd64 5.3.28+dfsg2-1
2023-11-28 05:25:06 status installed libdb5.3:amd64 5.3.28+dfsg2-1
2023-11-28 05:25:06 configure libblkid1:amd64 2.38.1-5+b1 <none>
2023-11-28 05:25:06 status unpacked libblkid1:amd64 2.38.1-5+b1
2023-11-28 05:25:06 status half-configured libblkid1:amd64 2.38.1-5+b1
2023-11-28 05:25:06 status installed libblkid1:amd64 2.38.1-5+b1
2023-11-28 05:25:06 configure libstdc++6:amd64 12.2.0-14 <none>
2023-11-28 05:25:06 status unpacked libstdc++6:amd64 12.2.0-14
2023-11-28 05:25:06 status half-configured libstdc++6:amd64 12.2.0-14
2023-11-28 05:25:06 status installed libstdc++6:amd64 12.2.0-14
2023-11-28 05:25:06 configure libgdbm6:amd64 1.23-3 <none>
2023-11-28 05:25:06 status unpacked libgdbm6:amd64 1.23-3
2023-11-28 05:25:06 status half-configured libgdbm6:amd64 1.23-3
2023-11-28 05:25:06 status installed libgdbm6:amd64 1.23-3
2023-11-28 05:25:06 configure libtinfo6:amd64 6.4-4 <none>
2023-11-28 05:25:06 status unpacked libtinfo6:amd64 6.4-4
2023-11-28 05:25:06 status half-configured libtinfo6:amd64 6.4-4
2023-11-28 05:25:06 status installed libtinfo6:amd64 6.4-4
2023-11-28 05:25:06 configure bash:amd64 5.2.15-2+b2 <none>
2023-11-28 05:25:06 status unpacked bash:amd64 5.2.15-2+b2
2023-11-28 05:25:06 status half-configured bash:amd64 5.2.15-2+b2
2023-11-28 05:25:06 status installed bash:amd64 5.2.15-2+b2
2023-11-28 05:25:06 configure libzstd1:amd64 1.5.4+dfsg2-5 <none>
2023-11-28 05:25:06 status unpacked libzstd1:amd64 1.5.4+dfsg2-5
2023-11-28 05:25:06 status half-configured libzstd1:amd64 1.5.4+dfsg2-5
2023-11-28 05:25:06 status installed libzstd1:amd64 1.5.4+dfsg2-5
2023-11-28 05:25:06 configure liblzma5:amd64 5.4.1-0.2 <none>
2023-11-28 05:25:06 status unpacked liblzma5:amd64 5.4.1-0.2
2023-11-28 05:25:06 status half-configured liblzma5:amd64 5.4.1-0.2
2023-11-28 05:25:06 status installed liblzma5:amd64 5.4.1-0.2
2023-11-28 05:25:06 configure libgpg-error0:amd64 1.46-1 <none>
2023-11-28 05:25:06 status unpacked libgpg-error0:amd64 1.46-1
2023-11-28 05:25:06 status half-configured libgpg-error0:amd64 1.46-1
2023-11-28 05:25:06 status installed libgpg-error0:amd64 1.46-1
2023-11-28 05:25:06 configure liblz4-1:amd64 1.9.4-1 <none>
2023-11-28 05:25:06 status unpacked liblz4-1:amd64 1.9.4-1
2023-11-28 05:25:06 status half-configured liblz4-1:amd64 1.9.4-1
2023-11-28 05:25:06 status installed liblz4-1:amd64 1.9.4-1
2023-11-28 05:25:06 configure libc-bin:amd64 2.36-9+deb12u2 <none>
2023-11-28 05:25:06 status unpacked libc-bin:amd64 2.36-9+deb12u2
2023-11-28 05:25:06 status half-configured libc-bin:amd64 2.36-9+deb12u2
2023-11-28 05:25:06 status installed libc-bin:amd64 2.36-9+deb12u2
2023-11-28 05:25:06 configure ncurses-bin:amd64 6.4-4 <none>
2023-11-28 05:25:06 status unpacked ncurses-bin:amd64 6.4-4
2023-11-28 05:25:06 status half-configured ncurses-bin:amd64 6.4-4
2023-11-28 05:25:06 status installed ncurses-bin:amd64 6.4-4
2023-11-28 05:25:06 configure libacl1:amd64 2.3.1-3 <none>
2023-11-28 05:25:06 status triggers-pending libc-bin:amd64 2.36-9+deb12u2
2023-11-28 05:25:06 status unpacked libacl1:amd64 2.3.1-3
2023-11-28 05:25:06 status half-configured libacl1:amd64 2.3.1-3
2023-11-28 05:25:06 status installed libacl1:amd64 2.3.1-3
2023-11-28 05:25:06 configure libunistring2:amd64 1.0-2 <none>
2023-11-28 05:25:06 status unpacked libunistring2:amd64 1.0-2
2023-11-28 05:25:06 status half-configured libunistring2:amd64 1.0-2
2023-11-28 05:25:06 status installed libunistring2:amd64 1.0-2
2023-11-28 05:25:06 configure libsmartcols1:amd64 2.38.1-5+b1 <none>
2023-11-28 05:25:06 status unpacked libsmartcols1:amd64 2.38.1-5+b1
2023-11-28 05:25:06 status half-configured libsmartcols1:amd64 2.38.1-5+b1
2023-11-28 05:25:06 status installed libsmartcols1:amd64 2.38.1-5+b1
2023-11-28 05:25:06 configure libgcrypt20:amd64 1.10.1-3 <none>
2023-11-28 05:25:06 status unpacked libgcrypt20:amd64 1.10.1-3
2023-11-28 05:25:06 status half-configured libgcrypt20:amd64 1.10.1-3
2023-11-28 05:25:06 status installed libgcrypt20:amd64 1.10.1-3
2023-11-28 05:25:06 configure zlib1g:amd64 1:1.2.13.dfsg-1 <none>
2023-11-28 05:25:06 status unpacked zlib1g:amd64 1:1.2.13.dfsg-1
2023-11-28 05:25:06 status half-configured zlib1g:amd64 1:1.2.13.dfsg-1
2023-11-28 05:25:06 status installed zlib1g:amd64 1:1.2.13.dfsg-1
2023-11-28 05:25:06 configure libcrypt1:amd64 1:4.4.33-2 <none>
2023-11-28 05:25:06 status unpacked libcrypt1:amd64 1:4.4.33-2
2023-11-28 05:25:06 status half-configured libcrypt1:amd64 1:4.4.33-2
2023-11-28 05:25:06 status installed libcrypt1:amd64 1:4.4.33-2
2023-11-28 05:25:06 configure libidn2-0:amd64 2.3.3-1+b1 <none>
2023-11-28 05:25:06 status unpacked libidn2-0:amd64 2.3.3-1+b1
2023-11-28 05:25:06 status half-configured libidn2-0:amd64 2.3.3-1+b1
2023-11-28 05:25:06 status installed libidn2-0:amd64 2.3.3-1+b1
2023-11-28 05:25:06 configure libcom-err2:amd64 1.47.0-2 <none>
2023-11-28 05:25:06 status unpacked libcom-err2:amd64 1.47.0-2
2023-11-28 05:25:06 status half-configured libcom-err2:amd64 1.47.0-2
2023-11-28 05:25:06 status installed libcom-err2:amd64 1.47.0-2
2023-11-28 05:25:06 configure diffutils:amd64 1:3.8-4 <none>
2023-11-28 05:25:06 status unpacked diffutils:amd64 1:3.8-4
2023-11-28 05:25:06 status half-configured diffutils:amd64 1:3.8-4
2023-11-28 05:25:06 status installed diffutils:amd64 1:3.8-4
2023-11-28 05:25:06 configure libseccomp2:amd64 2.5.4-1+b3 <none>
2023-11-28 05:25:06 status unpacked libseccomp2:amd64 2.5.4-1+b3
2023-11-28 05:25:06 status half-configured libseccomp2:amd64 2.5.4-1+b3
2023-11-28 05:25:06 status installed libseccomp2:amd64 2.5.4-1+b3
2023-11-28 05:25:06 configure libcap2:amd64 1:2.66-4 <none>
2023-11-28 05:25:06 status unpacked libcap2:amd64 1:2.66-4
2023-11-28 05:25:06 status half-configured libcap2:amd64 1:2.66-4
2023-11-28 05:25:06 status installed libcap2:amd64 1:2.66-4
2023-11-28 05:25:06 configure hostname:amd64 3.23+nmu1 <none>
2023-11-28 05:25:06 status unpacked hostname:amd64 3.23+nmu1
2023-11-28 05:25:06 status half-configured hostname:amd64 3.23+nmu1
2023-11-28 05:25:06 status installed hostname:amd64 3.23+nmu1
2023-11-28 05:25:06 configure libcap-ng0:amd64 0.8.3-1+b3 <none>
2023-11-28 05:25:06 status unpacked libcap-ng0:amd64 0.8.3-1+b3
2023-11-28 05:25:06 status half-configured libcap-ng0:amd64 0.8.3-1+b3
2023-11-28 05:25:06 status installed libcap-ng0:amd64 0.8.3-1+b3
2023-11-28 05:25:06 configure libext2fs2:amd64 1.47.0-2 <none>
2023-11-28 05:25:06 status unpacked libext2fs2:amd64 1.47.0-2
2023-11-28 05:25:06 status half-configured libext2fs2:amd64 1.47.0-2
2023-11-28 05:25:06 status installed libext2fs2:amd64 1.47.0-2
2023-11-28 05:25:06 configure libnettle8:amd64 3.8.1-2 <none>
2023-11-28 05:25:06 status unpacked libnettle8:amd64 3.8.1-2
2023-11-28 05:25:06 status half-configured libnettle8:amd64 3.8.1-2
2023-11-28 05:25:06 status installed libnettle8:amd64 3.8.1-2
2023-11-28 05:25:06 configure libgmp10:amd64 2:6.2.1+dfsg1-1.1 <none>
2023-11-28 05:25:06 status unpacked libgmp10:amd64 2:6.2.1+dfsg1-1.1
2023-11-28 05:25:06 status half-configured libgmp10:amd64 2:6.2.1+dfsg1-1.1
2023-11-28 05:25:06 status installed libgmp10:amd64 2:6.2.1+dfsg1-1.1
2023-11-28 05:25:06 configure libp11-kit0:amd64 0.24.1-2 <none>
2023-11-28 05:25:06 status unpacked libp11-kit0:amd64 0.24.1-2
2023-11-28 05:25:06 status half-configured libp11-kit0:amd64 0.24.1-2
2023-11-28 05:25:06 status installed libp11-kit0:amd64 0.24.1-2
2023-11-28 05:25:06 configure libaudit1:amd64 1:3.0.9-1 <none>
2023-11-28 05:25:06 status unpacked libaudit1:amd64 1:3.0.9-1
2023-11-28 05:25:06 status half-configured libaudit1:amd64 1:3.0.9-1
2023-11-28 05:25:06 status installed libaudit1:amd64 1:3.0.9-1
2023-11-28 05:25:06 configure libuuid1:amd64 2.38.1-5+b1 <none>
2023-11-28 05:25:06 status unpacked libuuid1:amd64 2.38.1-5+b1
2023-11-28 05:25:06 status half-configured libuuid1:amd64 2.38.1-5+b1
2023-11-28 05:25:06 status installed libuuid1:amd64 2.38.1-5+b1
2023-11-28 05:25:06 configure libss2:amd64 1.47.0-2 <none>
2023-11-28 05:25:06 status unpacked libss2:amd64 1.47.0-2
2023-11-28 05:25:06 status half-configured libss2:amd64 1.47.0-2
2023-11-28 05:25:06 status installed libss2:amd64 1.47.0-2
2023-11-28 05:25:06 configure libgdbm-compat4:amd64 1.23-3 <none>
2023-11-28 05:25:06 status unpacked libgdbm-compat4:amd64 1.23-3
2023-11-28 05:25:06 status half-configured libgdbm-compat4:amd64 1.23-3
2023-11-28 05:25:06 status installed libgdbm-compat4:amd64 1.23-3
2023-11-28 05:25:06 configure libsepol2:amd64 3.4-2.1 <none>
2023-11-28 05:25:06 status unpacked libsepol2:amd64 3.4-2.1
2023-11-28 05:25:06 status half-configured libsepol2:amd64 3.4-2.1
2023-11-28 05:25:06 status installed libsepol2:amd64 3.4-2.1
2023-11-28 05:25:06 configure libpcre2-8-0:amd64 10.42-1 <none>
2023-11-28 05:25:06 status unpacked libpcre2-8-0:amd64 10.42-1
2023-11-28 05:25:06 status half-configured libpcre2-8-0:amd64 10.42-1
2023-11-28 05:25:06 status installed libpcre2-8-0:amd64 10.42-1
2023-11-28 05:25:06 configure logsave:amd64 1.47.0-2 <none>
2023-11-28 05:25:06 status unpacked logsave:amd64 1.47.0-2
2023-11-28 05:25:06 status half-configured logsave:amd64 1.47.0-2
2023-11-28 05:25:06 status installed logsave:amd64 1.47.0-2
2023-11-28 05:25:06 configure gpgv:amd64 2.2.40-1.1 <none>
2023-11-28 05:25:06 status unpacked gpgv:amd64 2.2.40-1.1
2023-11-28 05:25:06 status half-configured gpgv:amd64 2.2.40-1.1
2023-11-28 05:25:06 status installed gpgv:amd64 2.2.40-1.1
2023-11-28 05:25:06 configure util-linux-extra:amd64 2.38.1-5+b1 <none>
2023-11-28 05:25:06 status unpacked util-linux-extra:amd64 2.38.1-5+b1
2023-11-28 05:25:06 status half-configured util-linux-extra:amd64 2.38.1-5+b1
2023-11-28 05:25:06 status installed util-linux-extra:amd64 2.38.1-5+b1
2023-11-28 05:25:06 configure libhogweed6:amd64 3.8.1-2 <none>
2023-11-28 05:25:06 status unpacked libhogweed6:amd64 3.8.1-2
2023-11-28 05:25:06 status half-configured libhogweed6:amd64 3.8.1-2
2023-11-28 05:25:06 status installed libhogweed6:amd64 3.8.1-2
2023-11-28 05:25:06 configure e2fsprogs:amd64 1.47.0-2 <none>
2023-11-28 05:25:06 status unpacked e2fsprogs:amd64 1.47.0-2
2023-11-28 05:25:06 status half-configured e2fsprogs:amd64 1.47.0-2
2023-11-28 05:25:07 status installed e2fsprogs:amd64 1.47.0-2
2023-11-28 05:25:07 configure libsystemd0:amd64 252.17-1~deb12u1 <none>
2023-11-28 05:25:07 status unpacked libsystemd0:amd64 252.17-1~deb12u1
2023-11-28 05:25:07 status half-configured libsystemd0:amd64 252.17-1~deb12u1
2023-11-28 05:25:07 status installed libsystemd0:amd64 252.17-1~deb12u1
2023-11-28 05:25:07 configure libselinux1:amd64 3.4-1+b6 <none>
2023-11-28 05:25:07 status unpacked libselinux1:amd64 3.4-1+b6
2023-11-28 05:25:07 status half-configured libselinux1:amd64 3.4-1+b6
2023-11-28 05:25:07 status installed libselinux1:amd64 3.4-1+b6
2023-11-28 05:25:07 configure libgnutls30:amd64 3.7.9-2 <none>
2023-11-28 05:25:07 status unpacked libgnutls30:amd64 3.7.9-2
2023-11-28 05:25:07 status half-configured libgnutls30:amd64 3.7.9-2
2023-11-28 05:25:07 status installed libgnutls30:amd64 3.7.9-2
2023-11-28 05:25:07 configure libpam0g:amd64 1.5.2-6+deb12u1 <none>
2023-11-28 05:25:07 status unpacked libpam0g:amd64 1.5.2-6+deb12u1
2023-11-28 05:25:07 status half-configured libpam0g:amd64 1.5.2-6+deb12u1
2023-11-28 05:25:07 status installed libpam0g:amd64 1.5.2-6+deb12u1
2023-11-28 05:25:07 configure libapt-pkg6.0:amd64 2.6.1 <none>
2023-11-28 05:25:07 status unpacked libapt-pkg6.0:amd64 2.6.1
2023-11-28 05:25:07 status half-configured libapt-pkg6.0:amd64 2.6.1
2023-11-28 05:25:07 status installed libapt-pkg6.0:amd64 2.6.1
2023-11-28 05:25:07 configure sed:amd64 4.9-1 <none>
2023-11-28 05:25:07 status unpacked sed:amd64 4.9-1
2023-11-28 05:25:07 status half-configured sed:amd64 4.9-1
2023-11-28 05:25:07 status installed sed:amd64 4.9-1
2023-11-28 05:25:07 configure findutils:amd64 4.9.0-4 <none>
2023-11-28 05:25:07 status unpacked findutils:amd64 4.9.0-4
2023-11-28 05:25:07 status half-configured findutils:amd64 4.9.0-4
2023-11-28 05:25:07 status installed findutils:amd64 4.9.0-4
2023-11-28 05:25:07 configure libmount1:amd64 2.38.1-5+b1 <none>
2023-11-28 05:25:07 status unpacked libmount1:amd64 2.38.1-5+b1
2023-11-28 05:25:07 status half-configured libmount1:amd64 2.38.1-5+b1
2023-11-28 05:25:07 status installed libmount1:amd64 2.38.1-5+b1
2023-11-28 05:25:07 configure libsemanage2:amd64 3.4-1+b5 <none>
2023-11-28 05:25:07 status unpacked libsemanage2:amd64 3.4-1+b5
2023-11-28 05:25:07 status half-configured libsemanage2:amd64 3.4-1+b5
2023-11-28 05:25:07 status installed libsemanage2:amd64 3.4-1+b5
2023-11-28 05:25:07 configure base-passwd:amd64 3.6.1 <none>
2023-11-28 05:25:07 status unpacked base-passwd:amd64 3.6.1
2023-11-28 05:25:07 status half-configured base-passwd:amd64 3.6.1
2023-11-28 05:25:07 status installed base-passwd:amd64 3.6.1
2023-11-28 05:25:07 configure bsdutils:amd64 1:2.38.1-5+b1 <none>
2023-11-28 05:25:07 status unpacked bsdutils:amd64 1:2.38.1-5+b1
2023-11-28 05:25:07 status half-configured bsdutils:amd64 1:2.38.1-5+b1
2023-11-28 05:25:07 status installed bsdutils:amd64 1:2.38.1-5+b1
2023-11-28 05:25:07 configure tar:amd64 1.34+dfsg-1.2 <none>
2023-11-28 05:25:07 status unpacked tar:amd64 1.34+dfsg-1.2
2023-11-28 05:25:07 status half-configured tar:amd64 1.34+dfsg-1.2
2023-11-28 05:25:07 status installed tar:amd64 1.34+dfsg-1.2
2023-11-28 05:25:07 configure libpam-modules-bin:amd64 1.5.2-6+deb12u1 <none>
2023-11-28 05:25:07 status unpacked libpam-modules-bin:amd64 1.5.2-6+deb12u1
2023-11-28 05:25:07 status half-configured libpam-modules-bin:amd64 1.5.2-6+deb12u1
2023-11-28 05:25:07 status installed libpam-modules-bin:amd64 1.5.2-6+deb12u1
2023-11-28 05:25:07 configure coreutils:amd64 9.1-1 <none>
2023-11-28 05:25:07 status unpacked coreutils:amd64 9.1-1
2023-11-28 05:25:07 status half-configured coreutils:amd64 9.1-1
2023-11-28 05:25:07 status installed coreutils:amd64 9.1-1
2023-11-28 05:25:07 configure util-linux:amd64 2.38.1-5+b1 <none>
2023-11-28 05:25:07 status unpacked util-linux:amd64 2.38.1-5+b1
2023-11-28 05:25:07 status half-configured util-linux:amd64 2.38.1-5+b1
2023-11-28 05:25:07 status installed util-linux:amd64 2.38.1-5+b1
2023-11-28 05:25:07 configure dpkg:amd64 1.21.22 <none>
2023-11-28 05:25:07 status unpacked dpkg:amd64 1.21.22
2023-11-28 05:25:07 status half-configured dpkg:amd64 1.21.22
2023-11-28 05:25:08 status installed dpkg:amd64 1.21.22
2023-11-28 05:25:08 configure mount:amd64 2.38.1-5+b1 <none>
2023-11-28 05:25:08 status unpacked mount:amd64 2.38.1-5+b1
2023-11-28 05:25:08 status half-configured mount:amd64 2.38.1-5+b1
2023-11-28 05:25:08 status installed mount:amd64 2.38.1-5+b1
2023-11-28 05:25:08 configure dash:amd64 0.5.12-2 <none>
2023-11-28 05:25:08 status unpacked dash:amd64 0.5.12-2
2023-11-28 05:25:08 status half-configured dash:amd64 0.5.12-2
2023-11-28 05:25:08 status installed dash:amd64 0.5.12-2
2023-11-28 05:25:08 configure libpam-modules:amd64 1.5.2-6+deb12u1 <none>
2023-11-28 05:25:08 status unpacked libpam-modules:amd64 1.5.2-6+deb12u1
2023-11-28 05:25:08 status half-configured libpam-modules:amd64 1.5.2-6+deb12u1
2023-11-28 05:25:08 status installed libpam-modules:amd64 1.5.2-6+deb12u1
2023-11-28 05:25:08 configure grep:amd64 3.8-5 <none>
2023-11-28 05:25:08 status unpacked grep:amd64 3.8-5
2023-11-28 05:25:08 status half-configured grep:amd64 3.8-5
2023-11-28 05:25:08 status installed grep:amd64 3.8-5
2023-11-28 05:25:08 configure perl-base:amd64 5.36.0-7 <none>
2023-11-28 05:25:08 status unpacked perl-base:amd64 5.36.0-7
2023-11-28 05:25:08 status half-configured perl-base:amd64 5.36.0-7
2023-11-28 05:25:08 status installed perl-base:amd64 5.36.0-7
2023-11-28 05:25:08 configure perl-modules-5.36:all 5.36.0-7 <none>
2023-11-28 05:25:08 status unpacked perl-modules-5.36:all 5.36.0-7
2023-11-28 05:25:08 status half-configured perl-modules-5.36:all 5.36.0-7
2023-11-28 05:25:08 status installed perl-modules-5.36:all 5.36.0-7
2023-11-28 05:25:08 configure gzip:amd64 1.12-1 <none>
2023-11-28 05:25:08 status unpacked gzip:amd64 1.12-1
2023-11-28 05:25:08 status half-configured gzip:amd64 1.12-1
2023-11-28 05:25:08 status installed gzip:amd64 1.12-1
2023-11-28 05:25:08 configure passwd:amd64 1:4.13+dfsg1-1+b1 <none>
2023-11-28 05:25:08 status unpacked passwd:amd64 1:4.13+dfsg1-1+b1
2023-11-28 05:25:08 status half-configured passwd:amd64 1:4.13+dfsg1-1+b1
2023-11-28 05:25:08 status installed passwd:amd64 1:4.13+dfsg1-1+b1
2023-11-28 05:25:08 configure libpam-runtime:all 1.5.2-6+deb12u1 <none>
2023-11-28 05:25:08 status unpacked libpam-runtime:all 1.5.2-6+deb12u1
2023-11-28 05:25:08 status half-configured libpam-runtime:all 1.5.2-6+deb12u1
2023-11-28 05:25:08 status installed libpam-runtime:all 1.5.2-6+deb12u1
2023-11-28 05:25:08 configure libperl5.36:amd64 5.36.0-7 <none>
2023-11-28 05:25:08 status unpacked libperl5.36:amd64 5.36.0-7
2023-11-28 05:25:08 status half-configured libperl5.36:amd64 5.36.0-7
2023-11-28 05:25:08 status installed libperl5.36:amd64 5.36.0-7
2023-11-28 05:25:08 configure login:amd64 1:4.13+dfsg1-1+b1 <none>
2023-11-28 05:25:08 status unpacked login:amd64 1:4.13+dfsg1-1+b1
2023-11-28 05:25:08 status half-configured login:amd64 1:4.13+dfsg1-1+b1
2023-11-28 05:25:08 status installed login:amd64 1:4.13+dfsg1-1+b1
2023-11-28 05:25:08 configure adduser:all 3.134 <none>
2023-11-28 05:25:08 status unpacked adduser:all 3.134
2023-11-28 05:25:08 status half-configured adduser:all 3.134
2023-11-28 05:25:08 status installed adduser:all 3.134
2023-11-28 05:25:08 configure apt:amd64 2.6.1 <none>
2023-11-28 05:25:08 status unpacked apt:amd64 2.6.1
2023-11-28 05:25:08 status half-configured apt:amd64 2.6.1
2023-11-28 05:25:08 status installed apt:amd64 2.6.1
2023-11-28 05:25:08 configure perl:amd64 5.36.0-7 <none>
2023-11-28 05:25:08 status unpacked perl:amd64 5.36.0-7
2023-11-28 05:25:08 status half-configured perl:amd64 5.36.0-7
2023-11-28 05:25:08 status installed perl:amd64 5.36.0-7
2023-11-28 05:25:08 configure libfile-find-rule-perl:all 0.34-3 <none>
2023-11-28 05:25:08 status unpacked libfile-find-rule-perl:all 0.34-3
2023-11-28 05:25:08 status half-configured libfile-find-rule-perl:all 0.34-3
2023-11-28 05:25:08 status installed libfile-find-rule-perl:all 0.34-3
2023-11-28 05:25:08 configure usrmerge:all 35 <none>
2023-11-28 05:25:08 status unpacked usrmerge:all 35
2023-11-28 05:25:08 status half-configured usrmerge:all 35
2023-11-28 05:25:08 status installed usrmerge:all 35
2023-11-28 05:25:08 configure init-system-helpers:all 1.65.2 <none>
2023-11-28 05:25:08 status unpacked init-system-helpers:all 1.65.2
2023-11-28 05:25:08 status half-configured init-system-helpers:all 1.65.2
2023-11-28 05:25:08 status installed init-system-helpers:all 1.65.2
2023-11-28 05:25:08 trigproc libc-bin:amd64 2.36-9+deb12u2 <none>
2023-11-28 05:25:08 status half-configured libc-bin:amd64 2.36-9+deb12u2
2023-11-28 05:25:08 status installed libc-bin:amd64 2.36-9+deb12u2
2023-11-28 05:25:12 startup archives install
2023-11-28 05:25:12 install libssl3:amd64 <none> 3.0.11-1~deb12u1
2023-11-28 05:25:12 status triggers-pending libc-bin:amd64 2.36-9+deb12u2
2023-11-28 05:25:12 status half-installed libssl3:amd64 3.0.11-1~deb12u1
2023-11-28 05:25:12 status unpacked libssl3:amd64 3.0.11-1~deb12u1
2023-11-28 05:25:12 configure libssl3:amd64 3.0.11-1~deb12u1 3.0.11-1~deb12u1
2023-11-28 05:25:12 status half-configured libssl3:amd64 3.0.11-1~deb12u1
2023-11-28 05:25:12 status installed libssl3:amd64 3.0.11-1~deb12u1
2023-11-28 05:25:12 trigproc libc-bin:amd64 2.36-9+deb12u2 <none>
2023-11-28 05:25:12 status half-configured libc-bin:amd64 2.36-9+deb12u2
2023-11-28 05:25:12 status installed libc-bin:amd64 2.36-9+deb12u2
2023-11-28 05:25:12 startup archives unpack
2023-11-28 05:25:12 install libapparmor1:amd64 <none> 3.0.8-3
2023-11-28 05:25:12 status triggers-pending libc-bin:amd64 2.36-9+deb12u2
2023-11-28 05:25:12 status half-installed libapparmor1:amd64 3.0.8-3
2023-11-28 05:25:12 status unpacked libapparmor1:amd64 3.0.8-3
2023-11-28 05:25:12 install libargon2-1:amd64 <none> 0~20171227-0.3+deb12u1
2023-11-28 05:25:12 status half-installed libargon2-1:amd64 0~20171227-0.3+deb12u1
2023-11-28 05:25:12 status unpacked libargon2-1:amd64 0~20171227-0.3+deb12u1
2023-11-28 05:25:12 install libcryptsetup12:amd64 <none> 2:2.6.1-4~deb12u1
2023-11-28 05:25:12 status half-installed libcryptsetup12:amd64 2:2.6.1-4~deb12u1
2023-11-28 05:25:12 status unpacked libcryptsetup12:amd64 2:2.6.1-4~deb12u1
2023-11-28 05:25:12 install dbus:amd64 <none> 1.14.10-1~deb12u1
2023-11-28 05:25:12 status half-installed dbus:amd64 1.14.10-1~deb12u1
2023-11-28 05:25:12 status unpacked dbus:amd64 1.14.10-1~deb12u1
2023-11-28 05:25:12 install dbus-bin:amd64 <none> 1.14.10-1~deb12u1
2023-11-28 05:25:12 status half-installed dbus-bin:amd64 1.14.10-1~deb12u1
2023-11-28 05:25:12 status unpacked dbus-bin:amd64 1.14.10-1~deb12u1
2023-11-28 05:25:12 install dbus-daemon:amd64 <none> 1.14.10-1~deb12u1
2023-11-28 05:25:12 status half-installed dbus-daemon:amd64 1.14.10-1~deb12u1
2023-11-28 05:25:13 status unpacked dbus-daemon:amd64 1.14.10-1~deb12u1
2023-11-28 05:25:13 install dbus-session-bus-common:all <none> 1.14.10-1~deb12u1
2023-11-28 05:25:13 status half-installed dbus-session-bus-common:all 1.14.10-1~deb12u1
2023-11-28 05:25:13 status unpacked dbus-session-bus-common:all 1.14.10-1~deb12u1
2023-11-28 05:25:13 install dbus-system-bus-common:all <none> 1.14.10-1~deb12u1
2023-11-28 05:25:13 status half-installed dbus-system-bus-common:all 1.14.10-1~deb12u1
2023-11-28 05:25:13 status unpacked dbus-system-bus-common:all 1.14.10-1~deb12u1
2023-11-28 05:25:13 install libdbus-1-3:amd64 <none> 1.14.10-1~deb12u1
2023-11-28 05:25:13 status half-installed libdbus-1-3:amd64 1.14.10-1~deb12u1
2023-11-28 05:25:13 status unpacked libdbus-1-3:amd64 1.14.10-1~deb12u1
2023-11-28 05:25:13 install libexpat1:amd64 <none> 2.5.0-1
2023-11-28 05:25:13 status half-installed libexpat1:amd64 2.5.0-1
2023-11-28 05:25:13 status unpacked libexpat1:amd64 2.5.0-1
2023-11-28 05:25:13 install libip4tc2:amd64 <none> 1.8.9-2
2023-11-28 05:25:13 status half-installed libip4tc2:amd64 1.8.9-2
2023-11-28 05:25:13 status unpacked libip4tc2:amd64 1.8.9-2
2023-11-28 05:25:13 install libjson-c5:amd64 <none> 0.16-2
2023-11-28 05:25:13 status half-installed libjson-c5:amd64 0.16-2
2023-11-28 05:25:13 status unpacked libjson-c5:amd64 0.16-2
2023-11-28 05:25:13 install libkmod2:amd64 <none> 30+20221128-1
2023-11-28 05:25:13 status half-installed libkmod2:amd64 30+20221128-1
2023-11-28 05:25:13 status unpacked libkmod2:amd64 30+20221128-1
2023-11-28 05:25:13 install dmsetup:amd64 <none> 2:1.02.185-2
2023-11-28 05:25:13 status half-installed dmsetup:amd64 2:1.02.185-2
2023-11-28 05:25:13 status unpacked dmsetup:amd64 2:1.02.185-2
2023-11-28 05:25:13 install libdevmapper1.02.1:amd64 <none> 2:1.02.185-2
2023-11-28 05:25:13 status half-installed libdevmapper1.02.1:amd64 2:1.02.185-2
2023-11-28 05:25:13 status unpacked libdevmapper1.02.1:amd64 2:1.02.185-2
2023-11-28 05:25:13 install libsystemd-shared:amd64 <none> 252.17-1~deb12u1
2023-11-28 05:25:13 status half-installed libsystemd-shared:amd64 252.17-1~deb12u1
2023-11-28 05:25:13 status unpacked libsystemd-shared:amd64 252.17-1~deb12u1
2023-11-28 05:25:13 install systemd:amd64 <none> 252.17-1~deb12u1
2023-11-28 05:25:13 status half-installed systemd:amd64 252.17-1~deb12u1
2023-11-28 05:25:14 status unpacked systemd:amd64 252.17-1~deb12u1
2023-11-28 05:25:14 install systemd-resolved:amd64 <none> 252.17-1~deb12u1
2023-11-28 05:25:14 status half-installed systemd-resolved:amd64 252.17-1~deb12u1
2023-11-28 05:25:14 status unpacked systemd-resolved:amd64 252.17-1~deb12u1
2023-11-28 05:25:14 install libfdisk1:amd64 <none> 2.38.1-5+b1
2023-11-28 05:25:14 status half-installed libfdisk1:amd64 2.38.1-5+b1
2023-11-28 05:25:14 status unpacked libfdisk1:amd64 2.38.1-5+b1
2023-11-28 05:25:14 trigproc libc-bin:amd64 2.36-9+deb12u2 <none>
2023-11-28 05:25:14 status half-configured libc-bin:amd64 2.36-9+deb12u2
2023-11-28 05:25:14 status installed libc-bin:amd64 2.36-9+deb12u2
2023-11-28 05:25:14 startup packages configure
2023-11-28 05:25:14 configure libip4tc2:amd64 1.8.9-2 <none>
2023-11-28 05:25:14 status triggers-pending libc-bin:amd64 2.36-9+deb12u2
2023-11-28 05:25:14 status unpacked libip4tc2:amd64 1.8.9-2
2023-11-28 05:25:14 status half-configured libip4tc2:amd64 1.8.9-2
2023-11-28 05:25:14 status installed libip4tc2:amd64 1.8.9-2
2023-11-28 05:25:14 configure libexpat1:amd64 2.5.0-1 <none>
2023-11-28 05:25:14 status unpacked libexpat1:amd64 2.5.0-1
2023-11-28 05:25:14 status half-configured libexpat1:amd64 2.5.0-1
2023-11-28 05:25:14 status installed libexpat1:amd64 2.5.0-1
2023-11-28 05:25:14 configure libapparmor1:amd64 3.0.8-3 <none>
2023-11-28 05:25:14 status unpacked libapparmor1:amd64 3.0.8-3
2023-11-28 05:25:14 status half-configured libapparmor1:amd64 3.0.8-3
2023-11-28 05:25:14 status installed libapparmor1:amd64 3.0.8-3
2023-11-28 05:25:14 configure libargon2-1:amd64 0~20171227-0.3+deb12u1 <none>
2023-11-28 05:25:14 status unpacked libargon2-1:amd64 0~20171227-0.3+deb12u1
2023-11-28 05:25:14 status half-configured libargon2-1:amd64 0~20171227-0.3+deb12u1
2023-11-28 05:25:14 status installed libargon2-1:amd64 0~20171227-0.3+deb12u1
2023-11-28 05:25:14 configure libdbus-1-3:amd64 1.14.10-1~deb12u1 <none>
2023-11-28 05:25:14 status unpacked libdbus-1-3:amd64 1.14.10-1~deb12u1
2023-11-28 05:25:14 status half-configured libdbus-1-3:amd64 1.14.10-1~deb12u1
2023-11-28 05:25:14 status installed libdbus-1-3:amd64 1.14.10-1~deb12u1
2023-11-28 05:25:14 configure libfdisk1:amd64 2.38.1-5+b1 <none>
2023-11-28 05:25:14 status unpacked libfdisk1:amd64 2.38.1-5+b1
2023-11-28 05:25:14 status half-configured libfdisk1:amd64 2.38.1-5+b1
2023-11-28 05:25:14 status installed libfdisk1:amd64 2.38.1-5+b1
2023-11-28 05:25:14 configure dbus-session-bus-common:all 1.14.10-1~deb12u1 <none>
2023-11-28 05:25:14 status unpacked dbus-session-bus-common:all 1.14.10-1~deb12u1
2023-11-28 05:25:14 status half-configured dbus-session-bus-common:all 1.14.10-1~deb12u1
2023-11-28 05:25:14 status installed dbus-session-bus-common:all 1.14.10-1~deb12u1
2023-11-28 05:25:14 configure dbus-system-bus-common:all 1.14.10-1~deb12u1 <none>
2023-11-28 05:25:14 status unpacked dbus-system-bus-common:all 1.14.10-1~deb12u1
2023-11-28 05:25:14 status half-configured dbus-system-bus-common:all 1.14.10-1~deb12u1
2023-11-28 05:25:14 status installed dbus-system-bus-common:all 1.14.10-1~deb12u1
2023-11-28 05:25:14 configure libjson-c5:amd64 0.16-2 <none>
2023-11-28 05:25:14 status unpacked libjson-c5:amd64 0.16-2
2023-11-28 05:25:14 status half-configured libjson-c5:amd64 0.16-2
2023-11-28 05:25:14 status installed libjson-c5:amd64 0.16-2
2023-11-28 05:25:14 configure dbus-bin:amd64 1.14.10-1~deb12u1 <none>
2023-11-28 05:25:14 status unpacked dbus-bin:amd64 1.14.10-1~deb12u1
2023-11-28 05:25:14 status half-configured dbus-bin:amd64 1.14.10-1~deb12u1
2023-11-28 05:25:14 status installed dbus-bin:amd64 1.14.10-1~deb12u1
2023-11-28 05:25:14 configure libkmod2:amd64 30+20221128-1 <none>
2023-11-28 05:25:14 status unpacked libkmod2:amd64 30+20221128-1
2023-11-28 05:25:14 status half-configured libkmod2:amd64 30+20221128-1
2023-11-28 05:25:14 status installed libkmod2:amd64 30+20221128-1
2023-11-28 05:25:14 configure dbus-daemon:amd64 1.14.10-1~deb12u1 <none>
2023-11-28 05:25:14 status unpacked dbus-daemon:amd64 1.14.10-1~deb12u1
2023-11-28 05:25:14 status half-configured dbus-daemon:amd64 1.14.10-1~deb12u1
2023-11-28 05:25:14 status installed dbus-daemon:amd64 1.14.10-1~deb12u1
2023-11-28 05:25:14 configure dbus:amd64 1.14.10-1~deb12u1 <none>
2023-11-28 05:25:14 status unpacked dbus:amd64 1.14.10-1~deb12u1
2023-11-28 05:25:14 status half-configured dbus:amd64 1.14.10-1~deb12u1
2023-11-28 05:25:14 status installed dbus:amd64 1.14.10-1~deb12u1
2023-11-28 05:25:14 configure libsystemd-shared:amd64 252.17-1~deb12u1 <none>
2023-11-28 05:25:14 status unpacked libsystemd-shared:amd64 252.17-1~deb12u1
2023-11-28 05:25:14 status half-configured libsystemd-shared:amd64 252.17-1~deb12u1
2023-11-28 05:25:14 status installed libsystemd-shared:amd64 252.17-1~deb12u1
2023-11-28 05:25:14 configure libdevmapper1.02.1:amd64 2:1.02.185-2 <none>
2023-11-28 05:25:14 status unpacked libdevmapper1.02.1:amd64 2:1.02.185-2
2023-11-28 05:25:14 status half-configured libdevmapper1.02.1:amd64 2:1.02.185-2
2023-11-28 05:25:14 status installed libdevmapper1.02.1:amd64 2:1.02.185-2
2023-11-28 05:25:14 configure dmsetup:amd64 2:1.02.185-2 <none>
2023-11-28 05:25:14 status unpacked dmsetup:amd64 2:1.02.185-2
2023-11-28 05:25:14 status half-configured dmsetup:amd64 2:1.02.185-2
2023-11-28 05:25:14 status installed dmsetup:amd64 2:1.02.185-2
2023-11-28 05:25:14 configure libcryptsetup12:amd64 2:2.6.1-4~deb12u1 <none>
2023-11-28 05:25:14 status unpacked libcryptsetup12:amd64 2:2.6.1-4~deb12u1
2023-11-28 05:25:14 status half-configured libcryptsetup12:amd64 2:2.6.1-4~deb12u1
2023-11-28 05:25:14 status installed libcryptsetup12:amd64 2:2.6.1-4~deb12u1
2023-11-28 05:25:14 configure systemd:amd64 252.17-1~deb12u1 <none>
2023-11-28 05:25:14 status unpacked systemd:amd64 252.17-1~deb12u1
2023-11-28 05:25:14 status half-configured systemd:amd64 252.17-1~deb12u1
2023-11-28 05:25:14 status installed systemd:amd64 252.17-1~deb12u1
2023-11-28 05:25:14 configure systemd-resolved:amd64 252.17-1~deb12u1 <none>
2023-11-28 05:25:14 status unpacked systemd-resolved:amd64 252.17-1~deb12u1
2023-11-28 05:25:14 status half-configured systemd-resolved:amd64 252.17-1~deb12u1
2023-11-28 05:25:14 status installed systemd-resolved:amd64 252.17-1~deb12u1
2023-11-28 05:25:14 trigproc libc-bin:amd64 2.36-9+deb12u2 <none>
2023-11-28 05:25:14 status half-configured libc-bin:amd64 2.36-9+deb12u2
2023-11-28 05:25:14 status installed libc-bin:amd64 2.36-9+deb12u2
2023-11-28 05:25:19 startup archives unpack
2023-11-28 05:25:19 upgrade libc6:amd64 2.36-9+deb12u2 2.36-9+deb12u3
2023-11-28 05:25:19 status triggers-pending libc-bin:amd64 2.36-9+deb12u2
2023-11-28 05:25:19 status half-configured libc6:amd64 2.36-9+deb12u2
2023-11-28 05:25:19 status unpacked libc6:amd64 2.36-9+deb12u2
2023-11-28 05:25:19 status half-installed libc6:amd64 2.36-9+deb12u2
2023-11-28 05:25:20 status unpacked libc6:amd64 2.36-9+deb12u3
2023-11-28 05:25:20 startup packages configure
2023-11-28 05:25:20 configure libc6:amd64 2.36-9+deb12u3 <none>
2023-11-28 05:25:20 status unpacked libc6:amd64 2.36-9+deb12u3
2023-11-28 05:25:20 status half-configured libc6:amd64 2.36-9+deb12u3
2023-11-28 05:25:21 status installed libc6:amd64 2.36-9+deb12u3
2023-11-28 05:25:21 startup archives unpack
2023-11-28 05:25:21 upgrade libc-bin:amd64 2.36-9+deb12u2 2.36-9+deb12u3
2023-11-28 05:25:21 status half-configured libc-bin:amd64 2.36-9+deb12u2
2023-11-28 05:25:21 status unpacked libc-bin:amd64 2.36-9+deb12u2
2023-11-28 05:25:21 status half-installed libc-bin:amd64 2.36-9+deb12u2
2023-11-28 05:25:21 status unpacked libc-bin:amd64 2.36-9+deb12u3
2023-11-28 05:25:21 startup packages configure
2023-11-28 05:25:21 configure libc-bin:amd64 2.36-9+deb12u3 <none>
2023-11-28 05:25:21 status unpacked libc-bin:amd64 2.36-9+deb12u3
2023-11-28 05:25:21 status half-configured libc-bin:amd64 2.36-9+deb12u3
2023-11-28 05:25:21 status installed libc-bin:amd64 2.36-9+deb12u3
2023-11-28 05:25:21 startup archives unpack
2023-11-28 05:25:21 upgrade libssl3:amd64 3.0.11-1~deb12u1 3.0.11-1~deb12u2
2023-11-28 05:25:21 status triggers-pending libc-bin:amd64 2.36-9+deb12u3
2023-11-28 05:25:21 status half-configured libssl3:amd64 3.0.11-1~deb12u1
2023-11-28 05:25:21 status unpacked libssl3:amd64 3.0.11-1~deb12u1
2023-11-28 05:25:21 status half-installed libssl3:amd64 3.0.11-1~deb12u1
2023-11-28 05:25:21 status unpacked libssl3:amd64 3.0.11-1~deb12u2
2023-11-28 05:25:21 startup packages configure
2023-11-28 05:25:21 configure libssl3:amd64 3.0.11-1~deb12u2 <none>
2023-11-28 05:25:21 status unpacked libssl3:amd64 3.0.11-1~deb12u2
2023-11-28 05:25:21 status half-configured libssl3:amd64 3.0.11-1~deb12u2
2023-11-28 05:25:21 status installed libssl3:amd64 3.0.11-1~deb12u2
2023-11-28 05:25:21 trigproc libc-bin:amd64 2.36-9+deb12u3 <none>
2023-11-28 05:25:21 status half-configured libc-bin:amd64 2.36-9+deb12u3
2023-11-28 05:25:21 status installed libc-bin:amd64 2.36-9+deb12u3
2023-11-28 05:25:23 startup archives unpack
2023-11-28 05:25:23 install systemd-sysv:amd64 <none> 252.17-1~deb12u1
2023-11-28 05:25:23 status half-installed systemd-sysv:amd64 252.17-1~deb12u1
2023-11-28 05:25:23 status unpacked systemd-sysv:amd64 252.17-1~deb12u1
2023-11-28 05:25:23 startup packages configure
2023-11-28 05:25:23 configure systemd-sysv:amd64 252.17-1~deb12u1 <none>
2023-11-28 05:25:23 status unpacked systemd-sysv:amd64 252.17-1~deb12u1
2023-11-28 05:25:23 status half-configured systemd-sysv:amd64 252.17-1~deb12u1
2023-11-28 05:25:23 status installed systemd-sysv:amd64 252.17-1~deb12u1
2023-11-28 05:25:23 startup archives unpack
2023-11-28 05:25:23 install init:amd64 <none> 1.65.2
2023-11-28 05:25:23 status half-installed init:amd64 1.65.2
2023-11-28 05:25:23 status unpacked init:amd64 1.65.2
2023-11-28 05:25:23 install sudo:amd64 <none> 1.9.13p3-1+deb12u1
2023-11-28 05:25:23 status triggers-pending libc-bin:amd64 2.36-9+deb12u3
2023-11-28 05:25:23 status half-installed sudo:amd64 1.9.13p3-1+deb12u1
2023-11-28 05:25:23 status unpacked sudo:amd64 1.9.13p3-1+deb12u1
2023-11-28 05:25:23 install libelf1:amd64 <none> 0.188-2.1
2023-11-28 05:25:23 status half-installed libelf1:amd64 0.188-2.1
2023-11-28 05:25:23 status unpacked libelf1:amd64 0.188-2.1
2023-11-28 05:25:23 install libbpf1:amd64 <none> 1:1.1.0-1
2023-11-28 05:25:23 status half-installed libbpf1:amd64 1:1.1.0-1
2023-11-28 05:25:23 status unpacked libbpf1:amd64 1:1.1.0-1
2023-11-28 05:25:23 install libbsd0:amd64 <none> 0.11.7-2
2023-11-28 05:25:23 status half-installed libbsd0:amd64 0.11.7-2
2023-11-28 05:25:23 status unpacked libbsd0:amd64 0.11.7-2
2023-11-28 05:25:23 install libmnl0:amd64 <none> 1.0.4-3
2023-11-28 05:25:23 status half-installed libmnl0:amd64 1.0.4-3
2023-11-28 05:25:23 status unpacked libmnl0:amd64 1.0.4-3
2023-11-28 05:25:23 install libkrb5support0:amd64 <none> 1.20.1-2+deb12u1
2023-11-28 05:25:23 status half-installed libkrb5support0:amd64 1.20.1-2+deb12u1
2023-11-28 05:25:23 status unpacked libkrb5support0:amd64 1.20.1-2+deb12u1
2023-11-28 05:25:23 install libk5crypto3:amd64 <none> 1.20.1-2+deb12u1
2023-11-28 05:25:23 status half-installed libk5crypto3:amd64 1.20.1-2+deb12u1
2023-11-28 05:25:23 status unpacked libk5crypto3:amd64 1.20.1-2+deb12u1
2023-11-28 05:25:23 install libkeyutils1:amd64 <none> 1.6.3-2
2023-11-28 05:25:23 status half-installed libkeyutils1:amd64 1.6.3-2
2023-11-28 05:25:23 status unpacked libkeyutils1:amd64 1.6.3-2
2023-11-28 05:25:23 install libkrb5-3:amd64 <none> 1.20.1-2+deb12u1
2023-11-28 05:25:23 status half-installed libkrb5-3:amd64 1.20.1-2+deb12u1
2023-11-28 05:25:23 status unpacked libkrb5-3:amd64 1.20.1-2+deb12u1
2023-11-28 05:25:23 install libgssapi-krb5-2:amd64 <none> 1.20.1-2+deb12u1
2023-11-28 05:25:23 status half-installed libgssapi-krb5-2:amd64 1.20.1-2+deb12u1
2023-11-28 05:25:23 status unpacked libgssapi-krb5-2:amd64 1.20.1-2+deb12u1
2023-11-28 05:25:23 install libtirpc-common:all <none> 1.3.3+ds-1
2023-11-28 05:25:23 status half-installed libtirpc-common:all 1.3.3+ds-1
2023-11-28 05:25:23 status unpacked libtirpc-common:all 1.3.3+ds-1
2023-11-28 05:25:23 install libtirpc3:amd64 <none> 1.3.3+ds-1
2023-11-28 05:25:23 status half-installed libtirpc3:amd64 1.3.3+ds-1
2023-11-28 05:25:23 status unpacked libtirpc3:amd64 1.3.3+ds-1
2023-11-28 05:25:23 install libxtables12:amd64 <none> 1.8.9-2
2023-11-28 05:25:23 status half-installed libxtables12:amd64 1.8.9-2
2023-11-28 05:25:23 status unpacked libxtables12:amd64 1.8.9-2
2023-11-28 05:25:23 install libcap2-bin:amd64 <none> 1:2.66-4
2023-11-28 05:25:23 status half-installed libcap2-bin:amd64 1:2.66-4
2023-11-28 05:25:23 status unpacked libcap2-bin:amd64 1:2.66-4
2023-11-28 05:25:23 install iproute2:amd64 <none> 6.1.0-3
2023-11-28 05:25:23 status half-installed iproute2:amd64 6.1.0-3
2023-11-28 05:25:24 status unpacked iproute2:amd64 6.1.0-3
2023-11-28 05:25:24 install iputils-ping:amd64 <none> 3:20221126-1
2023-11-28 05:25:24 status half-installed iputils-ping:amd64 3:20221126-1
2023-11-28 05:25:24 status unpacked iputils-ping:amd64 3:20221126-1
2023-11-28 05:25:24 install isc-dhcp-client:amd64 <none> 4.4.3-P1-2
2023-11-28 05:25:24 status half-installed isc-dhcp-client:amd64 4.4.3-P1-2
2023-11-28 05:25:24 status unpacked isc-dhcp-client:amd64 4.4.3-P1-2
2023-11-28 05:25:24 install isc-dhcp-common:amd64 <none> 4.4.3-P1-2
2023-11-28 05:25:24 status half-installed isc-dhcp-common:amd64 4.4.3-P1-2
2023-11-28 05:25:24 status unpacked isc-dhcp-common:amd64 4.4.3-P1-2
2023-11-28 05:25:24 install netbase:all <none> 6.4
2023-11-28 05:25:24 status half-installed netbase:all 6.4
2023-11-28 05:25:24 status unpacked netbase:all 6.4
2023-11-28 05:25:24 install libncursesw6:amd64 <none> 6.4-4
2023-11-28 05:25:24 status half-installed libncursesw6:amd64 6.4-4
2023-11-28 05:25:24 status unpacked libncursesw6:amd64 6.4-4
2023-11-28 05:25:24 install libproc2-0:amd64 <none> 2:4.0.2-3
2023-11-28 05:25:24 status half-installed libproc2-0:amd64 2:4.0.2-3
2023-11-28 05:25:24 status unpacked libproc2-0:amd64 2:4.0.2-3
2023-11-28 05:25:24 install procps:amd64 <none> 2:4.0.2-3
2023-11-28 05:25:24 status half-installed procps:amd64 2:4.0.2-3
2023-11-28 05:25:24 status unpacked procps:amd64 2:4.0.2-3
2023-11-28 05:25:24 install udev:amd64 <none> 252.17-1~deb12u1
2023-11-28 05:25:24 status half-installed udev:amd64 252.17-1~deb12u1
2023-11-28 05:25:24 status unpacked udev:amd64 252.17-1~deb12u1
2023-11-28 05:25:24 install vim-common:all <none> 2:9.0.1378-2
2023-11-28 05:25:24 status half-installed vim-common:all 2:9.0.1378-2
2023-11-28 05:25:24 status unpacked vim-common:all 2:9.0.1378-2
2023-11-28 05:25:24 install krb5-locales:all <none> 1.20.1-2+deb12u1
2023-11-28 05:25:24 status half-installed krb5-locales:all 1.20.1-2+deb12u1
2023-11-28 05:25:24 status unpacked krb5-locales:all 1.20.1-2+deb12u1
2023-11-28 05:25:24 install libc-l10n:all <none> 2.36-9+deb12u3
2023-11-28 05:25:24 status half-installed libc-l10n:all 2.36-9+deb12u3
2023-11-28 05:25:24 status unpacked libc-l10n:all 2.36-9+deb12u3
2023-11-28 05:25:24 install libnss-systemd:amd64 <none> 252.17-1~deb12u1
2023-11-28 05:25:24 status half-installed libnss-systemd:amd64 252.17-1~deb12u1
2023-11-28 05:25:24 status unpacked libnss-systemd:amd64 252.17-1~deb12u1
2023-11-28 05:25:24 install libpam-systemd:amd64 <none> 252.17-1~deb12u1
2023-11-28 05:25:24 status half-installed libpam-systemd:amd64 252.17-1~deb12u1
2023-11-28 05:25:24 status unpacked libpam-systemd:amd64 252.17-1~deb12u1
2023-11-28 05:25:24 install locales:all <none> 2.36-9+deb12u3
2023-11-28 05:25:24 status half-installed locales:all 2.36-9+deb12u3
2023-11-28 05:25:25 status unpacked locales:all 2.36-9+deb12u3
2023-11-28 05:25:25 install libedit2:amd64 <none> 3.1-20221030-2
2023-11-28 05:25:25 status half-installed libedit2:amd64 3.1-20221030-2
2023-11-28 05:25:25 status unpacked libedit2:amd64 3.1-20221030-2
2023-11-28 05:25:25 install libcbor0.8:amd64 <none> 0.8.0-2+b1
2023-11-28 05:25:25 status half-installed libcbor0.8:amd64 0.8.0-2+b1
2023-11-28 05:25:25 status unpacked libcbor0.8:amd64 0.8.0-2+b1
2023-11-28 05:25:25 install libfido2-1:amd64 <none> 1.12.0-2+b1
2023-11-28 05:25:25 status half-installed libfido2-1:amd64 1.12.0-2+b1
2023-11-28 05:25:25 status unpacked libfido2-1:amd64 1.12.0-2+b1
2023-11-28 05:25:25 install openssh-client:amd64 <none> 1:9.2p1-2+deb12u1
2023-11-28 05:25:25 status half-installed openssh-client:amd64 1:9.2p1-2+deb12u1
2023-11-28 05:25:25 status unpacked openssh-client:amd64 1:9.2p1-2+deb12u1
2023-11-28 05:25:25 install dbus-user-session:amd64 <none> 1.14.10-1~deb12u1
2023-11-28 05:25:25 status half-installed dbus-user-session:amd64 1.14.10-1~deb12u1
2023-11-28 05:25:25 status unpacked dbus-user-session:amd64 1.14.10-1~deb12u1
2023-11-28 05:25:25 install dialog:amd64 <none> 1.3-20230209-1
2023-11-28 05:25:25 status half-installed dialog:amd64 1.3-20230209-1
2023-11-28 05:25:25 status unpacked dialog:amd64 1.3-20230209-1
2023-11-28 05:25:25 install libatm1:amd64 <none> 1:2.5.1-4+b2
2023-11-28 05:25:25 status half-installed libatm1:amd64 1:2.5.1-4+b2
2023-11-28 05:25:25 status unpacked libatm1:amd64 1:2.5.1-4+b2
2023-11-28 05:25:25 install libgpm2:amd64 <none> 1.20.7-10+b1
2023-11-28 05:25:25 status half-installed libgpm2:amd64 1.20.7-10+b1
2023-11-28 05:25:25 status unpacked libgpm2:amd64 1.20.7-10+b1
2023-11-28 05:25:25 install libpam-cap:amd64 <none> 1:2.66-4
2023-11-28 05:25:25 status half-installed libpam-cap:amd64 1:2.66-4
2023-11-28 05:25:25 status unpacked libpam-cap:amd64 1:2.66-4
2023-11-28 05:25:25 install libsodium23:amd64 <none> 1.0.18-1
2023-11-28 05:25:25 status half-installed libsodium23:amd64 1.0.18-1
2023-11-28 05:25:25 status unpacked libsodium23:amd64 1.0.18-1
2023-11-28 05:25:25 install libxau6:amd64 <none> 1:1.0.9-1
2023-11-28 05:25:25 status half-installed libxau6:amd64 1:1.0.9-1
2023-11-28 05:25:25 status unpacked libxau6:amd64 1:1.0.9-1
2023-11-28 05:25:25 install libxdmcp6:amd64 <none> 1:1.1.2-3
2023-11-28 05:25:25 status half-installed libxdmcp6:amd64 1:1.1.2-3
2023-11-28 05:25:25 status unpacked libxdmcp6:amd64 1:1.1.2-3
2023-11-28 05:25:25 install libxcb1:amd64 <none> 1.15-1
2023-11-28 05:25:25 status half-installed libxcb1:amd64 1.15-1
2023-11-28 05:25:25 status unpacked libxcb1:amd64 1.15-1
2023-11-28 05:25:25 install libx11-data:all <none> 2:1.8.4-2+deb12u2
2023-11-28 05:25:25 status half-installed libx11-data:all 2:1.8.4-2+deb12u2
2023-11-28 05:25:26 status unpacked libx11-data:all 2:1.8.4-2+deb12u2
2023-11-28 05:25:26 install libx11-6:amd64 <none> 2:1.8.4-2+deb12u2
2023-11-28 05:25:26 status half-installed libx11-6:amd64 2:1.8.4-2+deb12u2
2023-11-28 05:25:26 status unpacked libx11-6:amd64 2:1.8.4-2+deb12u2
2023-11-28 05:25:26 install libxext6:amd64 <none> 2:1.3.4-1+b1
2023-11-28 05:25:26 status half-installed libxext6:amd64 2:1.3.4-1+b1
2023-11-28 05:25:26 status unpacked libxext6:amd64 2:1.3.4-1+b1
2023-11-28 05:25:26 install libxmuu1:amd64 <none> 2:1.1.3-3
2023-11-28 05:25:26 status half-installed libxmuu1:amd64 2:1.1.3-3
2023-11-28 05:25:26 status unpacked libxmuu1:amd64 2:1.1.3-3
2023-11-28 05:25:26 install net-tools:amd64 <none> 2.10-0.1
2023-11-28 05:25:26 status half-installed net-tools:amd64 2.10-0.1
2023-11-28 05:25:26 status unpacked net-tools:amd64 2.10-0.1
2023-11-28 05:25:26 install psmisc:amd64 <none> 23.6-1
2023-11-28 05:25:26 status half-installed psmisc:amd64 23.6-1
2023-11-28 05:25:26 status unpacked psmisc:amd64 23.6-1
2023-11-28 05:25:26 install vim-runtime:all <none> 2:9.0.1378-2
2023-11-28 05:25:26 status half-installed vim-runtime:all 2:9.0.1378-2
2023-11-28 05:25:27 status unpacked vim-runtime:all 2:9.0.1378-2
2023-11-28 05:25:27 install vim:amd64 <none> 2:9.0.1378-2
2023-11-28 05:25:27 status half-installed vim:amd64 2:9.0.1378-2
2023-11-28 05:25:27 status unpacked vim:amd64 2:9.0.1378-2
2023-11-28 05:25:27 install xauth:amd64 <none> 1:1.1.2-1
2023-11-28 05:25:27 status half-installed xauth:amd64 1:1.1.2-1
2023-11-28 05:25:27 status unpacked xauth:amd64 1:1.1.2-1
2023-11-28 05:25:27 install xxd:amd64 <none> 2:9.0.1378-2
2023-11-28 05:25:27 status half-installed xxd:amd64 2:9.0.1378-2
2023-11-28 05:25:27 status unpacked xxd:amd64 2:9.0.1378-2
2023-11-28 05:25:27 startup packages configure
2023-11-28 05:25:27 configure libxau6:amd64 1:1.0.9-1 <none>
2023-11-28 05:25:27 status unpacked libxau6:amd64 1:1.0.9-1
2023-11-28 05:25:27 status half-configured libxau6:amd64 1:1.0.9-1
2023-11-28 05:25:27 status installed libxau6:amd64 1:1.0.9-1
2023-11-28 05:25:27 configure net-tools:amd64 2.10-0.1 <none>
2023-11-28 05:25:27 status unpacked net-tools:amd64 2.10-0.1
2023-11-28 05:25:27 status half-configured net-tools:amd64 2.10-0.1
2023-11-28 05:25:27 status installed net-tools:amd64 2.10-0.1
2023-11-28 05:25:27 configure libkeyutils1:amd64 1.6.3-2 <none>
2023-11-28 05:25:27 status unpacked libkeyutils1:amd64 1.6.3-2
2023-11-28 05:25:27 status half-configured libkeyutils1:amd64 1.6.3-2
2023-11-28 05:25:27 status installed libkeyutils1:amd64 1.6.3-2
2023-11-28 05:25:27 configure libc-l10n:all 2.36-9+deb12u3 <none>
2023-11-28 05:25:27 status unpacked libc-l10n:all 2.36-9+deb12u3
2023-11-28 05:25:27 status half-configured libc-l10n:all 2.36-9+deb12u3
2023-11-28 05:25:27 status installed libc-l10n:all 2.36-9+deb12u3
2023-11-28 05:25:27 configure libsodium23:amd64 1.0.18-1 <none>
2023-11-28 05:25:27 status unpacked libsodium23:amd64 1.0.18-1
2023-11-28 05:25:27 status half-configured libsodium23:amd64 1.0.18-1
2023-11-28 05:25:27 status installed libsodium23:amd64 1.0.18-1
2023-11-28 05:25:27 configure libgpm2:amd64 1.20.7-10+b1 <none>
2023-11-28 05:25:27 status unpacked libgpm2:amd64 1.20.7-10+b1
2023-11-28 05:25:27 status half-configured libgpm2:amd64 1.20.7-10+b1
2023-11-28 05:25:27 status installed libgpm2:amd64 1.20.7-10+b1
2023-11-28 05:25:27 configure init:amd64 1.65.2 <none>
2023-11-28 05:25:27 status unpacked init:amd64 1.65.2
2023-11-28 05:25:27 status half-configured init:amd64 1.65.2
2023-11-28 05:25:27 status installed init:amd64 1.65.2
2023-11-28 05:25:27 configure psmisc:amd64 23.6-1 <none>
2023-11-28 05:25:27 status unpacked psmisc:amd64 23.6-1
2023-11-28 05:25:27 status half-configured psmisc:amd64 23.6-1
2023-11-28 05:25:27 status installed psmisc:amd64 23.6-1
2023-11-28 05:25:27 configure libtirpc-common:all 1.3.3+ds-1 <none>
2023-11-28 05:25:27 status unpacked libtirpc-common:all 1.3.3+ds-1
2023-11-28 05:25:27 status half-configured libtirpc-common:all 1.3.3+ds-1
2023-11-28 05:25:27 status installed libtirpc-common:all 1.3.3+ds-1
2023-11-28 05:25:27 configure libcbor0.8:amd64 0.8.0-2+b1 <none>
2023-11-28 05:25:27 status unpacked libcbor0.8:amd64 0.8.0-2+b1
2023-11-28 05:25:27 status half-configured libcbor0.8:amd64 0.8.0-2+b1
2023-11-28 05:25:27 status installed libcbor0.8:amd64 0.8.0-2+b1
2023-11-28 05:25:27 configure libnss-systemd:amd64 252.17-1~deb12u1 <none>
2023-11-28 05:25:27 status unpacked libnss-systemd:amd64 252.17-1~deb12u1
2023-11-28 05:25:27 status half-configured libnss-systemd:amd64 252.17-1~deb12u1
2023-11-28 05:25:27 status installed libnss-systemd:amd64 252.17-1~deb12u1
2023-11-28 05:25:27 configure krb5-locales:all 1.20.1-2+deb12u1 <none>
2023-11-28 05:25:27 status unpacked krb5-locales:all 1.20.1-2+deb12u1
2023-11-28 05:25:27 status half-configured krb5-locales:all 1.20.1-2+deb12u1
2023-11-28 05:25:27 status installed krb5-locales:all 1.20.1-2+deb12u1
2023-11-28 05:25:27 configure libatm1:amd64 1:2.5.1-4+b2 <none>
2023-11-28 05:25:27 status unpacked libatm1:amd64 1:2.5.1-4+b2
2023-11-28 05:25:27 status half-configured libatm1:amd64 1:2.5.1-4+b2
2023-11-28 05:25:27 status installed libatm1:amd64 1:2.5.1-4+b2
2023-11-28 05:25:27 configure locales:all 2.36-9+deb12u3 <none>
2023-11-28 05:25:27 status unpacked locales:all 2.36-9+deb12u3
2023-11-28 05:25:27 status half-configured locales:all 2.36-9+deb12u3
2023-11-28 05:25:28 status installed locales:all 2.36-9+deb12u3
2023-11-28 05:25:28 configure xxd:amd64 2:9.0.1378-2 <none>
2023-11-28 05:25:28 status unpacked xxd:amd64 2:9.0.1378-2
2023-11-28 05:25:28 status half-configured xxd:amd64 2:9.0.1378-2
2023-11-28 05:25:28 status installed xxd:amd64 2:9.0.1378-2
2023-11-28 05:25:28 configure libkrb5support0:amd64 1.20.1-2+deb12u1 <none>
2023-11-28 05:25:28 status unpacked libkrb5support0:amd64 1.20.1-2+deb12u1
2023-11-28 05:25:28 status half-configured libkrb5support0:amd64 1.20.1-2+deb12u1
2023-11-28 05:25:28 status installed libkrb5support0:amd64 1.20.1-2+deb12u1
2023-11-28 05:25:28 configure libcap2-bin:amd64 1:2.66-4 <none>
2023-11-28 05:25:28 status unpacked libcap2-bin:amd64 1:2.66-4
2023-11-28 05:25:28 status half-configured libcap2-bin:amd64 1:2.66-4
2023-11-28 05:25:28 status installed libcap2-bin:amd64 1:2.66-4
2023-11-28 05:25:28 configure vim-common:all 2:9.0.1378-2 <none>
2023-11-28 05:25:28 status unpacked vim-common:all 2:9.0.1378-2
2023-11-28 05:25:28 status half-configured vim-common:all 2:9.0.1378-2
2023-11-28 05:25:28 status installed vim-common:all 2:9.0.1378-2
2023-11-28 05:25:28 configure libx11-data:all 2:1.8.4-2+deb12u2 <none>
2023-11-28 05:25:28 status unpacked libx11-data:all 2:1.8.4-2+deb12u2
2023-11-28 05:25:28 status half-configured libx11-data:all 2:1.8.4-2+deb12u2
2023-11-28 05:25:28 status installed libx11-data:all 2:1.8.4-2+deb12u2
2023-11-28 05:25:28 configure libproc2-0:amd64 2:4.0.2-3 <none>
2023-11-28 05:25:28 status unpacked libproc2-0:amd64 2:4.0.2-3
2023-11-28 05:25:28 status half-configured libproc2-0:amd64 2:4.0.2-3
2023-11-28 05:25:28 status installed libproc2-0:amd64 2:4.0.2-3
2023-11-28 05:25:28 configure libmnl0:amd64 1.0.4-3 <none>
2023-11-28 05:25:28 status unpacked libmnl0:amd64 1.0.4-3
2023-11-28 05:25:28 status half-configured libmnl0:amd64 1.0.4-3
2023-11-28 05:25:28 status installed libmnl0:amd64 1.0.4-3
2023-11-28 05:25:28 configure udev:amd64 252.17-1~deb12u1 <none>
2023-11-28 05:25:28 status unpacked udev:amd64 252.17-1~deb12u1
2023-11-28 05:25:28 status half-configured udev:amd64 252.17-1~deb12u1
2023-11-28 05:25:29 status installed udev:amd64 252.17-1~deb12u1
2023-11-28 05:25:29 configure sudo:amd64 1.9.13p3-1+deb12u1 <none>
2023-11-28 05:25:29 status unpacked sudo:amd64 1.9.13p3-1+deb12u1
2023-11-28 05:25:29 status half-configured sudo:amd64 1.9.13p3-1+deb12u1
2023-11-28 05:25:29 status installed sudo:amd64 1.9.13p3-1+deb12u1
2023-11-28 05:25:29 configure libncursesw6:amd64 6.4-4 <none>
2023-11-28 05:25:29 status unpacked libncursesw6:amd64 6.4-4
2023-11-28 05:25:29 status half-configured libncursesw6:amd64 6.4-4
2023-11-28 05:25:29 status installed libncursesw6:amd64 6.4-4
2023-11-28 05:25:29 configure libk5crypto3:amd64 1.20.1-2+deb12u1 <none>
2023-11-28 05:25:29 status unpacked libk5crypto3:amd64 1.20.1-2+deb12u1
2023-11-28 05:25:29 status half-configured libk5crypto3:amd64 1.20.1-2+deb12u1
2023-11-28 05:25:29 status installed libk5crypto3:amd64 1.20.1-2+deb12u1
2023-11-28 05:25:29 configure libxtables12:amd64 1.8.9-2 <none>
2023-11-28 05:25:29 status unpacked libxtables12:amd64 1.8.9-2
2023-11-28 05:25:29 status half-configured libxtables12:amd64 1.8.9-2
2023-11-28 05:25:29 status installed libxtables12:amd64 1.8.9-2
2023-11-28 05:25:29 configure procps:amd64 2:4.0.2-3 <none>
2023-11-28 05:25:29 status unpacked procps:amd64 2:4.0.2-3
2023-11-28 05:25:29 status half-configured procps:amd64 2:4.0.2-3
2023-11-28 05:25:29 status installed procps:amd64 2:4.0.2-3
2023-11-28 05:25:29 configure libpam-systemd:amd64 252.17-1~deb12u1 <none>
2023-11-28 05:25:29 status unpacked libpam-systemd:amd64 252.17-1~deb12u1
2023-11-28 05:25:29 status half-configured libpam-systemd:amd64 252.17-1~deb12u1
2023-11-28 05:25:29 status installed libpam-systemd:amd64 252.17-1~deb12u1
2023-11-28 05:25:29 configure netbase:all 6.4 <none>
2023-11-28 05:25:29 status unpacked netbase:all 6.4
2023-11-28 05:25:29 status half-configured netbase:all 6.4
2023-11-28 05:25:29 status installed netbase:all 6.4
2023-11-28 05:25:29 configure isc-dhcp-common:amd64 4.4.3-P1-2 <none>
2023-11-28 05:25:29 status unpacked isc-dhcp-common:amd64 4.4.3-P1-2
2023-11-28 05:25:29 status half-configured isc-dhcp-common:amd64 4.4.3-P1-2
2023-11-28 05:25:29 status installed isc-dhcp-common:amd64 4.4.3-P1-2
2023-11-28 05:25:29 configure libkrb5-3:amd64 1.20.1-2+deb12u1 <none>
2023-11-28 05:25:29 status unpacked libkrb5-3:amd64 1.20.1-2+deb12u1
2023-11-28 05:25:29 status half-configured libkrb5-3:amd64 1.20.1-2+deb12u1
2023-11-28 05:25:29 status installed libkrb5-3:amd64 1.20.1-2+deb12u1
2023-11-28 05:25:29 configure vim-runtime:all 2:9.0.1378-2 <none>
2023-11-28 05:25:29 status unpacked vim-runtime:all 2:9.0.1378-2
2023-11-28 05:25:29 status half-configured vim-runtime:all 2:9.0.1378-2
2023-11-28 05:25:29 status installed vim-runtime:all 2:9.0.1378-2
2023-11-28 05:25:29 configure libfido2-1:amd64 1.12.0-2+b1 <none>
2023-11-28 05:25:29 status unpacked libfido2-1:amd64 1.12.0-2+b1
2023-11-28 05:25:29 status half-configured libfido2-1:amd64 1.12.0-2+b1
2023-11-28 05:25:29 status installed libfido2-1:amd64 1.12.0-2+b1
2023-11-28 05:25:29 configure libbsd0:amd64 0.11.7-2 <none>
2023-11-28 05:25:29 status unpacked libbsd0:amd64 0.11.7-2
2023-11-28 05:25:29 status half-configured libbsd0:amd64 0.11.7-2
2023-11-28 05:25:29 status installed libbsd0:amd64 0.11.7-2
2023-11-28 05:25:29 configure libelf1:amd64 0.188-2.1 <none>
2023-11-28 05:25:29 status unpacked libelf1:amd64 0.188-2.1
2023-11-28 05:25:29 status half-configured libelf1:amd64 0.188-2.1
2023-11-28 05:25:29 status installed libelf1:amd64 0.188-2.1
2023-11-28 05:25:29 configure libpam-cap:amd64 1:2.66-4 <none>
2023-11-28 05:25:29 status unpacked libpam-cap:amd64 1:2.66-4
2023-11-28 05:25:29 status half-configured libpam-cap:amd64 1:2.66-4
2023-11-28 05:25:29 status installed libpam-cap:amd64 1:2.66-4
2023-11-28 05:25:29 configure iputils-ping:amd64 3:20221126-1 <none>
2023-11-28 05:25:29 status unpacked iputils-ping:amd64 3:20221126-1
2023-11-28 05:25:29 status half-configured iputils-ping:amd64 3:20221126-1
2023-11-28 05:25:29 status installed iputils-ping:amd64 3:20221126-1
2023-11-28 05:25:29 configure libbpf1:amd64 1:1.1.0-1 <none>
2023-11-28 05:25:29 status unpacked libbpf1:amd64 1:1.1.0-1
2023-11-28 05:25:29 status half-configured libbpf1:amd64 1:1.1.0-1
2023-11-28 05:25:29 status installed libbpf1:amd64 1:1.1.0-1
2023-11-28 05:25:29 configure libxdmcp6:amd64 1:1.1.2-3 <none>
2023-11-28 05:25:29 status unpacked libxdmcp6:amd64 1:1.1.2-3
2023-11-28 05:25:29 status half-configured libxdmcp6:amd64 1:1.1.2-3
2023-11-28 05:25:29 status installed libxdmcp6:amd64 1:1.1.2-3
2023-11-28 05:25:29 configure libxcb1:amd64 1.15-1 <none>
2023-11-28 05:25:29 status unpacked libxcb1:amd64 1.15-1
2023-11-28 05:25:29 status half-configured libxcb1:amd64 1.15-1
2023-11-28 05:25:29 status installed libxcb1:amd64 1.15-1
2023-11-28 05:25:29 configure vim:amd64 2:9.0.1378-2 <none>
2023-11-28 05:25:29 status unpacked vim:amd64 2:9.0.1378-2
2023-11-28 05:25:29 status half-configured vim:amd64 2:9.0.1378-2
2023-11-28 05:25:29 status installed vim:amd64 2:9.0.1378-2
2023-11-28 05:25:29 configure libedit2:amd64 3.1-20221030-2 <none>
2023-11-28 05:25:29 status unpacked libedit2:amd64 3.1-20221030-2
2023-11-28 05:25:29 status half-configured libedit2:amd64 3.1-20221030-2
2023-11-28 05:25:29 status installed libedit2:amd64 3.1-20221030-2
2023-11-28 05:25:29 configure dbus-user-session:amd64 1.14.10-1~deb12u1 <none>
2023-11-28 05:25:29 status unpacked dbus-user-session:amd64 1.14.10-1~deb12u1
2023-11-28 05:25:29 status half-configured dbus-user-session:amd64 1.14.10-1~deb12u1
2023-11-28 05:25:29 status installed dbus-user-session:amd64 1.14.10-1~deb12u1
2023-11-28 05:25:29 configure dialog:amd64 1.3-20230209-1 <none>
2023-11-28 05:25:29 status unpacked dialog:amd64 1.3-20230209-1
2023-11-28 05:25:29 status half-configured dialog:amd64 1.3-20230209-1
2023-11-28 05:25:29 status installed dialog:amd64 1.3-20230209-1
2023-11-28 05:25:29 configure libgssapi-krb5-2:amd64 1.20.1-2+deb12u1 <none>
2023-11-28 05:25:29 status unpacked libgssapi-krb5-2:amd64 1.20.1-2+deb12u1
2023-11-28 05:25:29 status half-configured libgssapi-krb5-2:amd64 1.20.1-2+deb12u1
2023-11-28 05:25:29 status installed libgssapi-krb5-2:amd64 1.20.1-2+deb12u1
2023-11-28 05:25:29 configure libx11-6:amd64 2:1.8.4-2+deb12u2 <none>
2023-11-28 05:25:29 status unpacked libx11-6:amd64 2:1.8.4-2+deb12u2
2023-11-28 05:25:29 status half-configured libx11-6:amd64 2:1.8.4-2+deb12u2
2023-11-28 05:25:29 status installed libx11-6:amd64 2:1.8.4-2+deb12u2
2023-11-28 05:25:29 configure libxmuu1:amd64 2:1.1.3-3 <none>
2023-11-28 05:25:29 status unpacked libxmuu1:amd64 2:1.1.3-3
2023-11-28 05:25:29 status half-configured libxmuu1:amd64 2:1.1.3-3
2023-11-28 05:25:29 status installed libxmuu1:amd64 2:1.1.3-3
2023-11-28 05:25:29 configure libtirpc3:amd64 1.3.3+ds-1 <none>
2023-11-28 05:25:29 status unpacked libtirpc3:amd64 1.3.3+ds-1
2023-11-28 05:25:29 status half-configured libtirpc3:amd64 1.3.3+ds-1
2023-11-28 05:25:29 status installed libtirpc3:amd64 1.3.3+ds-1
2023-11-28 05:25:29 configure iproute2:amd64 6.1.0-3 <none>
2023-11-28 05:25:29 status unpacked iproute2:amd64 6.1.0-3
2023-11-28 05:25:29 status half-configured iproute2:amd64 6.1.0-3
2023-11-28 05:25:29 status installed iproute2:amd64 6.1.0-3
2023-11-28 05:25:29 configure openssh-client:amd64 1:9.2p1-2+deb12u1 <none>
2023-11-28 05:25:29 status unpacked openssh-client:amd64 1:9.2p1-2+deb12u1
2023-11-28 05:25:29 status half-configured openssh-client:amd64 1:9.2p1-2+deb12u1
2023-11-28 05:25:30 status installed openssh-client:amd64 1:9.2p1-2+deb12u1
2023-11-28 05:25:30 configure libxext6:amd64 2:1.3.4-1+b1 <none>
2023-11-28 05:25:30 status unpacked libxext6:amd64 2:1.3.4-1+b1
2023-11-28 05:25:30 status half-configured libxext6:amd64 2:1.3.4-1+b1
2023-11-28 05:25:30 status installed libxext6:amd64 2:1.3.4-1+b1
2023-11-28 05:25:30 configure isc-dhcp-client:amd64 4.4.3-P1-2 <none>
2023-11-28 05:25:30 status unpacked isc-dhcp-client:amd64 4.4.3-P1-2
2023-11-28 05:25:30 status half-configured isc-dhcp-client:amd64 4.4.3-P1-2
2023-11-28 05:25:30 status installed isc-dhcp-client:amd64 4.4.3-P1-2
2023-11-28 05:25:30 configure xauth:amd64 1:1.1.2-1 <none>
2023-11-28 05:25:30 status unpacked xauth:amd64 1:1.1.2-1
2023-11-28 05:25:30 status half-configured xauth:amd64 1:1.1.2-1
2023-11-28 05:25:30 status installed xauth:amd64 1:1.1.2-1
2023-11-28 05:25:30 trigproc libc-bin:amd64 2.36-9+deb12u3 <none>
2023-11-28 05:25:30 status half-configured libc-bin:amd64 2.36-9+deb12u3
2023-11-28 05:25:30 status installed libc-bin:amd64 2.36-9+deb12u3
